#
# There is insufficient memory for the Java Runtime Environment to continue.
# Native memory allocation (malloc) failed to allocate 157808 bytes for Chunk::new
# Possible reasons:
#   The system is out of physical RAM or swap space
#   The process is running with CompressedOops enabled, and the Java Heap may be blocking the growth of the native heap
# Possible solutions:
#   Reduce memory load on the system
#   Increase physical memory or swap space
#   Check if swap backing store is full
#   Decrease Java heap size (-Xmx/-Xms)
#   Decrease number of Java threads
#   Decrease Java thread stack sizes (-Xss)
#   Set larger code cache with -XX:ReservedCodeCacheSize=
#   JVM is running with Unscaled Compressed Oops mode in which the Java heap is
#     placed in the first 4GB address space. The Java Heap base address is the
#     maximum limit for the native heap growth. Please use -XX:HeapBaseMinAddress
#     to set the Java Heap base and to place the Java Heap above 4GB virtual address.
# This output file may be truncated or incomplete.
#
#  Out of Memory Error (arena.cpp:184), pid=2168, tid=10960
#
# JRE version: Java(TM) SE Runtime Environment (18.0.2.1+1) (build 18.0.2.1+1-1)
# Java VM: Java HotSpot(TM) 64-Bit Server VM (18.0.2.1+1-1, mixed mode, sharing, tiered, compressed oops, compressed class ptrs, g1 gc, windows-amd64)
# No core dump will be written. Minidumps are not enabled by default on client versions of Windows
#

---------------  S U M M A R Y ------------

Command Line: -XX:MaxMetaspaceSize=512m --add-opens=java.base/java.util=ALL-UNNAMED --add-opens=java.base/java.lang=ALL-UNNAMED --add-opens=java.base/java.lang.invoke=ALL-UNNAMED --add-opens=java.prefs/java.util.prefs=ALL-UNNAMED --add-opens=java.base/java.nio.charset=ALL-UNNAMED --add-opens=java.base/java.net=ALL-UNNAMED --add-opens=java.base/java.util.concurrent.atomic=ALL-UNNAMED -Xmx2048m -Dfile.encoding=UTF-8 -Duser.country=GB -Duser.language=en -Duser.variant org.gradle.launcher.daemon.bootstrap.GradleDaemon 8.0.1

Host: Intel(R) Core(TM) i5-6300U CPU @ 2.40GHz, 4 cores, 7G,  Windows 10 , 64 bit Build 19041 (10.0.19041.3636)
Time: Tue Apr 30 14:49:09 2024 India Standard Time elapsed time: 11.516120 seconds (0d 0h 0m 11s)

---------------  T H R E A D  ---------------

Current thread (0x00000151c7effbd0):  JavaThread "C2 CompilerThread0" daemon [_thread_in_native, id=10960, stack(0x000000164bf00000,0x000000164c000000)]


Current CompileTask:
C2:  11516 2827   !   4       java.net.URL::<init> (543 bytes)

Stack: [0x000000164bf00000,0x000000164c000000]
Native frames: (J=compiled Java code, j=interpreted, Vv=VM code, C=native code)
V  [jvm.dll+0x6993aa]
V  [jvm.dll+0x7f46dd]
V  [jvm.dll+0x7f5fee]
V  [jvm.dll+0x7f66a3]
V  [jvm.dll+0x25cf1f]
V  [jvm.dll+0xb8c2f]
V  [jvm.dll+0xb8fa5]
V  [jvm.dll+0x1327ef]
V  [jvm.dll+0x626df2]
V  [jvm.dll+0x62b45f]
V  [jvm.dll+0x22ff78]
V  [jvm.dll+0x22f4d1]
V  [jvm.dll+0x1ba01c]
V  [jvm.dll+0x23ee0a]
V  [jvm.dll+0x23d0f5]
V  [jvm.dll+0x7a6dd1]
V  [jvm.dll+0x7a120a]
V  [jvm.dll+0x698255]
C  [ucrtbase.dll+0x21bb2]
C  [KERNEL32.DLL+0x17344]
C  [ntdll.dll+0x526b1]


---------------  P R O C E S S  ---------------

Threads class SMR info:
_java_thread_list=0x00000151cc229600, length=28, elements={
0x00000151aa51bb70, 0x00000151c7eb5670, 0x00000151c7eb8330, 0x00000151c7ecd330,
0x00000151c7eced50, 0x00000151c7ed3610, 0x00000151c7ed6010, 0x00000151c7effbd0,
0x00000151c7f0b9e0, 0x00000151c7f20a20, 0x00000151cc1bf1e0, 0x00000151cc1cad10,
0x00000151cd7b0f40, 0x00000151c7f64920, 0x00000151cc391490, 0x00000151ccdce930,
0x00000151ccd49970, 0x00000151ccdf80d0, 0x00000151ccb0b810, 0x00000151ccb0d020,
0x00000151ccb0c1b0, 0x00000151ccb0d4f0, 0x00000151ccb0d9c0, 0x00000151ccb0e830,
0x00000151ccb0c680, 0x00000151ccb0b340, 0x00000151ccb0ae70, 0x00000151ccb0de90
}

Java Threads: ( => current thread )
  0x00000151aa51bb70 JavaThread "main" [_thread_blocked, id=18376, stack(0x000000164b200000,0x000000164b300000)]
  0x00000151c7eb5670 JavaThread "Reference Handler" daemon [_thread_blocked, id=628, stack(0x000000164b900000,0x000000164ba00000)]
  0x00000151c7eb8330 JavaThread "Finalizer" daemon [_thread_blocked, id=12868, stack(0x000000164ba00000,0x000000164bb00000)]
  0x00000151c7ecd330 JavaThread "Signal Dispatcher" daemon [_thread_blocked, id=12196, stack(0x000000164bb00000,0x000000164bc00000)]
  0x00000151c7eced50 JavaThread "Attach Listener" daemon [_thread_blocked, id=15248, stack(0x000000164bc00000,0x000000164bd00000)]
  0x00000151c7ed3610 JavaThread "Service Thread" daemon [_thread_blocked, id=17292, stack(0x000000164bd00000,0x000000164be00000)]
  0x00000151c7ed6010 JavaThread "Monitor Deflation Thread" daemon [_thread_blocked, id=14692, stack(0x000000164be00000,0x000000164bf00000)]
=>0x00000151c7effbd0 JavaThread "C2 CompilerThread0" daemon [_thread_in_native, id=10960, stack(0x000000164bf00000,0x000000164c000000)]
  0x00000151c7f0b9e0 JavaThread "C1 CompilerThread0" daemon [_thread_blocked, id=2416, stack(0x000000164c000000,0x000000164c100000)]
  0x00000151c7f20a20 JavaThread "Sweeper thread" daemon [_thread_blocked, id=7128, stack(0x000000164c100000,0x000000164c200000)]
  0x00000151cc1bf1e0 JavaThread "Common-Cleaner" daemon [_thread_blocked, id=21168, stack(0x000000164c200000,0x000000164c300000)]
  0x00000151cc1cad10 JavaThread "Notification Thread" daemon [_thread_blocked, id=20896, stack(0x000000164c300000,0x000000164c400000)]
  0x00000151cd7b0f40 JavaThread "Daemon health stats" [_thread_blocked, id=18336, stack(0x000000164c800000,0x000000164c900000)]
  0x00000151c7f64920 JavaThread "Incoming local TCP Connector on port 60499" [_thread_in_native, id=21060, stack(0x000000164c900000,0x000000164ca00000)]
  0x00000151cc391490 JavaThread "Daemon periodic checks" [_thread_blocked, id=21464, stack(0x000000164ca00000,0x000000164cb00000)]
  0x00000151ccdce930 JavaThread "Daemon" [_thread_blocked, id=18028, stack(0x000000164cb00000,0x000000164cc00000)]
  0x00000151ccd49970 JavaThread "Handler for socket connection from /127.0.0.1:60499 to /127.0.0.1:60500" [_thread_in_native, id=14416, stack(0x000000164cc00000,0x000000164cd00000)]
  0x00000151ccdf80d0 JavaThread "Cancel handler" [_thread_blocked, id=15684, stack(0x000000164cd00000,0x000000164ce00000)]
  0x00000151ccb0b810 JavaThread "Daemon worker" [_thread_in_native, id=17024, stack(0x000000164ce00000,0x000000164cf00000)]
  0x00000151ccb0d020 JavaThread "Asynchronous log dispatcher for DefaultDaemonConnection: socket connection from /127.0.0.1:60499 to /127.0.0.1:60500" [_thread_blocked, id=1308, stack(0x000000164cf00000,0x000000164d000000)]
  0x00000151ccb0c1b0 JavaThread "Stdin handler" [_thread_blocked, id=3168, stack(0x000000164d000000,0x000000164d100000)]
  0x00000151ccb0d4f0 JavaThread "Daemon client event forwarder" [_thread_blocked, id=16924, stack(0x000000164d100000,0x000000164d200000)]
  0x00000151ccb0d9c0 JavaThread "Cache worker for journal cache (C:\Users\Dell\.gradle\caches\journal-1)" [_thread_blocked, id=13460, stack(0x000000164d200000,0x000000164d300000)]
  0x00000151ccb0e830 JavaThread "File lock request listener" [_thread_in_native, id=7256, stack(0x000000164d300000,0x000000164d400000)]
  0x00000151ccb0c680 JavaThread "Cache worker for file hash cache (C:\Users\Dell\.gradle\caches\8.0.1\fileHashes)" [_thread_blocked, id=11948, stack(0x000000164d400000,0x000000164d500000)]
  0x00000151ccb0b340 JavaThread "File watcher server" daemon [_thread_in_native, id=20612, stack(0x000000164d500000,0x000000164d600000)]
  0x00000151ccb0ae70 JavaThread "File watcher consumer" daemon [_thread_blocked, id=19508, stack(0x000000164d600000,0x000000164d700000)]
  0x00000151ccb0de90 JavaThread "Cache worker for checksums cache (D:\React-native\UserG\android\.gradle\8.0.1\checksums)" [_thread_new, id=1596, stack(0x0000000000000000,0x0000000000000000)]

Other Threads:
  0x00000151c7eb2b40 VMThread "VM Thread" [stack: 0x000000164b800000,0x000000164b900000] [id=10600]
  0x00000151cc1cd9f0 WatcherThread "VM Periodic Task Thread" [stack: 0x000000164c400000,0x000000164c500000] [id=15344]
  0x00000151aa57b1e0 WorkerThread "GC Thread#0" [stack: 0x000000164b300000,0x000000164b400000] [id=21916]
  0x00000151cc90dcc0 WorkerThread "GC Thread#1" [stack: 0x000000164c600000,0x000000164c700000] [id=5132]
  0x00000151cc67c040 WorkerThread "GC Thread#2" [stack: 0x000000164c700000,0x000000164c800000] [id=18412]
  0x00000151cca32b30 WorkerThread "GC Thread#3" [stack: 0x000000164c500000,0x000000164c600000] [id=15556]
  0x00000151aa58cf30 ConcurrentGCThread "G1 Main Marker" [stack: 0x000000164b400000,0x000000164b500000] [id=16064]
  0x00000151aa58ded0 WorkerThread "G1 Conc#0" [stack: 0x000000164b500000,0x000000164b600000] [id=18248]
  0x00000151aa5c9d40 ConcurrentGCThread "G1 Refine#0" [stack: 0x000000164b600000,0x000000164b700000] [id=13480]
  0x00000151aa5ca560 ConcurrentGCThread "G1 Service" [stack: 0x000000164b700000,0x000000164b800000] [id=22084]

Threads with active compile tasks:
C2 CompilerThread0    11617 2827   !   4       java.net.URL::<init> (543 bytes)

VM state: not at safepoint (normal execution)

VM Mutex/Monitor currently owned by a thread: None

Heap address: 0x0000000080000000, size: 2048 MB, Compressed Oops mode: 32-bit

CDS archive(s) mapped at: [0x0000000800000000-0x0000000800ba0000-0x0000000800ba0000), size 12189696, SharedBaseAddress: 0x0000000800000000, ArchiveRelocationMode: 0.
Compressed class space mapped at: 0x0000000800c00000-0x000000081a800000, reserved size: 432013312
Narrow klass base: 0x0000000800000000, Narrow klass shift: 0, Narrow klass range: 0x100000000

GC Precious Log:
 CardTable entry size: 512
 Card Set container configuration: InlinePtr #cards 5 size 8 Array Of Cards #cards 12 size 40 Howl #buckets 4 coarsen threshold 1843 Howl Bitmap #cards 512 size 80 coarsen threshold 460 Card regions per heap region 1 cards per card region 2048
 CPUs: 4 total, 4 available
 Memory: 8087M
 Large Page Support: Disabled
 NUMA Support: Disabled
 Compressed Oops: Enabled (32-bit)
 Heap Region Size: 1M
 Heap Min Capacity: 8M
 Heap Initial Capacity: 128M
 Heap Max Capacity: 2G
 Pre-touch: Disabled
 Parallel Workers: 4
 Concurrent Workers: 1
 Concurrent Refinement Workers: 4
 Periodic GC: Disabled

Heap:
 garbage-first heap   total 131072K, used 41141K [0x0000000080000000, 0x0000000100000000)
  region size 1024K, 31 young (31744K), 10 survivors (10240K)
 Metaspace       used 20537K, committed 21184K, reserved 487424K
  class space    used 3008K, committed 3328K, reserved 421888K

Heap Regions: E=young(eden), S=young(survivor), O=old, HS=humongous(starts), HC=humongous(continues), CS=collection set, F=free, OA=open archive, CA=closed archive, TAMS=top-at-mark-start (previous, next)
|   0|0x0000000080000000, 0x0000000080100000, 0x0000000080100000|100%| O|  |TAMS 0x0000000080000000, 0x0000000080000000| Untracked 
|   1|0x0000000080100000, 0x0000000080200000, 0x0000000080200000|100%| O|  |TAMS 0x0000000080100000, 0x0000000080100000| Untracked 
|   2|0x0000000080200000, 0x0000000080300000, 0x0000000080300000|100%| O|  |TAMS 0x0000000080200000, 0x0000000080200000| Untracked 
|   3|0x0000000080300000, 0x0000000080400000, 0x0000000080400000|100%|HS|  |TAMS 0x0000000080300000, 0x0000000080300000| Complete 
|   4|0x0000000080400000, 0x0000000080500000, 0x0000000080500000|100%|HC|  |TAMS 0x0000000080400000, 0x0000000080400000| Complete 
|   5|0x0000000080500000, 0x0000000080600000, 0x0000000080600000|100%|HC|  |TAMS 0x0000000080500000, 0x0000000080500000| Complete 
|   6|0x0000000080600000, 0x0000000080700000, 0x0000000080700000|100%|HC|  |TAMS 0x0000000080600000, 0x0000000080600000| Complete 
|   7|0x0000000080700000, 0x0000000080800000, 0x0000000080800000|100%| O|  |TAMS 0x0000000080700000, 0x0000000080700000| Untracked 
|   8|0x0000000080800000, 0x0000000080900000, 0x0000000080900000|100%| O|  |TAMS 0x0000000080800000, 0x0000000080800000| Untracked 
|   9|0x0000000080900000, 0x0000000080900000, 0x0000000080a00000|  0%| F|  |TAMS 0x0000000080900000, 0x0000000080900000| Untracked 
|  10|0x0000000080a00000, 0x0000000080b00000, 0x0000000080b00000|100%| O|  |TAMS 0x0000000080a00000, 0x0000000080a00000| Untracked 
|  11|0x0000000080b00000, 0x0000000080b2d400, 0x0000000080c00000| 17%| O|  |TAMS 0x0000000080b00000, 0x0000000080b00000| Untracked 
|  12|0x0000000080c00000, 0x0000000080c00000, 0x0000000080d00000|  0%| F|  |TAMS 0x0000000080c00000, 0x0000000080c00000| Untracked 
|  13|0x0000000080d00000, 0x0000000080d00000, 0x0000000080e00000|  0%| F|  |TAMS 0x0000000080d00000, 0x0000000080d00000| Untracked 
|  14|0x0000000080e00000, 0x0000000080e00000, 0x0000000080f00000|  0%| F|  |TAMS 0x0000000080e00000, 0x0000000080e00000| Untracked 
|  15|0x0000000080f00000, 0x0000000080f00000, 0x0000000081000000|  0%| F|  |TAMS 0x0000000080f00000, 0x0000000080f00000| Untracked 
|  16|0x0000000081000000, 0x0000000081000000, 0x0000000081100000|  0%| F|  |TAMS 0x0000000081000000, 0x0000000081000000| Untracked 
|  17|0x0000000081100000, 0x0000000081100000, 0x0000000081200000|  0%| F|  |TAMS 0x0000000081100000, 0x0000000081100000| Untracked 
|  18|0x0000000081200000, 0x0000000081200000, 0x0000000081300000|  0%| F|  |TAMS 0x0000000081200000, 0x0000000081200000| Untracked 
|  19|0x0000000081300000, 0x0000000081300000, 0x0000000081400000|  0%| F|  |TAMS 0x0000000081300000, 0x0000000081300000| Untracked 
|  20|0x0000000081400000, 0x0000000081400000, 0x0000000081500000|  0%| F|  |TAMS 0x0000000081400000, 0x0000000081400000| Untracked 
|  21|0x0000000081500000, 0x0000000081500000, 0x0000000081600000|  0%| F|  |TAMS 0x0000000081500000, 0x0000000081500000| Untracked 
|  22|0x0000000081600000, 0x0000000081600000, 0x0000000081700000|  0%| F|  |TAMS 0x0000000081600000, 0x0000000081600000| Untracked 
|  23|0x0000000081700000, 0x0000000081700000, 0x0000000081800000|  0%| F|  |TAMS 0x0000000081700000, 0x0000000081700000| Untracked 
|  24|0x0000000081800000, 0x0000000081800000, 0x0000000081900000|  0%| F|  |TAMS 0x0000000081800000, 0x0000000081800000| Untracked 
|  25|0x0000000081900000, 0x0000000081900000, 0x0000000081a00000|  0%| F|  |TAMS 0x0000000081900000, 0x0000000081900000| Untracked 
|  26|0x0000000081a00000, 0x0000000081a00000, 0x0000000081b00000|  0%| F|  |TAMS 0x0000000081a00000, 0x0000000081a00000| Untracked 
|  27|0x0000000081b00000, 0x0000000081b00000, 0x0000000081c00000|  0%| F|  |TAMS 0x0000000081b00000, 0x0000000081b00000| Untracked 
|  28|0x0000000081c00000, 0x0000000081c00000, 0x0000000081d00000|  0%| F|  |TAMS 0x0000000081c00000, 0x0000000081c00000| Untracked 
|  29|0x0000000081d00000, 0x0000000081d00000, 0x0000000081e00000|  0%| F|  |TAMS 0x0000000081d00000, 0x0000000081d00000| Untracked 
|  30|0x0000000081e00000, 0x0000000081e00000, 0x0000000081f00000|  0%| F|  |TAMS 0x0000000081e00000, 0x0000000081e00000| Untracked 
|  31|0x0000000081f00000, 0x0000000081f00000, 0x0000000082000000|  0%| F|  |TAMS 0x0000000081f00000, 0x0000000081f00000| Untracked 
|  32|0x0000000082000000, 0x0000000082000000, 0x0000000082100000|  0%| F|  |TAMS 0x0000000082000000, 0x0000000082000000| Untracked 
|  33|0x0000000082100000, 0x0000000082100000, 0x0000000082200000|  0%| F|  |TAMS 0x0000000082100000, 0x0000000082100000| Untracked 
|  34|0x0000000082200000, 0x0000000082200000, 0x0000000082300000|  0%| F|  |TAMS 0x0000000082200000, 0x0000000082200000| Untracked 
|  35|0x0000000082300000, 0x0000000082300000, 0x0000000082400000|  0%| F|  |TAMS 0x0000000082300000, 0x0000000082300000| Untracked 
|  36|0x0000000082400000, 0x0000000082400000, 0x0000000082500000|  0%| F|  |TAMS 0x0000000082400000, 0x0000000082400000| Untracked 
|  37|0x0000000082500000, 0x0000000082500000, 0x0000000082600000|  0%| F|  |TAMS 0x0000000082500000, 0x0000000082500000| Untracked 
|  38|0x0000000082600000, 0x0000000082600000, 0x0000000082700000|  0%| F|  |TAMS 0x0000000082600000, 0x0000000082600000| Untracked 
|  39|0x0000000082700000, 0x0000000082700000, 0x0000000082800000|  0%| F|  |TAMS 0x0000000082700000, 0x0000000082700000| Untracked 
|  40|0x0000000082800000, 0x0000000082800000, 0x0000000082900000|  0%| F|  |TAMS 0x0000000082800000, 0x0000000082800000| Untracked 
|  41|0x0000000082900000, 0x0000000082900000, 0x0000000082a00000|  0%| F|  |TAMS 0x0000000082900000, 0x0000000082900000| Untracked 
|  42|0x0000000082a00000, 0x0000000082b00000, 0x0000000082b00000|100%| S|CS|TAMS 0x0000000082a00000, 0x0000000082a00000| Complete 
|  43|0x0000000082b00000, 0x0000000082c00000, 0x0000000082c00000|100%| S|CS|TAMS 0x0000000082b00000, 0x0000000082b00000| Complete 
|  44|0x0000000082c00000, 0x0000000082d00000, 0x0000000082d00000|100%| S|CS|TAMS 0x0000000082c00000, 0x0000000082c00000| Complete 
|  45|0x0000000082d00000, 0x0000000082e00000, 0x0000000082e00000|100%| S|CS|TAMS 0x0000000082d00000, 0x0000000082d00000| Complete 
|  46|0x0000000082e00000, 0x0000000082f00000, 0x0000000082f00000|100%| S|CS|TAMS 0x0000000082e00000, 0x0000000082e00000| Complete 
|  47|0x0000000082f00000, 0x0000000083000000, 0x0000000083000000|100%| S|CS|TAMS 0x0000000082f00000, 0x0000000082f00000| Complete 
|  48|0x0000000083000000, 0x0000000083100000, 0x0000000083100000|100%| S|CS|TAMS 0x0000000083000000, 0x0000000083000000| Complete 
|  49|0x0000000083100000, 0x0000000083200000, 0x0000000083200000|100%| S|CS|TAMS 0x0000000083100000, 0x0000000083100000| Complete 
|  50|0x0000000083200000, 0x0000000083300000, 0x0000000083300000|100%| S|CS|TAMS 0x0000000083200000, 0x0000000083200000| Complete 
|  51|0x0000000083300000, 0x0000000083400000, 0x0000000083400000|100%| S|CS|TAMS 0x0000000083300000, 0x0000000083300000| Complete 
|  52|0x0000000083400000, 0x0000000083400000, 0x0000000083500000|  0%| F|  |TAMS 0x0000000083400000, 0x0000000083400000| Untracked 
|  53|0x0000000083500000, 0x0000000083500000, 0x0000000083600000|  0%| F|  |TAMS 0x0000000083500000, 0x0000000083500000| Untracked 
|  54|0x0000000083600000, 0x0000000083600000, 0x0000000083700000|  0%| F|  |TAMS 0x0000000083600000, 0x0000000083600000| Untracked 
|  55|0x0000000083700000, 0x0000000083700000, 0x0000000083800000|  0%| F|  |TAMS 0x0000000083700000, 0x0000000083700000| Untracked 
|  56|0x0000000083800000, 0x0000000083800000, 0x0000000083900000|  0%| F|  |TAMS 0x0000000083800000, 0x0000000083800000| Untracked 
|  57|0x0000000083900000, 0x0000000083900000, 0x0000000083a00000|  0%| F|  |TAMS 0x0000000083900000, 0x0000000083900000| Untracked 
|  58|0x0000000083a00000, 0x0000000083a00000, 0x0000000083b00000|  0%| F|  |TAMS 0x0000000083a00000, 0x0000000083a00000| Untracked 
|  59|0x0000000083b00000, 0x0000000083b00000, 0x0000000083c00000|  0%| F|  |TAMS 0x0000000083b00000, 0x0000000083b00000| Untracked 
|  60|0x0000000083c00000, 0x0000000083c00000, 0x0000000083d00000|  0%| F|  |TAMS 0x0000000083c00000, 0x0000000083c00000| Untracked 
|  61|0x0000000083d00000, 0x0000000083d00000, 0x0000000083e00000|  0%| F|  |TAMS 0x0000000083d00000, 0x0000000083d00000| Untracked 
|  62|0x0000000083e00000, 0x0000000083e00000, 0x0000000083f00000|  0%| F|  |TAMS 0x0000000083e00000, 0x0000000083e00000| Untracked 
|  63|0x0000000083f00000, 0x0000000083f00000, 0x0000000084000000|  0%| F|  |TAMS 0x0000000083f00000, 0x0000000083f00000| Untracked 
|  64|0x0000000084000000, 0x0000000084000000, 0x0000000084100000|  0%| F|  |TAMS 0x0000000084000000, 0x0000000084000000| Untracked 
|  65|0x0000000084100000, 0x0000000084100000, 0x0000000084200000|  0%| F|  |TAMS 0x0000000084100000, 0x0000000084100000| Untracked 
|  66|0x0000000084200000, 0x0000000084200000, 0x0000000084300000|  0%| F|  |TAMS 0x0000000084200000, 0x0000000084200000| Untracked 
|  67|0x0000000084300000, 0x0000000084300000, 0x0000000084400000|  0%| F|  |TAMS 0x0000000084300000, 0x0000000084300000| Untracked 
|  68|0x0000000084400000, 0x0000000084400000, 0x0000000084500000|  0%| F|  |TAMS 0x0000000084400000, 0x0000000084400000| Untracked 
|  69|0x0000000084500000, 0x0000000084500000, 0x0000000084600000|  0%| F|  |TAMS 0x0000000084500000, 0x0000000084500000| Untracked 
|  70|0x0000000084600000, 0x0000000084600000, 0x0000000084700000|  0%| F|  |TAMS 0x0000000084600000, 0x0000000084600000| Untracked 
|  71|0x0000000084700000, 0x0000000084700000, 0x0000000084800000|  0%| F|  |TAMS 0x0000000084700000, 0x0000000084700000| Untracked 
|  72|0x0000000084800000, 0x0000000084800000, 0x0000000084900000|  0%| F|  |TAMS 0x0000000084800000, 0x0000000084800000| Untracked 
|  73|0x0000000084900000, 0x0000000084900000, 0x0000000084a00000|  0%| F|  |TAMS 0x0000000084900000, 0x0000000084900000| Untracked 
|  74|0x0000000084a00000, 0x0000000084a00000, 0x0000000084b00000|  0%| F|  |TAMS 0x0000000084a00000, 0x0000000084a00000| Untracked 
|  75|0x0000000084b00000, 0x0000000084b00000, 0x0000000084c00000|  0%| F|  |TAMS 0x0000000084b00000, 0x0000000084b00000| Untracked 
|  76|0x0000000084c00000, 0x0000000084c00000, 0x0000000084d00000|  0%| F|  |TAMS 0x0000000084c00000, 0x0000000084c00000| Untracked 
|  77|0x0000000084d00000, 0x0000000084d00000, 0x0000000084e00000|  0%| F|  |TAMS 0x0000000084d00000, 0x0000000084d00000| Untracked 
|  78|0x0000000084e00000, 0x0000000084e00000, 0x0000000084f00000|  0%| F|  |TAMS 0x0000000084e00000, 0x0000000084e00000| Untracked 
|  79|0x0000000084f00000, 0x0000000084f00000, 0x0000000085000000|  0%| F|  |TAMS 0x0000000084f00000, 0x0000000084f00000| Untracked 
|  80|0x0000000085000000, 0x0000000085000000, 0x0000000085100000|  0%| F|  |TAMS 0x0000000085000000, 0x0000000085000000| Untracked 
|  81|0x0000000085100000, 0x0000000085100000, 0x0000000085200000|  0%| F|  |TAMS 0x0000000085100000, 0x0000000085100000| Untracked 
|  82|0x0000000085200000, 0x0000000085200000, 0x0000000085300000|  0%| F|  |TAMS 0x0000000085200000, 0x0000000085200000| Untracked 
|  83|0x0000000085300000, 0x0000000085300000, 0x0000000085400000|  0%| F|  |TAMS 0x0000000085300000, 0x0000000085300000| Untracked 
|  84|0x0000000085400000, 0x0000000085400000, 0x0000000085500000|  0%| F|  |TAMS 0x0000000085400000, 0x0000000085400000| Untracked 
|  85|0x0000000085500000, 0x0000000085500000, 0x0000000085600000|  0%| F|  |TAMS 0x0000000085500000, 0x0000000085500000| Untracked 
|  86|0x0000000085600000, 0x0000000085600000, 0x0000000085700000|  0%| F|  |TAMS 0x0000000085600000, 0x0000000085600000| Untracked 
|  87|0x0000000085700000, 0x0000000085700000, 0x0000000085800000|  0%| F|  |TAMS 0x0000000085700000, 0x0000000085700000| Untracked 
|  88|0x0000000085800000, 0x0000000085800000, 0x0000000085900000|  0%| F|  |TAMS 0x0000000085800000, 0x0000000085800000| Untracked 
|  89|0x0000000085900000, 0x0000000085900000, 0x0000000085a00000|  0%| F|  |TAMS 0x0000000085900000, 0x0000000085900000| Untracked 
|  90|0x0000000085a00000, 0x0000000085a00000, 0x0000000085b00000|  0%| F|  |TAMS 0x0000000085a00000, 0x0000000085a00000| Untracked 
|  91|0x0000000085b00000, 0x0000000085b00000, 0x0000000085c00000|  0%| F|  |TAMS 0x0000000085b00000, 0x0000000085b00000| Untracked 
|  92|0x0000000085c00000, 0x0000000085c00000, 0x0000000085d00000|  0%| F|  |TAMS 0x0000000085c00000, 0x0000000085c00000| Untracked 
|  93|0x0000000085d00000, 0x0000000085d00000, 0x0000000085e00000|  0%| F|  |TAMS 0x0000000085d00000, 0x0000000085d00000| Untracked 
|  94|0x0000000085e00000, 0x0000000085e00000, 0x0000000085f00000|  0%| F|  |TAMS 0x0000000085e00000, 0x0000000085e00000| Untracked 
|  95|0x0000000085f00000, 0x0000000085f00000, 0x0000000086000000|  0%| F|  |TAMS 0x0000000085f00000, 0x0000000085f00000| Untracked 
|  96|0x0000000086000000, 0x0000000086000000, 0x0000000086100000|  0%| F|  |TAMS 0x0000000086000000, 0x0000000086000000| Untracked 
|  97|0x0000000086100000, 0x0000000086100000, 0x0000000086200000|  0%| F|  |TAMS 0x0000000086100000, 0x0000000086100000| Untracked 
|  98|0x0000000086200000, 0x0000000086200000, 0x0000000086300000|  0%| F|  |TAMS 0x0000000086200000, 0x0000000086200000| Untracked 
|  99|0x0000000086300000, 0x0000000086300000, 0x0000000086400000|  0%| F|  |TAMS 0x0000000086300000, 0x0000000086300000| Untracked 
| 100|0x0000000086400000, 0x0000000086400000, 0x0000000086500000|  0%| F|  |TAMS 0x0000000086400000, 0x0000000086400000| Untracked 
| 101|0x0000000086500000, 0x0000000086500000, 0x0000000086600000|  0%| F|  |TAMS 0x0000000086500000, 0x0000000086500000| Untracked 
| 102|0x0000000086600000, 0x0000000086600000, 0x0000000086700000|  0%| F|  |TAMS 0x0000000086600000, 0x0000000086600000| Untracked 
| 103|0x0000000086700000, 0x0000000086700000, 0x0000000086800000|  0%| F|  |TAMS 0x0000000086700000, 0x0000000086700000| Untracked 
| 104|0x0000000086800000, 0x0000000086800000, 0x0000000086900000|  0%| F|  |TAMS 0x0000000086800000, 0x0000000086800000| Untracked 
| 105|0x0000000086900000, 0x0000000086900000, 0x0000000086a00000|  0%| F|  |TAMS 0x0000000086900000, 0x0000000086900000| Untracked 
| 106|0x0000000086a00000, 0x0000000086a00000, 0x0000000086b00000|  0%| F|  |TAMS 0x0000000086a00000, 0x0000000086a00000| Untracked 
| 107|0x0000000086b00000, 0x0000000086b00800, 0x0000000086c00000|  0%| E|  |TAMS 0x0000000086b00000, 0x0000000086b00000| Complete 
| 108|0x0000000086c00000, 0x0000000086d00000, 0x0000000086d00000|100%| E|CS|TAMS 0x0000000086c00000, 0x0000000086c00000| Complete 
| 109|0x0000000086d00000, 0x0000000086e00000, 0x0000000086e00000|100%| E|CS|TAMS 0x0000000086d00000, 0x0000000086d00000| Complete 
| 110|0x0000000086e00000, 0x0000000086f00000, 0x0000000086f00000|100%| E|CS|TAMS 0x0000000086e00000, 0x0000000086e00000| Complete 
| 111|0x0000000086f00000, 0x0000000087000000, 0x0000000087000000|100%| E|CS|TAMS 0x0000000086f00000, 0x0000000086f00000| Complete 
| 112|0x0000000087000000, 0x0000000087100000, 0x0000000087100000|100%| E|CS|TAMS 0x0000000087000000, 0x0000000087000000| Complete 
| 113|0x0000000087100000, 0x0000000087200000, 0x0000000087200000|100%| E|CS|TAMS 0x0000000087100000, 0x0000000087100000| Complete 
| 114|0x0000000087200000, 0x0000000087300000, 0x0000000087300000|100%| E|CS|TAMS 0x0000000087200000, 0x0000000087200000| Complete 
| 115|0x0000000087300000, 0x0000000087400000, 0x0000000087400000|100%| E|CS|TAMS 0x0000000087300000, 0x0000000087300000| Complete 
| 116|0x0000000087400000, 0x0000000087500000, 0x0000000087500000|100%| E|CS|TAMS 0x0000000087400000, 0x0000000087400000| Complete 
| 117|0x0000000087500000, 0x0000000087600000, 0x0000000087600000|100%| E|CS|TAMS 0x0000000087500000, 0x0000000087500000| Complete 
| 118|0x0000000087600000, 0x0000000087700000, 0x0000000087700000|100%| E|CS|TAMS 0x0000000087600000, 0x0000000087600000| Complete 
| 119|0x0000000087700000, 0x0000000087800000, 0x0000000087800000|100%| E|CS|TAMS 0x0000000087700000, 0x0000000087700000| Complete 
| 120|0x0000000087800000, 0x0000000087900000, 0x0000000087900000|100%| E|CS|TAMS 0x0000000087800000, 0x0000000087800000| Complete 
| 121|0x0000000087900000, 0x0000000087a00000, 0x0000000087a00000|100%| E|CS|TAMS 0x0000000087900000, 0x0000000087900000| Complete 
| 122|0x0000000087a00000, 0x0000000087b00000, 0x0000000087b00000|100%| E|CS|TAMS 0x0000000087a00000, 0x0000000087a00000| Complete 
| 123|0x0000000087b00000, 0x0000000087c00000, 0x0000000087c00000|100%| E|CS|TAMS 0x0000000087b00000, 0x0000000087b00000| Complete 
| 124|0x0000000087c00000, 0x0000000087d00000, 0x0000000087d00000|100%| E|CS|TAMS 0x0000000087c00000, 0x0000000087c00000| Complete 
| 125|0x0000000087d00000, 0x0000000087e00000, 0x0000000087e00000|100%| E|CS|TAMS 0x0000000087d00000, 0x0000000087d00000| Complete 
| 126|0x0000000087e00000, 0x0000000087f00000, 0x0000000087f00000|100%| E|CS|TAMS 0x0000000087e00000, 0x0000000087e00000| Complete 
| 127|0x0000000087f00000, 0x0000000088000000, 0x0000000088000000|100%| E|CS|TAMS 0x0000000087f00000, 0x0000000087f00000| Complete 

Card table byte_map: [0x00000151c1250000,0x00000151c1650000] _byte_map_base: 0x00000151c0e50000

Marking Bits (Prev, Next): (CMBitMap*) 0x00000151aa57c600, (CMBitMap*) 0x00000151aa57c640
 Prev Bits: [0x00000151c1a50000, 0x00000151c3a50000)
 Next Bits: [0x00000151c3a50000, 0x00000151c5a50000)

Polling page: 0x00000151a8420000

Metaspace:

Usage:
  Non-class:     17.12 MB used.
      Class:      2.94 MB used.
       Both:     20.06 MB used.

Virtual space:
  Non-class space:       64.00 MB reserved,      17.44 MB ( 27%) committed,  1 nodes.
      Class space:      412.00 MB reserved,       3.25 MB ( <1%) committed,  1 nodes.
             Both:      476.00 MB reserved,      20.69 MB (  4%) committed. 

Chunk freelists:
   Non-Class:  1.81 MB
       Class:  713.00 KB
        Both:  2.51 MB

MaxMetaspaceSize: 512.00 MB
CompressedClassSpaceSize: 412.00 MB
Initial GC threshold: 21.00 MB
Current GC threshold: 21.00 MB
CDS: on
MetaspaceReclaimPolicy: balanced
 - commit_granule_bytes: 65536.
 - commit_granule_words: 8192.
 - virtual_space_node_default_size: 8388608.
 - enlarge_chunks_in_place: 1.
 - new_chunks_are_fully_committed: 0.
 - uncommit_free_chunks: 1.
 - use_allocation_guard: 0.


Internal statistics:

num_allocs_failed_limit: 0.
num_arena_births: 1086.
num_arena_deaths: 0.
num_vsnodes_births: 2.
num_vsnodes_deaths: 0.
num_space_committed: 331.
num_space_uncommitted: 0.
num_chunks_returned_to_freelist: 0.
num_chunks_taken_from_freelist: 1926.
num_chunk_merges: 0.
num_chunk_splits: 1254.
num_chunks_enlarged: 823.
num_inconsistent_stats: 0.

CodeHeap 'non-profiled nmethods': size=120000Kb used=1552Kb max_used=1552Kb free=118447Kb
 bounds [0x00000151b9920000, 0x00000151b9b90000, 0x00000151c0e50000]
CodeHeap 'profiled nmethods': size=120000Kb used=5911Kb max_used=5911Kb free=114089Kb
 bounds [0x00000151b23f0000, 0x00000151b29c0000, 0x00000151b9920000]
CodeHeap 'non-nmethods': size=5760Kb used=1245Kb max_used=1319Kb free=4514Kb
 bounds [0x00000151b1e50000, 0x00000151b20c0000, 0x00000151b23f0000]
 total_blobs=3389 nmethods=2846 adapters=455
 compilation: enabled
              stopped_count=0, restarted_count=0
 full_count=0

Compilation events (20 events):
Event: 11.479 Thread 0x00000151c7f0b9e0 nmethod 2840 0x00000151b2999110 code [0x00000151b29992a0, 0x00000151b29993f8]
Event: 11.479 Thread 0x00000151c7f0b9e0 2841       3       java.lang.invoke.InnerClassLambdaMetafactory::<init> (258 bytes)
Event: 11.482 Thread 0x00000151c7f0b9e0 nmethod 2841 0x00000151b2999490 code [0x00000151b29998a0, 0x00000151b299b7d8]
Event: 11.482 Thread 0x00000151c7f0b9e0 2842   !   3       java.lang.invoke.MethodHandles$Lookup::revealDirect (196 bytes)
Event: 11.484 Thread 0x00000151c7f0b9e0 nmethod 2842 0x00000151b299c290 code [0x00000151b299c5e0, 0x00000151b299d9a8]
Event: 11.484 Thread 0x00000151c7f0b9e0 2843       3       java.lang.invoke.AbstractValidatingLambdaMetafactory::validateMetafactoryArgs (607 bytes)
Event: 11.492 Thread 0x00000151c7f0b9e0 nmethod 2843 0x00000151b299e090 code [0x00000151b299eb40, 0x00000151b29a66e8]
Event: 11.500 Thread 0x00000151c7f0b9e0 2844       3       java.lang.invoke.AbstractValidatingLambdaMetafactory::isAdaptableToAsReturnStrict (34 bytes)
Event: 11.501 Thread 0x00000151c7f0b9e0 nmethod 2844 0x00000151b29a8f10 code [0x00000151b29a90e0, 0x00000151b29a96a8]
Event: 11.501 Thread 0x00000151c7f0b9e0 2845   !   3       java.lang.invoke.InnerClassLambdaMetafactory::buildCallSite (150 bytes)
Event: 11.503 Thread 0x00000151c7f0b9e0 nmethod 2845 0x00000151b29a9810 code [0x00000151b29a9c00, 0x00000151b29ab618]
Event: 11.503 Thread 0x00000151c7f0b9e0 2846       3       java.lang.invoke.MethodHandles$Lookup::findConstructor (61 bytes)
Event: 11.504 Thread 0x00000151c7f0b9e0 nmethod 2846 0x00000151b29ac390 code [0x00000151b29ac600, 0x00000151b29ace38]
Event: 11.504 Thread 0x00000151c7f0b9e0 2847       3       java.lang.invoke.Invokers$Holder::invokeExact_MT (32 bytes)
Event: 11.505 Thread 0x00000151c7f0b9e0 nmethod 2847 0x00000151b29ad190 code [0x00000151b29ad3a0, 0x00000151b29adcd8]
Event: 11.505 Thread 0x00000151c7f0b9e0 2848       3       java.lang.invoke.LambdaMetafactory::metafactory (71 bytes)
Event: 11.507 Thread 0x00000151c7f0b9e0 nmethod 2848 0x00000151b29adf10 code [0x00000151b29ae1a0, 0x00000151b29aece8]
Event: 11.508 Thread 0x00000151c7f0b9e0 2849       3       java.lang.invoke.MethodHandles$Lookup::linkMethodHandleConstant (223 bytes)
Event: 11.510 Thread 0x00000151c7f0b9e0 nmethod 2849 0x00000151b29af210 code [0x00000151b29af5e0, 0x00000151b29b0e68]
Event: 11.510 Thread 0x00000151c7f0b9e0 2850       3       java.util.ImmutableCollections$Set12::<init> (53 bytes)

GC Heap History (8 events):
Event: 0.977 GC heap before
{Heap before GC invocations=0 (full 0):
 garbage-first heap   total 131072K, used 13312K [0x0000000080000000, 0x0000000100000000)
  region size 1024K, 13 young (13312K), 0 survivors (0K)
 Metaspace       used 911K, committed 1088K, reserved 487424K
  class space    used 68K, committed 128K, reserved 421888K
}
Event: 0.986 GC heap after
{Heap after GC invocations=1 (full 0):
 garbage-first heap   total 131072K, used 4181K [0x0000000080000000, 0x0000000100000000)
  region size 1024K, 2 young (2048K), 2 survivors (2048K)
 Metaspace       used 911K, committed 1088K, reserved 487424K
  class space    used 68K, committed 128K, reserved 421888K
}
Event: 2.225 GC heap before
{Heap before GC invocations=1 (full 0):
 garbage-first heap   total 131072K, used 23637K [0x0000000080000000, 0x0000000100000000)
  region size 1024K, 17 young (17408K), 2 survivors (2048K)
 Metaspace       used 3872K, committed 4096K, reserved 487424K
  class space    used 473K, committed 576K, reserved 421888K
}
Event: 2.231 GC heap after
{Heap after GC invocations=2 (full 0):
 garbage-first heap   total 131072K, used 10450K [0x0000000080000000, 0x0000000100000000)
  region size 1024K, 3 young (3072K), 3 survivors (3072K)
 Metaspace       used 3872K, committed 4096K, reserved 487424K
  class space    used 473K, committed 576K, reserved 421888K
}
Event: 3.652 GC heap before
{Heap before GC invocations=2 (full 0):
 garbage-first heap   total 131072K, used 32978K [0x0000000080000000, 0x0000000100000000)
  region size 1024K, 25 young (25600K), 3 survivors (3072K)
 Metaspace       used 3983K, committed 4224K, reserved 487424K
  class space    used 475K, committed 576K, reserved 421888K
}
Event: 3.659 GC heap after
{Heap after GC invocations=3 (full 0):
 garbage-first heap   total 131072K, used 14451K [0x0000000080000000, 0x0000000100000000)
  region size 1024K, 4 young (4096K), 4 survivors (4096K)
 Metaspace       used 3983K, committed 4224K, reserved 487424K
  class space    used 475K, committed 576K, reserved 421888K
}
Event: 9.803 GC heap before
{Heap before GC invocations=3 (full 0):
 garbage-first heap   total 131072K, used 88179K [0x0000000080000000, 0x0000000100000000)
  region size 1024K, 76 young (77824K), 4 survivors (4096K)
 Metaspace       used 17542K, committed 18176K, reserved 487424K
  class space    used 2520K, committed 2816K, reserved 421888K
}
Event: 9.819 GC heap after
{Heap after GC invocations=4 (full 0):
 garbage-first heap   total 131072K, used 20661K [0x0000000080000000, 0x0000000100000000)
  region size 1024K, 10 young (10240K), 10 survivors (10240K)
 Metaspace       used 17542K, committed 18176K, reserved 487424K
  class space    used 2520K, committed 2816K, reserved 421888K
}

Deoptimization events (20 events):
Event: 10.260 Thread 0x00000151ccb0b810 Uncommon trap: trap_request=0xffffff45 fr.pc=0x00000151b9a2b310 relative=0x0000000000000b50
Event: 10.260 Thread 0x00000151ccb0b810 Uncommon trap: reason=unstable_if action=reinterpret pc=0x00000151b9a2b310 method=jdk.internal.org.objectweb.asm.SymbolTable.addType(Ljava/lang/String;)I @ 33 c2
Event: 10.261 Thread 0x00000151ccb0b810 DEOPT PACKING pc=0x00000151b9a2b310 sp=0x000000164cefbf50
Event: 10.261 Thread 0x00000151ccb0b810 DEOPT UNPACKING pc=0x00000151b1ea23a3 sp=0x000000164cefbe88 mode 2
Event: 10.261 Thread 0x00000151ccb0b810 Uncommon trap: trap_request=0xffffff45 fr.pc=0x00000151b9a1eb4c relative=0x000000000000038c
Event: 10.261 Thread 0x00000151ccb0b810 Uncommon trap: reason=unstable_if action=reinterpret pc=0x00000151b9a1eb4c method=jdk.internal.org.objectweb.asm.SymbolTable.addType(Ljava/lang/String;)I @ 33 c2
Event: 10.261 Thread 0x00000151ccb0b810 DEOPT PACKING pc=0x00000151b9a1eb4c sp=0x000000164cefc020
Event: 10.261 Thread 0x00000151ccb0b810 DEOPT UNPACKING pc=0x00000151b1ea23a3 sp=0x000000164cefbfb8 mode 2
Event: 10.511 Thread 0x00000151ccb0b810 Uncommon trap: trap_request=0xffffff45 fr.pc=0x00000151b9a85868 relative=0x0000000000000148
Event: 10.511 Thread 0x00000151ccb0b810 Uncommon trap: reason=unstable_if action=reinterpret pc=0x00000151b9a85868 method=java.util.Arrays.equals([Ljava/lang/Object;[Ljava/lang/Object;)Z @ 8 c2
Event: 10.511 Thread 0x00000151ccb0b810 DEOPT PACKING pc=0x00000151b9a85868 sp=0x000000164cefc800
Event: 10.511 Thread 0x00000151ccb0b810 DEOPT UNPACKING pc=0x00000151b1ea23a3 sp=0x000000164cefc7a0 mode 2
Event: 10.541 Thread 0x00000151ccb0b810 Uncommon trap: trap_request=0xffffff76 fr.pc=0x00000151b9a8edb8 relative=0x00000000000001f8
Event: 10.541 Thread 0x00000151ccb0b810 Uncommon trap: reason=predicate action=maybe_recompile pc=0x00000151b9a8edb8 method=com.google.common.base.CharMatcher.indexIn(Ljava/lang/CharSequence;I)I @ 19 c2
Event: 10.541 Thread 0x00000151ccb0b810 DEOPT PACKING pc=0x00000151b9a8edb8 sp=0x000000164cefbd20
Event: 10.541 Thread 0x00000151ccb0b810 DEOPT UNPACKING pc=0x00000151b1ea23a3 sp=0x000000164cefbcb0 mode 2
Event: 10.858 Thread 0x00000151ccb0b810 Uncommon trap: trap_request=0xffffffc6 fr.pc=0x00000151b998f194 relative=0x0000000000000df4
Event: 10.858 Thread 0x00000151ccb0b810 Uncommon trap: reason=bimorphic_or_optimized_type_check action=maybe_recompile pc=0x00000151b998f194 method=java.util.Properties$LineReader.readLine()I @ 479 c2
Event: 10.858 Thread 0x00000151ccb0b810 DEOPT PACKING pc=0x00000151b998f194 sp=0x000000164cefb350
Event: 10.858 Thread 0x00000151ccb0b810 DEOPT UNPACKING pc=0x00000151b1ea23a3 sp=0x000000164cefb2f0 mode 2

Classes loaded (20 events):
Event: 9.029 Loading class javax/xml/xpath/XPathException done
Event: 9.029 Loading class javax/xml/xpath/XPathExpressionException done
Event: 9.029 Loading class org/xml/sax/ErrorHandler
Event: 9.030 Loading class org/xml/sax/ErrorHandler done
Event: 10.142 Loading class java/lang/annotation/IncompleteAnnotationException
Event: 10.142 Loading class java/lang/annotation/IncompleteAnnotationException done
Event: 10.447 Loading class java/util/function/UnaryOperator
Event: 10.499 Loading class java/util/function/UnaryOperator done
Event: 10.527 Loading class java/util/concurrent/TimeoutException
Event: 10.528 Loading class java/util/concurrent/TimeoutException done
Event: 10.528 Loading class java/util/concurrent/CancellationException
Event: 10.529 Loading class java/util/concurrent/CancellationException done
Event: 10.535 Loading class java/util/ServiceConfigurationError
Event: 10.537 Loading class java/util/ServiceConfigurationError done
Event: 10.695 Loading class java/util/concurrent/locks/AbstractQueuedSynchronizer$SharedNode
Event: 10.695 Loading class java/util/concurrent/locks/AbstractQueuedSynchronizer$SharedNode done
Event: 10.705 Loading class java/io/InterruptedIOException
Event: 10.739 Loading class java/io/InterruptedIOException done
Event: 10.748 Loading class java/util/ArrayDeque$DeqSpliterator
Event: 10.749 Loading class java/util/ArrayDeque$DeqSpliterator done

Classes unloaded (0 events):
No events

Classes redefined (0 events):
No events

Internal exceptions (20 events):
Event: 8.101 Thread 0x00000151ccb0b810 Exception <a 'java/lang/NoSuchMethodError'{0x00000000845cae48}: 'java.lang.Object java.lang.invoke.DirectMethodHandle$Holder.invokeVirtual(java.lang.Object, java.lang.Object, java.lang.Object, java.lang.Object, java.lang.Object, java.lang.Object, java.lang.Object, java.lang.Object, java.lang.Object, java.lang.Object, java.lang.Object, java.lang.Object, java.lang.Object, java.lang.Object, java.lang.Object, java.lang.Object, java.lang.Object, java.lang.Object, java.lang.Object, java.lang.Object, java.lang.Ob
Event: 8.102 Thread 0x00000151ccb0b810 Exception <a 'java/lang/NoSuchMethodError'{0x00000000845d0cd8}: 'java.lang.Object java.lang.invoke.DirectMethodHandle$Holder.invokeSpecial(java.lang.Object, java.lang.Object, java.lang.Object, java.lang.Object, java.lang.Object, java.lang.Object, java.lang.Object, java.lang.Object, java.lang.Object, java.lang.Object, java.lang.Object, java.lang.Object, java.lang.Object, java.lang.Object, java.lang.Object, java.lang.Object, java.lang.Object, java.lang.Object, java.lang.Object, java.lang.Object, java.lang.Ob
Event: 8.102 Thread 0x00000151ccb0b810 Exception <a 'java/lang/NoSuchMethodError'{0x00000000845d6310}: 'java.lang.Object java.lang.invoke.DelegatingMethodHandle$Holder.reinvoke_L(java.lang.Object, java.lang.Object, java.lang.Object, java.lang.Object, java.lang.Object, java.lang.Object, java.lang.Object, java.lang.Object, java.lang.Object, java.lang.Object, java.lang.Object, java.lang.Object, java.lang.Object, java.lang.Object, java.lang.Object, java.lang.Object, java.lang.Object, java.lang.Object, java.lang.Object, java.lang.Object, java.lang.O
Event: 8.133 Thread 0x00000151ccb0b810 Exception <a 'java/lang/NoSuchMethodError'{0x0000000084489498}: 'int java.lang.invoke.DirectMethodHandle$Holder.invokeStatic(java.lang.Object, java.lang.Object, java.lang.Object, java.lang.Object)'> (0x0000000084489498) 
thrown [s\open\src\hotspot\share\interpreter\linkResolver.cpp, line 759]
Event: 8.568 Thread 0x00000151ccb0b810 Exception <a 'java/lang/NoSuchMethodError'{0x0000000084190e70}: 'java.lang.Object java.lang.invoke.DirectMethodHandle$Holder.invokeSpecial(java.lang.Object, java.lang.Object, java.lang.Object, java.lang.Object, java.lang.Object, java.lang.Object, java.lang.Object, java.lang.Object, java.lang.Object, java.lang.Object, java.lang.Object, java.lang.Object, java.lang.Object, java.lang.Object, java.lang.Object, java.lang.Object, java.lang.Object, java.lang.Object, java.lang.Object, java.lang.Object, java.lang.Ob
Event: 9.112 Thread 0x00000151ccb0b810 Exception <a 'java/lang/NoSuchMethodError'{0x0000000083c0a028}: 'void java.lang.invoke.DirectMethodHandle$Holder.invokeStatic(java.lang.Object, java.lang.Object)'> (0x0000000083c0a028) 
thrown [s\open\src\hotspot\share\interpreter\linkResolver.cpp, line 759]
Event: 9.368 Thread 0x00000151ccb0b810 Exception <a 'java/lang/NoSuchMethodError'{0x0000000083a14da0}: 'java.lang.Object java.lang.invoke.DirectMethodHandle$Holder.newInvokeSpecial(java.lang.Object, java.lang.Object, java.lang.Object, java.lang.Object, java.lang.Object, java.lang.Object, java.lang.Object)'> (0x0000000083a14da0) 
thrown [s\open\src\hotspot\share\interpreter\linkResolver.cpp, line 759]
Event: 9.368 Thread 0x00000151ccb0b810 Exception <a 'java/lang/NoSuchMethodError'{0x0000000083a197d0}: 'java.lang.Object java.lang.invoke.Invokers$Holder.linkToTargetMethod(java.lang.Object, java.lang.Object, java.lang.Object, java.lang.Object, java.lang.Object, java.lang.Object, java.lang.Object)'> (0x0000000083a197d0) 
thrown [s\open\src\hotspot\share\interpreter\linkResolver.cpp, line 759]
Event: 9.702 Thread 0x00000151ccb0b810 Implicit null exception at 0x00000151b993ff60 to 0x00000151b993fffa
Event: 9.956 Thread 0x00000151ccb0b810 Exception <a 'java/lang/NoSuchMethodError'{0x0000000087cce050}: 'void java.lang.invoke.DirectMethodHandle$Holder.invokeStaticInit(java.lang.Object, java.lang.Object)'> (0x0000000087cce050) 
thrown [s\open\src\hotspot\share\interpreter\linkResolver.cpp, line 759]
Event: 10.042 Thread 0x00000151ccb0b810 Exception <a 'java/lang/NoSuchMethodError'{0x0000000087b71e68}: 'java.lang.Object java.lang.invoke.DirectMethodHandle$Holder.newInvokeSpecial(java.lang.Object, java.lang.Object, java.lang.Object, java.lang.Object, java.lang.Object, java.lang.Object, java.lang.Object, java.lang.Object)'> (0x0000000087b71e68) 
thrown [s\open\src\hotspot\share\interpreter\linkResolver.cpp, line 759]
Event: 10.144 Thread 0x00000151ccb0b810 Exception <a 'java/lang/NoSuchMethodError'{0x0000000087af2be0}: 'java.lang.Object java.lang.invoke.DirectMethodHandle$Holder.invokeStaticInit(java.lang.Object, java.lang.Object, java.lang.Object)'> (0x0000000087af2be0) 
thrown [s\open\src\hotspot\share\interpreter\linkResolver.cpp, line 759]
Event: 10.146 Thread 0x00000151ccb0b810 Exception <a 'java/lang/NoSuchMethodError'{0x0000000087afcf60}: 'void java.lang.invoke.DirectMethodHandle$Holder.invokeStatic(java.lang.Object, java.lang.Object, java.lang.Object, java.lang.Object, java.lang.Object, java.lang.Object)'> (0x0000000087afcf60) 
thrown [s\open\src\hotspot\share\interpreter\linkResolver.cpp, line 759]
Event: 10.511 Thread 0x00000151ccb0b810 Implicit null exception at 0x00000151b9a85738 to 0x00000151b9a85855
Event: 10.741 Thread 0x00000151ccb0b810 Exception <a 'java/lang/NoSuchMethodError'{0x00000000876e73b0}: 'void java.lang.invoke.DirectMethodHandle$Holder.invokeStatic(java.lang.Object, java.lang.Object, java.lang.Object, java.lang.Object)'> (0x00000000876e73b0) 
thrown [s\open\src\hotspot\share\interpreter\linkResolver.cpp, line 759]
Event: 10.743 Thread 0x00000151ccb0b810 Exception <a 'java/lang/NoSuchMethodError'{0x00000000876f8b50}: 'int java.lang.invoke.DirectMethodHandle$Holder.invokeVirtual(java.lang.Object, java.lang.Object)'> (0x00000000876f8b50) 
thrown [s\open\src\hotspot\share\interpreter\linkResolver.cpp, line 759]
Event: 10.751 Thread 0x00000151ccb0b810 Exception <a 'java/lang/NoSuchMethodError'{0x000000008752d258}: 'int java.lang.invoke.DirectMethodHandle$Holder.invokeVirtual(java.lang.Object, java.lang.Object, java.lang.Object)'> (0x000000008752d258) 
thrown [s\open\src\hotspot\share\interpreter\linkResolver.cpp, line 759]
Event: 11.023 Thread 0x00000151ccb0b810 Exception <a 'java/lang/NoSuchMethodError'{0x0000000087213318}: 'void java.lang.invoke.DirectMethodHandle$Holder.invokeInterface(java.lang.Object, java.lang.Object, java.lang.Object, java.lang.Object, java.lang.Object)'> (0x0000000087213318) 
thrown [s\open\src\hotspot\share\interpreter\linkResolver.cpp, line 759]
Event: 11.371 Thread 0x00000151ccb0b810 Exception <a 'java/lang/NoSuchMethodError'{0x0000000086eda278}: 'java.lang.Object java.lang.invoke.DirectMethodHandle$Holder.invokeVirtual(java.lang.Object, java.lang.Object, java.lang.Object, java.lang.Object, java.lang.Object, java.lang.Object, java.lang.Object, java.lang.Object, java.lang.Object, java.lang.Object, java.lang.Object, java.lang.Object, java.lang.Object)'> (0x0000000086eda278) 
thrown [s\open\src\hotspot\share\interpreter\linkResolver.cpp, line 759]
Event: 11.371 Thread 0x00000151ccb0b810 Exception <a 'java/lang/NoSuchMethodError'{0x0000000086edfc90}: 'java.lang.Object java.lang.invoke.DirectMethodHandle$Holder.invokeSpecial(java.lang.Object, java.lang.Object, java.lang.Object, java.lang.Object, java.lang.Object, java.lang.Object, java.lang.Object, java.lang.Object, java.lang.Object, java.lang.Object, java.lang.Object, java.lang.Object, java.lang.Object, java.lang.Object)'> (0x0000000086edfc90) 
thrown [s\open\src\hotspot\share\interpreter\linkResolver.cpp, line 759]

VM Operations (20 events):
Event: 5.505 Executing VM operation: HandshakeAllThreads
Event: 5.505 Executing VM operation: HandshakeAllThreads done
Event: 5.968 Executing VM operation: HandshakeAllThreads
Event: 5.968 Executing VM operation: HandshakeAllThreads done
Event: 5.968 Executing VM operation: Cleanup
Event: 5.969 Executing VM operation: Cleanup done
Event: 6.971 Executing VM operation: Cleanup
Event: 6.972 Executing VM operation: Cleanup done
Event: 7.676 Executing VM operation: HandshakeAllThreads
Event: 7.676 Executing VM operation: HandshakeAllThreads done
Event: 7.676 Executing VM operation: HandshakeAllThreads
Event: 7.676 Executing VM operation: HandshakeAllThreads done
Event: 8.685 Executing VM operation: Cleanup
Event: 8.685 Executing VM operation: Cleanup done
Event: 9.697 Executing VM operation: Cleanup
Event: 9.697 Executing VM operation: Cleanup done
Event: 9.803 Executing VM operation: G1CollectForAllocation
Event: 9.819 Executing VM operation: G1CollectForAllocation done
Event: 10.831 Executing VM operation: Cleanup
Event: 10.849 Executing VM operation: Cleanup done

Events (20 events):
Event: 1.281 Loaded shared library C:\Users\Dell\.gradle\native\e376f236ea51e6404a007f0833ffe2c6e607c4080706a723a18a27aeea778392\windows-amd64\native-platform-file-events.dll
Event: 4.890 Loaded shared library C:\Program Files\Java\jdk-18.0.2.1\bin\management.dll
Event: 4.895 Loaded shared library C:\Program Files\Java\jdk-18.0.2.1\bin\management_ext.dll
Event: 5.011 Thread 0x00000151cd7b0f40 Thread added: 0x00000151cd7b0f40
Event: 5.896 Thread 0x00000151c7f64920 Thread added: 0x00000151c7f64920
Event: 6.043 Thread 0x00000151cc391490 Thread added: 0x00000151cc391490
Event: 6.079 Thread 0x00000151ccdce930 Thread added: 0x00000151ccdce930
Event: 6.096 Thread 0x00000151ccd49970 Thread added: 0x00000151ccd49970
Event: 6.176 Thread 0x00000151ccdf80d0 Thread added: 0x00000151ccdf80d0
Event: 6.265 Thread 0x00000151ccb0b810 Thread added: 0x00000151ccb0b810
Event: 6.365 Thread 0x00000151ccb0d020 Thread added: 0x00000151ccb0d020
Event: 6.391 Thread 0x00000151ccb0c1b0 Thread added: 0x00000151ccb0c1b0
Event: 6.445 Thread 0x00000151ccb0d4f0 Thread added: 0x00000151ccb0d4f0
Event: 7.300 Thread 0x00000151ccb0d9c0 Thread added: 0x00000151ccb0d9c0
Event: 7.322 Thread 0x00000151ccb0e830 Thread added: 0x00000151ccb0e830
Event: 7.960 Thread 0x00000151ccb0c680 Thread added: 0x00000151ccb0c680
Event: 8.415 Thread 0x00000151c7f09670 Thread added: 0x00000151c7f09670
Event: 10.264 Thread 0x00000151c7f09670 Thread exited: 0x00000151c7f09670
Event: 10.695 Thread 0x00000151ccb0b340 Thread added: 0x00000151ccb0b340
Event: 10.742 Thread 0x00000151ccb0ae70 Thread added: 0x00000151ccb0ae70


Dynamic libraries:
0x00007ff7d6150000 - 0x00007ff7d6160000 	C:\Program Files\Java\jdk-18.0.2.1\bin\java.exe
0x00007fff0f590000 - 0x00007fff0f788000 	C:\Windows\SYSTEM32\ntdll.dll
0x00007fff0d5d0000 - 0x00007fff0d68d000 	C:\Windows\System32\KERNEL32.DLL
0x00007fff0cd50000 - 0x00007fff0d046000 	C:\Windows\System32\KERNELBASE.dll
0x00007fff0d050000 - 0x00007fff0d150000 	C:\Windows\System32\ucrtbase.dll
0x00007ffefa230000 - 0x00007ffefa24a000 	C:\Program Files\Java\jdk-18.0.2.1\bin\VCRUNTIME140.dll
0x00007fff02a80000 - 0x00007fff02a98000 	C:\Program Files\Java\jdk-18.0.2.1\bin\jli.dll
0x00007fff0f0e0000 - 0x00007fff0f190000 	C:\Windows\System32\ADVAPI32.dll
0x00007fff0de00000 - 0x00007fff0de9e000 	C:\Windows\System32\msvcrt.dll
0x00007fff0e300000 - 0x00007fff0e3a0000 	C:\Windows\System32\sechost.dll
0x00007fff0eec0000 - 0x00007fff0efe3000 	C:\Windows\System32\RPCRT4.dll
0x00007fff0d1f0000 - 0x00007fff0d217000 	C:\Windows\System32\bcrypt.dll
0x00007fff0f3b0000 - 0x00007fff0f54f000 	C:\Windows\System32\USER32.dll
0x00007fff0cc40000 - 0x00007fff0cc62000 	C:\Windows\System32\win32u.dll
0x00007fff0f050000 - 0x00007fff0f07b000 	C:\Windows\System32\GDI32.dll
0x00007fff0d220000 - 0x00007fff0d337000 	C:\Windows\System32\gdi32full.dll
0x00007fff0d150000 - 0x00007fff0d1ed000 	C:\Windows\System32\msvcp_win.dll
0x00007ffef8150000 - 0x00007ffef83ea000 	C:\Windows\WinSxS\amd64_microsoft.windows.common-controls_6595b64144ccf1df_6.0.19041.4355_none_60b8b9eb71f62e16\COMCTL32.dll
0x00007fff03d20000 - 0x00007fff03d2a000 	C:\Windows\SYSTEM32\VERSION.dll
0x00007fff0e110000 - 0x00007fff0e142000 	C:\Windows\System32\IMM32.DLL
0x00007fff07140000 - 0x00007fff0714c000 	C:\Program Files\Java\jdk-18.0.2.1\bin\vcruntime140_1.dll
0x00007ffedd7a0000 - 0x00007ffedd82d000 	C:\Program Files\Java\jdk-18.0.2.1\bin\msvcp140.dll
0x00007ffecee90000 - 0x00007ffecfaa1000 	C:\Program Files\Java\jdk-18.0.2.1\bin\server\jvm.dll
0x00007fff0f220000 - 0x00007fff0f228000 	C:\Windows\System32\PSAPI.DLL
0x00007ffef5c30000 - 0x00007ffef5c39000 	C:\Windows\SYSTEM32\WSOCK32.dll
0x00007ffef9a40000 - 0x00007ffef9a67000 	C:\Windows\SYSTEM32\WINMM.dll
0x00007fff0e5d0000 - 0x00007fff0e63b000 	C:\Windows\System32\WS2_32.dll
0x00007fff0b4a0000 - 0x00007fff0b4b2000 	C:\Windows\SYSTEM32\kernel.appcore.dll
0x00007fff06b30000 - 0x00007fff06b3a000 	C:\Program Files\Java\jdk-18.0.2.1\bin\jimage.dll
0x00007fff0b160000 - 0x00007fff0b344000 	C:\Windows\SYSTEM32\DBGHELP.DLL
0x00007fff049c0000 - 0x00007fff049f4000 	C:\Windows\SYSTEM32\dbgcore.DLL
0x00007fff0ccc0000 - 0x00007fff0cd42000 	C:\Windows\System32\bcryptPrimitives.dll
0x00007ffefa200000 - 0x00007ffefa225000 	C:\Program Files\Java\jdk-18.0.2.1\bin\java.dll
0x00007ffed04b0000 - 0x00007ffed0586000 	C:\Program Files\Java\jdk-18.0.2.1\bin\jsvml.dll
0x00007fff0d690000 - 0x00007fff0ddfd000 	C:\Windows\System32\SHELL32.dll
0x00007fff0a8f0000 - 0x00007fff0b08d000 	C:\Windows\SYSTEM32\windows.storage.dll
0x00007fff0e640000 - 0x00007fff0e993000 	C:\Windows\System32\combase.dll
0x00007fff0c590000 - 0x00007fff0c5be000 	C:\Windows\SYSTEM32\Wldp.dll
0x00007fff0f230000 - 0x00007fff0f2fd000 	C:\Windows\System32\OLEAUT32.dll
0x00007fff0f300000 - 0x00007fff0f3ad000 	C:\Windows\System32\SHCORE.dll
0x00007fff0f080000 - 0x00007fff0f0d5000 	C:\Windows\System32\shlwapi.dll
0x00007fff0cb70000 - 0x00007fff0cb94000 	C:\Windows\SYSTEM32\profapi.dll
0x00007ffef8db0000 - 0x00007ffef8dc3000 	C:\Program Files\Java\jdk-18.0.2.1\bin\net.dll
0x00007fff01000000 - 0x00007fff0110a000 	C:\Windows\SYSTEM32\WINHTTP.dll
0x00007fff0c2f0000 - 0x00007fff0c35a000 	C:\Windows\system32\mswsock.dll
0x00007ffef74e0000 - 0x00007ffef74f6000 	C:\Program Files\Java\jdk-18.0.2.1\bin\nio.dll
0x00007ffef74c0000 - 0x00007ffef74d8000 	C:\Program Files\Java\jdk-18.0.2.1\bin\zip.dll
0x00007fff06750000 - 0x00007fff06760000 	C:\Program Files\Java\jdk-18.0.2.1\bin\verify.dll
0x00007ffef73f0000 - 0x00007ffef7417000 	C:\Users\Dell\.gradle\native\68d5fa5c4cc2d200863cafc0d521ce42e7d3e7ee720ec0a83991735586a16f82\windows-amd64\native-platform.dll
0x00007ffed0360000 - 0x00007ffed04a4000 	C:\Users\Dell\.gradle\native\e376f236ea51e6404a007f0833ffe2c6e607c4080706a723a18a27aeea778392\windows-amd64\native-platform-file-events.dll
0x00007ffefb3a0000 - 0x00007ffefb3a9000 	C:\Program Files\Java\jdk-18.0.2.1\bin\management.dll
0x00007ffef9180000 - 0x00007ffef918b000 	C:\Program Files\Java\jdk-18.0.2.1\bin\management_ext.dll
0x00007fff0c4f0000 - 0x00007fff0c508000 	C:\Windows\SYSTEM32\CRYPTSP.dll
0x00007fff0bc10000 - 0x00007fff0bc44000 	C:\Windows\system32\rsaenh.dll
0x00007fff0cb20000 - 0x00007fff0cb4e000 	C:\Windows\SYSTEM32\USERENV.dll
0x00007fff0c4e0000 - 0x00007fff0c4ec000 	C:\Windows\SYSTEM32\CRYPTBASE.dll
0x00007fff0bfd0000 - 0x00007fff0c00b000 	C:\Windows\SYSTEM32\IPHLPAPI.DLL
0x00007fff0d5c0000 - 0x00007fff0d5c8000 	C:\Windows\System32\NSI.dll
0x00007fff01370000 - 0x00007fff01387000 	C:\Windows\SYSTEM32\dhcpcsvc6.DLL
0x00007fff01cf0000 - 0x00007fff01d0d000 	C:\Windows\SYSTEM32\dhcpcsvc.DLL
0x00007fff0c010000 - 0x00007fff0c0db000 	C:\Windows\SYSTEM32\DNSAPI.dll

dbghelp: loaded successfully - version: 4.0.5 - missing functions: none
symbol engine: initialized successfully - sym options: 0x614 - pdb path: .;C:\Program Files\Java\jdk-18.0.2.1\bin;C:\Windows\SYSTEM32;C:\Windows\WinSxS\amd64_microsoft.windows.common-controls_6595b64144ccf1df_6.0.19041.4355_none_60b8b9eb71f62e16;C:\Program Files\Java\jdk-18.0.2.1\bin\server;C:\Users\Dell\.gradle\native\68d5fa5c4cc2d200863cafc0d521ce42e7d3e7ee720ec0a83991735586a16f82\windows-amd64;C:\Users\Dell\.gradle\native\e376f236ea51e6404a007f0833ffe2c6e607c4080706a723a18a27aeea778392\windows-amd64

VM Arguments:
jvm_args: -XX:MaxMetaspaceSize=512m --add-opens=java.base/java.util=ALL-UNNAMED --add-opens=java.base/java.lang=ALL-UNNAMED --add-opens=java.base/java.lang.invoke=ALL-UNNAMED --add-opens=java.prefs/java.util.prefs=ALL-UNNAMED --add-opens=java.base/java.nio.charset=ALL-UNNAMED --add-opens=java.base/java.net=ALL-UNNAMED --add-opens=java.base/java.util.concurrent.atomic=ALL-UNNAMED -Xmx2048m -Dfile.encoding=UTF-8 -Duser.country=GB -Duser.language=en -Duser.variant 
java_command: org.gradle.launcher.daemon.bootstrap.GradleDaemon 8.0.1
java_class_path (initial): C:\Users\Dell\.gradle\wrapper\dists\gradle-8.0.1-all\aro4hu1c3oeioove7l0i4i14o\gradle-8.0.1\lib\gradle-launcher-8.0.1.jar
Launcher Type: SUN_STANDARD

[Global flags]
     intx CICompilerCount                          = 3                                         {product} {ergonomic}
   size_t CompressedClassSpaceSize                 = 432013312                                 {product} {ergonomic}
     uint ConcGCThreads                            = 1                                         {product} {ergonomic}
     uint G1ConcRefinementThreads                  = 4                                         {product} {ergonomic}
   size_t G1HeapRegionSize                         = 1048576                                   {product} {ergonomic}
    uintx GCDrainStackTargetSize                   = 64                                        {product} {ergonomic}
   size_t InitialHeapSize                          = 134217728                                 {product} {ergonomic}
   size_t MarkStackSize                            = 4194304                                   {product} {ergonomic}
   size_t MaxHeapSize                              = 2147483648                                {product} {command line}
   size_t MaxMetaspaceSize                         = 536870912                                 {product} {command line}
   size_t MaxNewSize                               = 1287651328                                {product} {ergonomic}
   size_t MinHeapDeltaBytes                        = 1048576                                   {product} {ergonomic}
   size_t MinHeapSize                              = 8388608                                   {product} {ergonomic}
    uintx NonNMethodCodeHeapSize                   = 5832780                                {pd product} {ergonomic}
    uintx NonProfiledCodeHeapSize                  = 122912730                              {pd product} {ergonomic}
    uintx ProfiledCodeHeapSize                     = 122912730                              {pd product} {ergonomic}
    uintx ReservedCodeCacheSize                    = 251658240                              {pd product} {ergonomic}
     bool SegmentedCodeCache                       = true                                      {product} {ergonomic}
   size_t SoftMaxHeapSize                          = 2147483648                             {manageable} {ergonomic}
     bool UseCompressedClassPointers               = true                           {product lp64_product} {ergonomic}
     bool UseCompressedOops                        = true                           {product lp64_product} {ergonomic}
     bool UseG1GC                                  = true                                      {product} {ergonomic}
     bool UseLargePagesIndividualAllocation        = false                                  {pd product} {ergonomic}

Logging:
Log output configuration:
 #0: stdout all=warning uptime,level,tags foldmultilines=false
 #1: stderr all=off uptime,level,tags foldmultilines=false

Environment Variables:
JAVA_HOME=C:\Program Files\Java\jdk-18.0.2.1
CLASSPATH=D:\React-native\UserG\android\\gradle\wrapper\gradle-wrapper.jar
PATH=D:\React-native\UserG\node_modules\.bin;D:\React-native\UserG\node_modules\.bin;D:\React-native\node_modules\.bin;D:\node_modules\.bin;C:\Program Files\nodejs\node_modules\npm\node_modules\@npmcli\run-script\lib\node-gyp-bin;D:\React-native\UserG\node_modules\.bin;D:\React-native\UserG\node_modules\.bin;D:\React-native\node_modules\.bin;D:\node_modules\.bin;C:\Program Files\nodejs\node_modules\npm\node_modules\@npmcli\run-script\lib\node-gyp-bin;C:\Program Files\Common Files\Oracle\Java\javapath;C:\Program Files\Java\jdk1.8.0_341\bin;C:\Program Files\nodejs\;C:\Program Files\Git\cmd;C:\Users\Dell\AppData\Local\Microsoft\WindowsApps;D:\vs code\Microsoft VS Code\bin;D:\Java\IntelliJ IDEA Community Edition 2022.3.1\bin;;C:\Program Files\Java\jdk1.8.0_341\bin;C:\Users\Dell\AppData\Roaming\npm
USERNAME=Dell
OS=Windows_NT
PROCESSOR_IDENTIFIER=Intel64 Family 6 Model 78 Stepping 3, GenuineIntel



---------------  S Y S T E M  ---------------

OS:
 Windows 10 , 64 bit Build 19041 (10.0.19041.3636)
OS uptime: 1 days 3:27 hours

CPU: total 4 (initial active 4) (2 cores per cpu, 2 threads per core) family 6 model 78 stepping 3 microcode 0xf0, cx8, cmov, fxsr, ht, mmx, 3dnowpref, sse, sse2, sse3, ssse3, sse4.1, sse4.2, popcnt, lzcnt, tsc, tscinvbit, avx, avx2, aes, erms, clmul, bmi1, bmi2, rtm, adx, fma, vzeroupper, clflush, clflushopt

Memory: 4k page, system-wide physical 8087M (482M free)
TotalPageFile size 20710M (AvailPageFile size 6M)
current process WorkingSet (physical memory assigned to process): 191M, peak: 207M
current process commit charge ("private bytes"): 264M, peak: 286M

vm_info: Java HotSpot(TM) 64-Bit Server VM (18.0.2.1+1-1) for windows-amd64 JRE (18.0.2.1+1-1), built on Aug 16 2022 01:46:33 by "mach5one" with MS VC++ 16.8 / 16.9 (VS2019)

END.
