#
# There is insufficient memory for the Java Runtime Environment to continue.
# Native memory allocation (mmap) failed to map 12582912 bytes for G1 virtual space
# Possible reasons:
#   The system is out of physical RAM or swap space
#   The process is running with CompressedOops enabled, and the Java Heap may be blocking the growth of the native heap
# Possible solutions:
#   Reduce memory load on the system
#   Increase physical memory or swap space
#   Check if swap backing store is full
#   Decrease Java heap size (-Xmx/-Xms)
#   Decrease number of Java threads
#   Decrease Java thread stack sizes (-Xss)
#   Set larger code cache with -XX:ReservedCodeCacheSize=
#   JVM is running with Unscaled Compressed Oops mode in which the Java heap is
#     placed in the first 4GB address space. The Java Heap base address is the
#     maximum limit for the native heap growth. Please use -XX:HeapBaseMinAddress
#     to set the Java Heap base and to place the Java Heap above 4GB virtual address.
# This output file may be truncated or incomplete.
#
#  Out of Memory Error (os_windows.cpp:3530), pid=18908, tid=13672
#
# JRE version: Java(TM) SE Runtime Environment (18.0.2.1+1) (build 18.0.2.1+1-1)
# Java VM: Java HotSpot(TM) 64-Bit Server VM (18.0.2.1+1-1, mixed mode, sharing, tiered, compressed oops, compressed class ptrs, g1 gc, windows-amd64)
# No core dump will be written. Minidumps are not enabled by default on client versions of Windows
#

---------------  S U M M A R Y ------------

Command Line: -XX:MaxMetaspaceSize=512m --add-opens=java.base/java.util=ALL-UNNAMED --add-opens=java.base/java.lang=ALL-UNNAMED --add-opens=java.base/java.lang.invoke=ALL-UNNAMED --add-opens=java.prefs/java.util.prefs=ALL-UNNAMED --add-opens=java.base/java.nio.charset=ALL-UNNAMED --add-opens=java.base/java.net=ALL-UNNAMED --add-opens=java.base/java.util.concurrent.atomic=ALL-UNNAMED -Xmx2048m -Dfile.encoding=utf8 -Duser.country=GB -Duser.language=en -Duser.variant org.gradle.launcher.daemon.bootstrap.GradleDaemon 8.0.1

Host: Intel(R) Core(TM) i5-6300U CPU @ 2.40GHz, 4 cores, 7G,  Windows 10 , 64 bit Build 19041 (10.0.19041.3636)
Time: Tue May 14 18:28:22 2024 India Standard Time elapsed time: 277.486887 seconds (0d 0h 4m 37s)

---------------  T H R E A D  ---------------

Current thread (0x00000250ff2bcd60):  VMThread "VM Thread" [stack: 0x000000f288d00000,0x000000f288e00000] [id=13672]

Stack: [0x000000f288d00000,0x000000f288e00000]
Native frames: (J=compiled Java code, j=interpreted, Vv=VM code, C=native code)
V  [jvm.dll+0x6993aa]
V  [jvm.dll+0x7f46dd]
V  [jvm.dll+0x7f5fee]
V  [jvm.dll+0x7f66a3]
V  [jvm.dll+0x25cf1f]
V  [jvm.dll+0x6962f9]
V  [jvm.dll+0x68ae2a]
V  [jvm.dll+0x32255b]
V  [jvm.dll+0x329f36]
V  [jvm.dll+0x37eade]
V  [jvm.dll+0x37ed0f]
V  [jvm.dll+0x2fa2da]
V  [jvm.dll+0x2fd0d6]
V  [jvm.dll+0x307545]
V  [jvm.dll+0x33c650]
V  [jvm.dll+0x7fb48b]
V  [jvm.dll+0x7fc224]
V  [jvm.dll+0x7fc75c]
V  [jvm.dll+0x7fcbb4]
V  [jvm.dll+0x7fcc77]
V  [jvm.dll+0x7a120a]
V  [jvm.dll+0x698255]
C  [ucrtbase.dll+0x21bb2]
C  [KERNEL32.DLL+0x17344]
C  [ntdll.dll+0x526b1]

VM_Operation (0x000000f2889ff720): G1Concurrent, mode: safepoint, requested by thread 0x00000250f4998c40


---------------  P R O C E S S  ---------------

Threads class SMR info:
_java_thread_list=0x0000025099625a70, length=86, elements={
0x00000250f49277f0, 0x00000250ff2c3c80, 0x00000250ff2c8800, 0x00000250ff2dfc70,
0x00000250ff2e1530, 0x00000250ff2e1de0, 0x00000250ff2e27d0, 0x00000250ff2e69f0,
0x00000250ff2e9570, 0x00000250ff2ece80, 0x00000250ff5252f0, 0x00000250ff529be0,
0x00000250986a58a0, 0x0000025098033e10, 0x0000025098419c60, 0x0000025098552cd0,
0x00000250ff35c820, 0x00000250ff4e2db0, 0x000002509768f230, 0x00000250984bb750,
0x00000250984bc0f0, 0x00000250984ba8e0, 0x00000250984bb280, 0x00000250984badb0,
0x00000250984bca90, 0x00000250984b90d0, 0x00000250984b9a70, 0x00000250984ba410,
0x00000250977d8ca0, 0x00000250977d6fc0, 0x00000250977dae50, 0x00000250977dd9a0,
0x00000250977d7e30, 0x00000250977db320, 0x00000250977dc190, 0x00000250977d9b10,
0x00000250977db7f0, 0x00000250977dc660, 0x00000250977d9fe0, 0x00000250977d87d0,
0x00000250977d6620, 0x00000250977d6af0, 0x00000250977d7960, 0x00000250977d9170,
0x00000250984b9f40, 0x0000025098ae5a00, 0x0000025098ae7bb0, 0x0000025098ae5ed0,
0x0000025098ae6d40, 0x0000025098ae7210, 0x0000025098ae63a0, 0x0000025098ae6870,
0x0000025098ae76e0, 0x0000025098ae8080, 0x0000025098ae8550, 0x0000025098ae8a20,
0x0000025098ae5060, 0x0000025098ae5530, 0x00000250ff5d8480, 0x00000250ff5dd650,
0x00000250ff5d8950, 0x00000250ff5d5e00, 0x00000250ff5dc7e0, 0x00000250ff5d67a0,
0x00000250ff5d62d0, 0x00000250ff5dbe40, 0x00000250ff5d7ae0, 0x00000250ff5d7140,
0x00000250ff5d97c0, 0x00000250ff5d7610, 0x00000250ff5d7fb0, 0x00000250ff5da160,
0x00000250ff5da630, 0x00000250ff5dab00, 0x00000250ff5dafd0, 0x00000250ff5db4a0,
0x00000250ff5db970, 0x000002509a373200, 0x000002509a374ee0, 0x000002509a377560,
0x000002509a372860, 0x000002509a372d30, 0x000002509a371520, 0x000002509a3736d0,
0x000002509a373ba0, 0x000002509a374070
}

Java Threads: ( => current thread )
  0x00000250f49277f0 JavaThread "main" [_thread_blocked, id=20796, stack(0x000000f288700000,0x000000f288800000)]
  0x00000250ff2c3c80 JavaThread "Reference Handler" daemon [_thread_blocked, id=2616, stack(0x000000f288e00000,0x000000f288f00000)]
  0x00000250ff2c8800 JavaThread "Finalizer" daemon [_thread_blocked, id=14572, stack(0x000000f288f00000,0x000000f289000000)]
  0x00000250ff2dfc70 JavaThread "Signal Dispatcher" daemon [_thread_blocked, id=18400, stack(0x000000f289000000,0x000000f289100000)]
  0x00000250ff2e1530 JavaThread "Attach Listener" daemon [_thread_blocked, id=21916, stack(0x000000f289100000,0x000000f289200000)]
  0x00000250ff2e1de0 JavaThread "Service Thread" daemon [_thread_blocked, id=19684, stack(0x000000f289200000,0x000000f289300000)]
  0x00000250ff2e27d0 JavaThread "Monitor Deflation Thread" daemon [_thread_blocked, id=15264, stack(0x000000f289300000,0x000000f289400000)]
  0x00000250ff2e69f0 JavaThread "C2 CompilerThread0" daemon [_thread_blocked, id=22064, stack(0x000000f289400000,0x000000f289500000)]
  0x00000250ff2e9570 JavaThread "C1 CompilerThread0" daemon [_thread_blocked, id=22416, stack(0x000000f289500000,0x000000f289600000)]
  0x00000250ff2ece80 JavaThread "Sweeper thread" daemon [_thread_blocked, id=10556, stack(0x000000f289600000,0x000000f289700000)]
  0x00000250ff5252f0 JavaThread "Common-Cleaner" daemon [_thread_blocked, id=20108, stack(0x000000f289700000,0x000000f289800000)]
  0x00000250ff529be0 JavaThread "Notification Thread" daemon [_thread_blocked, id=9556, stack(0x000000f289800000,0x000000f289900000)]
  0x00000250986a58a0 JavaThread "Daemon health stats" [_thread_blocked, id=14200, stack(0x000000f289d00000,0x000000f289e00000)]
  0x0000025098033e10 JavaThread "Incoming local TCP Connector on port 57660" [_thread_in_native, id=8084, stack(0x000000f289e00000,0x000000f289f00000)]
  0x0000025098419c60 JavaThread "Daemon periodic checks" [_thread_blocked, id=20096, stack(0x000000f289f00000,0x000000f28a000000)]
  0x0000025098552cd0 JavaThread "Daemon" [_thread_blocked, id=19656, stack(0x000000f28a000000,0x000000f28a100000)]
  0x00000250ff35c820 JavaThread "Handler for socket connection from /127.0.0.1:57660 to /127.0.0.1:57662" [_thread_in_native, id=21024, stack(0x000000f28a100000,0x000000f28a200000)]
  0x00000250ff4e2db0 JavaThread "Cancel handler" [_thread_blocked, id=5948, stack(0x000000f28a200000,0x000000f28a300000)]
  0x000002509768f230 JavaThread "Daemon worker" [_thread_blocked, id=16440, stack(0x000000f28a300000,0x000000f28a400000)]
  0x00000250984bb750 JavaThread "Asynchronous log dispatcher for DefaultDaemonConnection: socket connection from /127.0.0.1:57660 to /127.0.0.1:57662" [_thread_blocked, id=5800, stack(0x000000f28a400000,0x000000f28a500000)]
  0x00000250984bc0f0 JavaThread "Daemon client event forwarder" [_thread_blocked, id=5008, stack(0x000000f28a600000,0x000000f28a700000)]
  0x00000250984ba8e0 JavaThread "Cache worker for journal cache (C:\Users\Dell\.gradle\caches\journal-1)" [_thread_blocked, id=21332, stack(0x000000f28a700000,0x000000f28a800000)]
  0x00000250984bb280 JavaThread "File lock request listener" [_thread_in_native, id=14356, stack(0x000000f28a800000,0x000000f28a900000)]
  0x00000250984badb0 JavaThread "Cache worker for file hash cache (C:\Users\Dell\.gradle\caches\8.0.1\fileHashes)" [_thread_blocked, id=19744, stack(0x000000f28a900000,0x000000f28aa00000)]
  0x00000250984bca90 JavaThread "File watcher server" daemon [_thread_in_native, id=5992, stack(0x000000f28aa00000,0x000000f28ab00000)]
  0x00000250984b90d0 JavaThread "File watcher consumer" daemon [_thread_blocked, id=14768, stack(0x000000f28ab00000,0x000000f28ac00000)]
  0x00000250984b9a70 JavaThread "Cache worker for checksums cache (D:\React-native\UserG\android\.gradle\8.0.1\checksums)" [_thread_blocked, id=22428, stack(0x000000f28ad00000,0x000000f28ae00000)]
  0x00000250984ba410 JavaThread "Cache worker for cache directory md-rule (C:\Users\Dell\.gradle\caches\8.0.1\md-rule)" [_thread_blocked, id=12208, stack(0x000000f28ae00000,0x000000f28af00000)]
  0x00000250977d8ca0 JavaThread "Cache worker for file content cache (C:\Users\Dell\.gradle\caches\8.0.1\fileContent)" [_thread_blocked, id=10832, stack(0x000000f28af00000,0x000000f28b000000)]
  0x00000250977d6fc0 JavaThread "Cache worker for file hash cache (D:\React-native\UserG\android\.gradle\8.0.1\fileHashes)" [_thread_blocked, id=12092, stack(0x000000f28b000000,0x000000f28b100000)]
  0x00000250977dae50 JavaThread "Cache worker for cache directory md-supplier (C:\Users\Dell\.gradle\caches\8.0.1\md-supplier)" [_thread_blocked, id=13864, stack(0x000000f28b100000,0x000000f28b200000)]
  0x00000250977dd9a0 JavaThread "Cache worker for execution history cache (C:\Users\Dell\.gradle\caches\8.0.1\executionHistory)" [_thread_blocked, id=17992, stack(0x000000f28b200000,0x000000f28b300000)]
  0x00000250977d7e30 JavaThread "jar transforms" [_thread_blocked, id=12452, stack(0x000000f28b300000,0x000000f28b400000)]
  0x00000250977db320 JavaThread "jar transforms Thread 2" [_thread_blocked, id=4380, stack(0x000000f28b400000,0x000000f28b500000)]
  0x00000250977dc190 JavaThread "jar transforms Thread 3" [_thread_blocked, id=10580, stack(0x000000f28b500000,0x000000f28b600000)]
  0x00000250977d9b10 JavaThread "jar transforms Thread 4" [_thread_blocked, id=17888, stack(0x000000f28b600000,0x000000f28b700000)]
  0x00000250977db7f0 JavaThread "Cache worker for kotlin-dsl (C:\Users\Dell\.gradle\caches\8.0.1\kotlin-dsl)" [_thread_blocked, id=20476, stack(0x000000f288400000,0x000000f288500000)]
  0x00000250977dc660 JavaThread "Cache worker for dependencies-accessors (D:\React-native\UserG\android\.gradle\8.0.1\dependencies-accessors)" [_thread_blocked, id=3392, stack(0x000000f288500000,0x000000f288600000)]
  0x00000250977d9fe0 JavaThread "Cache worker for Build Output Cleanup Cache (D:\React-native\UserG\node_modules\@react-native\gradle-plugin\.gradle\buildOutputCleanup)" [_thread_blocked, id=21340, stack(0x000000f288600000,0x000000f288700000)]
  0x00000250977d87d0 JavaThread "Unconstrained build operations" [_thread_blocked, id=4896, stack(0x000000f28a500000,0x000000f28a600000)]
  0x00000250977d6620 JavaThread "Unconstrained build operations Thread 2" [_thread_blocked, id=5688, stack(0x000000f28b700000,0x000000f28b800000)]
  0x00000250977d6af0 JavaThread "Unconstrained build operations Thread 3" [_thread_blocked, id=19152, stack(0x000000f28b800000,0x000000f28b900000)]
  0x00000250977d7960 JavaThread "Unconstrained build operations Thread 4" [_thread_blocked, id=7720, stack(0x000000f28b900000,0x000000f28ba00000)]
  0x00000250977d9170 JavaThread "Unconstrained build operations Thread 5" [_thread_blocked, id=32, stack(0x000000f28ba00000,0x000000f28bb00000)]
  0x00000250984b9f40 JavaThread "Unconstrained build operations Thread 6" [_thread_blocked, id=8712, stack(0x000000f28bb00000,0x000000f28bc00000)]
  0x0000025098ae5a00 JavaThread "Unconstrained build operations Thread 7" [_thread_blocked, id=13108, stack(0x000000f28bc00000,0x000000f28bd00000)]
  0x0000025098ae7bb0 JavaThread "Unconstrained build operations Thread 8" [_thread_blocked, id=21972, stack(0x000000f28bd00000,0x000000f28be00000)]
  0x0000025098ae5ed0 JavaThread "Unconstrained build operations Thread 9" [_thread_blocked, id=15160, stack(0x000000f28be00000,0x000000f28bf00000)]
  0x0000025098ae6d40 JavaThread "Unconstrained build operations Thread 10" [_thread_blocked, id=10412, stack(0x000000f28bf00000,0x000000f28c000000)]
  0x0000025098ae7210 JavaThread "Unconstrained build operations Thread 11" [_thread_blocked, id=22156, stack(0x000000f28c000000,0x000000f28c100000)]
  0x0000025098ae63a0 JavaThread "Unconstrained build operations Thread 12" [_thread_blocked, id=15744, stack(0x000000f28c100000,0x000000f28c200000)]
  0x0000025098ae6870 JavaThread "Unconstrained build operations Thread 13" [_thread_blocked, id=6824, stack(0x000000f28c200000,0x000000f28c300000)]
  0x0000025098ae76e0 JavaThread "Unconstrained build operations Thread 14" [_thread_blocked, id=17304, stack(0x000000f28c300000,0x000000f28c400000)]
  0x0000025098ae8080 JavaThread "Unconstrained build operations Thread 15" [_thread_blocked, id=2832, stack(0x000000f28c400000,0x000000f28c500000)]
  0x0000025098ae8550 JavaThread "Unconstrained build operations Thread 16" [_thread_blocked, id=7504, stack(0x000000f28c500000,0x000000f28c600000)]
  0x0000025098ae8a20 JavaThread "Unconstrained build operations Thread 17" [_thread_blocked, id=8428, stack(0x000000f28c600000,0x000000f28c700000)]
  0x0000025098ae5060 JavaThread "Unconstrained build operations Thread 18" [_thread_blocked, id=3524, stack(0x000000f28c700000,0x000000f28c800000)]
  0x0000025098ae5530 JavaThread "Unconstrained build operations Thread 19" [_thread_blocked, id=21036, stack(0x000000f28c800000,0x000000f28c900000)]
  0x00000250ff5d8480 JavaThread "Unconstrained build operations Thread 20" [_thread_blocked, id=18028, stack(0x000000f28c900000,0x000000f28ca00000)]
  0x00000250ff5dd650 JavaThread "Unconstrained build operations Thread 21" [_thread_blocked, id=18424, stack(0x000000f28ca00000,0x000000f28cb00000)]
  0x00000250ff5d8950 JavaThread "Unconstrained build operations Thread 22" [_thread_blocked, id=16756, stack(0x000000f28cb00000,0x000000f28cc00000)]
  0x00000250ff5d5e00 JavaThread "Unconstrained build operations Thread 23" [_thread_blocked, id=19232, stack(0x000000f28cc00000,0x000000f28cd00000)]
  0x00000250ff5dc7e0 JavaThread "Unconstrained build operations Thread 24" [_thread_blocked, id=1184, stack(0x000000f28cd00000,0x000000f28ce00000)]
  0x00000250ff5d67a0 JavaThread "Unconstrained build operations Thread 25" [_thread_blocked, id=19324, stack(0x000000f28ce00000,0x000000f28cf00000)]
  0x00000250ff5d62d0 JavaThread "Unconstrained build operations Thread 26" [_thread_blocked, id=14372, stack(0x000000f28cf00000,0x000000f28d000000)]
  0x00000250ff5dbe40 JavaThread "Memory manager" [_thread_blocked, id=20876, stack(0x000000f28d000000,0x000000f28d100000)]
  0x00000250ff5d7ae0 JavaThread "Cache worker for Build Output Cleanup Cache (D:\React-native\UserG\android\.gradle\buildOutputCleanup)" [_thread_blocked, id=2784, stack(0x000000f28d100000,0x000000f28d200000)]
  0x00000250ff5d7140 JavaThread "included builds" [_thread_blocked, id=15276, stack(0x000000f28d200000,0x000000f28d300000)]
  0x00000250ff5d97c0 JavaThread "Execution worker" [_thread_blocked, id=19888, stack(0x000000f28d300000,0x000000f28d400000)]
  0x00000250ff5d7610 JavaThread "Execution worker Thread 2" [_thread_blocked, id=11096, stack(0x000000f28d400000,0x000000f28d500000)]
  0x00000250ff5d7fb0 JavaThread "Execution worker Thread 3" [_thread_blocked, id=15340, stack(0x000000f28d500000,0x000000f28d600000)]
  0x00000250ff5da160 JavaThread "Cache worker for execution history cache (D:\React-native\UserG\node_modules\@react-native\gradle-plugin\.gradle\8.0.1\executionHistory)" [_thread_blocked, id=9524, stack(0x000000f28d600000,0x000000f28d700000)]
  0x00000250ff5da630 JavaThread "Unconstrained build operations Thread 27" [_thread_blocked, id=13192, stack(0x000000f28d700000,0x000000f28d800000)]
  0x00000250ff5dab00 JavaThread "Unconstrained build operations Thread 28" [_thread_blocked, id=12224, stack(0x000000f28d800000,0x000000f28d900000)]
  0x00000250ff5dafd0 JavaThread "Unconstrained build operations Thread 29" [_thread_blocked, id=632, stack(0x000000f28d900000,0x000000f28da00000)]
  0x00000250ff5db4a0 JavaThread "Unconstrained build operations Thread 30" [_thread_blocked, id=18180, stack(0x000000f28da00000,0x000000f28db00000)]
  0x00000250ff5db970 JavaThread "Unconstrained build operations Thread 31" [_thread_blocked, id=3300, stack(0x000000f28db00000,0x000000f28dc00000)]
  0x000002509a373200 JavaThread "Unconstrained build operations Thread 32" [_thread_blocked, id=3900, stack(0x000000f28dc00000,0x000000f28dd00000)]
  0x000002509a374ee0 JavaThread "Unconstrained build operations Thread 33" [_thread_blocked, id=2376, stack(0x000000f28dd00000,0x000000f28de00000)]
  0x000002509a377560 JavaThread "Unconstrained build operations Thread 34" [_thread_blocked, id=2884, stack(0x000000f28de00000,0x000000f28df00000)]
  0x000002509a372860 JavaThread "Unconstrained build operations Thread 35" [_thread_blocked, id=10756, stack(0x000000f28df00000,0x000000f28e000000)]
  0x000002509a372d30 JavaThread "Unconstrained build operations Thread 36" [_thread_blocked, id=19376, stack(0x000000f28e000000,0x000000f28e100000)]
  0x000002509a371520 JavaThread "Unconstrained build operations Thread 37" [_thread_blocked, id=4644, stack(0x000000f28e100000,0x000000f28e200000)]
  0x000002509a3736d0 JavaThread "Unconstrained build operations Thread 38" [_thread_blocked, id=17016, stack(0x000000f28e200000,0x000000f28e300000)]
  0x000002509a373ba0 JavaThread "Unconstrained build operations Thread 39" [_thread_blocked, id=2532, stack(0x000000f28e300000,0x000000f28e400000)]
  0x000002509a374070 JavaThread "Unconstrained build operations Thread 40" [_thread_blocked, id=916, stack(0x000000f28e400000,0x000000f28e500000)]

Other Threads:
=>0x00000250ff2bcd60 VMThread "VM Thread" [stack: 0x000000f288d00000,0x000000f288e00000] [id=13672]
  0x00000250ff52c4b0 WatcherThread "VM Periodic Task Thread" [stack: 0x000000f289900000,0x000000f289a00000] [id=3064]
  0x00000250f4987e00 WorkerThread "GC Thread#0" [stack: 0x000000f288800000,0x000000f288900000] [id=7516]
  0x00000250ff58ee40 WorkerThread "GC Thread#1" [stack: 0x000000f289a00000,0x000000f289b00000] [id=7568]
  0x00000250ff7dd6f0 WorkerThread "GC Thread#2" [stack: 0x000000f289b00000,0x000000f289c00000] [id=14180]
  0x00000250975d0d60 WorkerThread "GC Thread#3" [stack: 0x000000f289c00000,0x000000f289d00000] [id=14508]
  0x00000250f4998c40 ConcurrentGCThread "G1 Main Marker" [stack: 0x000000f288900000,0x000000f288a00000] [id=6132]
  0x00000250f4999ce0 WorkerThread "G1 Conc#0" [stack: 0x000000f288a00000,0x000000f288b00000] [id=17920]
  0x00000250f49d7c60 ConcurrentGCThread "G1 Refine#0" [stack: 0x000000f288b00000,0x000000f288c00000] [id=14064]
  0x0000025097587690 ConcurrentGCThread "G1 Refine#1" [stack: 0x000000f28ac00000,0x000000f28ad00000] [id=12620]
  0x00000250f49d8480 ConcurrentGCThread "G1 Service" [stack: 0x000000f288c00000,0x000000f288d00000] [id=9360]

Threads with active compile tasks:

VM state: at safepoint (normal execution)

VM Mutex/Monitor currently owned by a thread:  ([mutex/lock_event])
[0x00000250f4922510] Threads_lock - owner thread: 0x00000250ff2bcd60
[0x00000250f4923cb0] Heap_lock - owner thread: 0x00000250f4998c40

Heap address: 0x0000000080000000, size: 2048 MB, Compressed Oops mode: 32-bit

CDS archive(s) mapped at: [0x0000000800000000-0x0000000800ba0000-0x0000000800ba0000), size 12189696, SharedBaseAddress: 0x0000000800000000, ArchiveRelocationMode: 0.
Compressed class space mapped at: 0x0000000800c00000-0x000000081a800000, reserved size: 432013312
Narrow klass base: 0x0000000800000000, Narrow klass shift: 0, Narrow klass range: 0x100000000

GC Precious Log:
 CardTable entry size: 512
 Card Set container configuration: InlinePtr #cards 5 size 8 Array Of Cards #cards 12 size 40 Howl #buckets 4 coarsen threshold 1843 Howl Bitmap #cards 512 size 80 coarsen threshold 460 Card regions per heap region 1 cards per card region 2048
 CPUs: 4 total, 4 available
 Memory: 8087M
 Large Page Support: Disabled
 NUMA Support: Disabled
 Compressed Oops: Enabled (32-bit)
 Heap Region Size: 1M
 Heap Min Capacity: 8M
 Heap Initial Capacity: 128M
 Heap Max Capacity: 2G
 Pre-touch: Disabled
 Parallel Workers: 4
 Concurrent Workers: 1
 Concurrent Refinement Workers: 4
 Periodic GC: Disabled

Heap:
 garbage-first heap   total 131072K, used 84109K [0x0000000080000000, 0x0000000100000000)
  region size 1024K, 8 young (8192K), 1 survivors (1024K)
 Metaspace       used 71639K, committed 73600K, reserved 487424K
  class space    used 9849K, committed 10880K, reserved 421888K

Heap Regions: E=young(eden), S=young(survivor), O=old, HS=humongous(starts), HC=humongous(continues), CS=collection set, F=free, OA=open archive, CA=closed archive, TAMS=top-at-mark-start (previous, next)
|   0|0x0000000080000000, 0x0000000080100000, 0x0000000080100000|100%| O|  |TAMS 0x0000000080100000, 0x0000000080000000| Untracked 
|   1|0x0000000080100000, 0x0000000080200000, 0x0000000080200000|100%| O|  |TAMS 0x0000000080200000, 0x0000000080100000| Untracked 
|   2|0x0000000080200000, 0x0000000080300000, 0x0000000080300000|100%| O|  |TAMS 0x0000000080300000, 0x0000000080200000| Untracked 
|   3|0x0000000080300000, 0x0000000080400000, 0x0000000080400000|100%|HS|  |TAMS 0x0000000080400000, 0x0000000080300000| Complete 
|   4|0x0000000080400000, 0x0000000080500000, 0x0000000080500000|100%|HC|  |TAMS 0x0000000080500000, 0x0000000080400000| Complete 
|   5|0x0000000080500000, 0x0000000080600000, 0x0000000080600000|100%|HC|  |TAMS 0x0000000080600000, 0x0000000080500000| Complete 
|   6|0x0000000080600000, 0x0000000080700000, 0x0000000080700000|100%|HC|  |TAMS 0x0000000080700000, 0x0000000080600000| Complete 
|   7|0x0000000080700000, 0x0000000080800000, 0x0000000080800000|100%| O|  |TAMS 0x0000000080800000, 0x0000000080700000| Untracked 
|   8|0x0000000080800000, 0x0000000080900000, 0x0000000080900000|100%| O|  |TAMS 0x0000000080900000, 0x0000000080800000| Untracked 
|   9|0x0000000080900000, 0x0000000080a00000, 0x0000000080a00000|100%| O|  |TAMS 0x0000000080a00000, 0x0000000080900000| Untracked 
|  10|0x0000000080a00000, 0x0000000080b00000, 0x0000000080b00000|100%| O|  |TAMS 0x0000000080b00000, 0x0000000080a00000| Untracked 
|  11|0x0000000080b00000, 0x0000000080c00000, 0x0000000080c00000|100%| O|  |TAMS 0x0000000080c00000, 0x0000000080b00000| Untracked 
|  12|0x0000000080c00000, 0x0000000080d00000, 0x0000000080d00000|100%| O|  |TAMS 0x0000000080d00000, 0x0000000080c00000| Untracked 
|  13|0x0000000080d00000, 0x0000000080e00000, 0x0000000080e00000|100%| O|  |TAMS 0x0000000080e00000, 0x0000000080d00000| Untracked 
|  14|0x0000000080e00000, 0x0000000080f00000, 0x0000000080f00000|100%| O|  |TAMS 0x0000000080f00000, 0x0000000080e00000| Untracked 
|  15|0x0000000080f00000, 0x0000000081000000, 0x0000000081000000|100%| O|  |TAMS 0x0000000081000000, 0x0000000080f00000| Untracked 
|  16|0x0000000081000000, 0x0000000081100000, 0x0000000081100000|100%| O|  |TAMS 0x0000000081100000, 0x0000000081000000| Untracked 
|  17|0x0000000081100000, 0x0000000081200000, 0x0000000081200000|100%| O|  |TAMS 0x0000000081200000, 0x0000000081100000| Untracked 
|  18|0x0000000081200000, 0x0000000081300000, 0x0000000081300000|100%| O|  |TAMS 0x0000000081300000, 0x0000000081200000| Untracked 
|  19|0x0000000081300000, 0x0000000081400000, 0x0000000081400000|100%| O|  |TAMS 0x0000000081400000, 0x0000000081300000| Untracked 
|  20|0x0000000081400000, 0x0000000081500000, 0x0000000081500000|100%| O|  |TAMS 0x0000000081500000, 0x0000000081400000| Untracked 
|  21|0x0000000081500000, 0x0000000081600000, 0x0000000081600000|100%| O|  |TAMS 0x0000000081600000, 0x0000000081500000| Untracked 
|  22|0x0000000081600000, 0x0000000081700000, 0x0000000081700000|100%| O|  |TAMS 0x0000000081700000, 0x0000000081600000| Untracked 
|  23|0x0000000081700000, 0x0000000081800000, 0x0000000081800000|100%| O|  |TAMS 0x0000000081800000, 0x0000000081700000| Untracked 
|  24|0x0000000081800000, 0x0000000081900000, 0x0000000081900000|100%| O|  |TAMS 0x0000000081900000, 0x0000000081800000| Untracked 
|  25|0x0000000081900000, 0x0000000081a00000, 0x0000000081a00000|100%| O|  |TAMS 0x0000000081a00000, 0x0000000081900000| Untracked 
|  26|0x0000000081a00000, 0x0000000081b00000, 0x0000000081b00000|100%| O|  |TAMS 0x0000000081b00000, 0x0000000081a00000| Untracked 
|  27|0x0000000081b00000, 0x0000000081c00000, 0x0000000081c00000|100%| O|  |TAMS 0x0000000081c00000, 0x0000000081b00000| Untracked 
|  28|0x0000000081c00000, 0x0000000081d00000, 0x0000000081d00000|100%| O|  |TAMS 0x0000000081d00000, 0x0000000081c00000| Untracked 
|  29|0x0000000081d00000, 0x0000000081e00000, 0x0000000081e00000|100%| O|  |TAMS 0x0000000081e00000, 0x0000000081d00000| Untracked 
|  30|0x0000000081e00000, 0x0000000081f00000, 0x0000000081f00000|100%| O|  |TAMS 0x0000000081f00000, 0x0000000081e00000| Updating 
|  31|0x0000000081f00000, 0x0000000082000000, 0x0000000082000000|100%| O|  |TAMS 0x0000000082000000, 0x0000000081f00000| Untracked 
|  32|0x0000000082000000, 0x0000000082100000, 0x0000000082100000|100%| O|  |TAMS 0x0000000082100000, 0x0000000082000000| Untracked 
|  33|0x0000000082100000, 0x0000000082200000, 0x0000000082200000|100%| O|  |TAMS 0x0000000082200000, 0x0000000082100000| Updating 
|  34|0x0000000082200000, 0x0000000082300000, 0x0000000082300000|100%| O|  |TAMS 0x0000000082300000, 0x0000000082200000| Untracked 
|  35|0x0000000082300000, 0x0000000082400000, 0x0000000082400000|100%| O|  |TAMS 0x0000000082400000, 0x0000000082300000| Untracked 
|  36|0x0000000082400000, 0x0000000082500000, 0x0000000082500000|100%|HS|  |TAMS 0x0000000082500000, 0x0000000082400000| Complete 
|  37|0x0000000082500000, 0x0000000082600000, 0x0000000082600000|100%|HC|  |TAMS 0x0000000082600000, 0x0000000082500000| Complete 
|  38|0x0000000082600000, 0x0000000082700000, 0x0000000082700000|100%| O|  |TAMS 0x0000000082700000, 0x0000000082600000| Untracked 
|  39|0x0000000082700000, 0x0000000082800000, 0x0000000082800000|100%|HS|  |TAMS 0x0000000082800000, 0x0000000082700000| Complete 
|  40|0x0000000082800000, 0x0000000082900000, 0x0000000082900000|100%|HC|  |TAMS 0x0000000082900000, 0x0000000082800000| Complete 
|  41|0x0000000082900000, 0x0000000082a00000, 0x0000000082a00000|100%|HC|  |TAMS 0x0000000082a00000, 0x0000000082900000| Complete 
|  42|0x0000000082a00000, 0x0000000082b00000, 0x0000000082b00000|100%|HC|  |TAMS 0x0000000082b00000, 0x0000000082a00000| Complete 
|  43|0x0000000082b00000, 0x0000000082c00000, 0x0000000082c00000|100%| O|  |TAMS 0x0000000082c00000, 0x0000000082b00000| Updating 
|  44|0x0000000082c00000, 0x0000000082d00000, 0x0000000082d00000|100%| O|  |TAMS 0x0000000082d00000, 0x0000000082c00000| Untracked 
|  45|0x0000000082d00000, 0x0000000082e00000, 0x0000000082e00000|100%| O|  |TAMS 0x0000000082e00000, 0x0000000082d00000| Untracked 
|  46|0x0000000082e00000, 0x0000000082f00000, 0x0000000082f00000|100%| O|  |TAMS 0x0000000082f00000, 0x0000000082e00000| Untracked 
|  47|0x0000000082f00000, 0x0000000083000000, 0x0000000083000000|100%| O|  |TAMS 0x0000000083000000, 0x0000000082f00000| Untracked 
|  48|0x0000000083000000, 0x0000000083100000, 0x0000000083100000|100%| O|  |TAMS 0x0000000083100000, 0x0000000083000000| Untracked 
|  49|0x0000000083100000, 0x0000000083200000, 0x0000000083200000|100%| O|  |TAMS 0x0000000083200000, 0x0000000083100000| Untracked 
|  50|0x0000000083200000, 0x0000000083300000, 0x0000000083300000|100%| O|  |TAMS 0x0000000083300000, 0x0000000083200000| Untracked 
|  51|0x0000000083300000, 0x0000000083400000, 0x0000000083400000|100%| O|  |TAMS 0x0000000083400000, 0x0000000083300000| Untracked 
|  52|0x0000000083400000, 0x0000000083500000, 0x0000000083500000|100%| O|  |TAMS 0x0000000083500000, 0x0000000083400000| Untracked 
|  53|0x0000000083500000, 0x0000000083600000, 0x0000000083600000|100%| O|  |TAMS 0x0000000083600000, 0x0000000083500000| Untracked 
|  54|0x0000000083600000, 0x0000000083700000, 0x0000000083700000|100%| O|  |TAMS 0x0000000083700000, 0x0000000083600000| Untracked 
|  55|0x0000000083700000, 0x0000000083800000, 0x0000000083800000|100%| O|  |TAMS 0x0000000083800000, 0x0000000083700000| Untracked 
|  56|0x0000000083800000, 0x0000000083900000, 0x0000000083900000|100%| O|  |TAMS 0x0000000083900000, 0x0000000083800000| Updating 
|  57|0x0000000083900000, 0x0000000083a00000, 0x0000000083a00000|100%| O|  |TAMS 0x0000000083a00000, 0x0000000083900000| Updating 
|  58|0x0000000083a00000, 0x0000000083b00000, 0x0000000083b00000|100%| O|  |TAMS 0x0000000083b00000, 0x0000000083a00000| Untracked 
|  59|0x0000000083b00000, 0x0000000083c00000, 0x0000000083c00000|100%| O|  |TAMS 0x0000000083c00000, 0x0000000083b00000| Updating 
|  60|0x0000000083c00000, 0x0000000083d00000, 0x0000000083d00000|100%| O|  |TAMS 0x0000000083d00000, 0x0000000083c00000| Untracked 
|  61|0x0000000083d00000, 0x0000000083e00000, 0x0000000083e00000|100%| O|  |TAMS 0x0000000083e00000, 0x0000000083d00000| Untracked 
|  62|0x0000000083e00000, 0x0000000083f00000, 0x0000000083f00000|100%| O|  |TAMS 0x0000000083f00000, 0x0000000083e00000| Updating 
|  63|0x0000000083f00000, 0x0000000084000000, 0x0000000084000000|100%|HS|  |TAMS 0x0000000084000000, 0x0000000083f00000| Complete 
|  64|0x0000000084000000, 0x0000000084100000, 0x0000000084100000|100%|HS|  |TAMS 0x0000000084100000, 0x0000000084000000| Complete 
|  65|0x0000000084100000, 0x0000000084200000, 0x0000000084200000|100%| O|  |TAMS 0x0000000084200000, 0x0000000084100000| Untracked 
|  66|0x0000000084200000, 0x0000000084300000, 0x0000000084300000|100%| O|  |TAMS 0x0000000084300000, 0x0000000084200000| Untracked 
|  67|0x0000000084300000, 0x0000000084400000, 0x0000000084400000|100%| O|  |TAMS 0x0000000084400000, 0x0000000084300000| Untracked 
|  68|0x0000000084400000, 0x0000000084500000, 0x0000000084500000|100%| O|  |TAMS 0x0000000084500000, 0x0000000084400000| Untracked 
|  69|0x0000000084500000, 0x0000000084600000, 0x0000000084600000|100%| O|  |TAMS 0x000000008451e600, 0x0000000084500000| Untracked 
|  70|0x0000000084600000, 0x0000000084700000, 0x0000000084700000|100%|HS|  |TAMS 0x0000000084600000, 0x0000000084600000| Complete 
|  71|0x0000000084700000, 0x0000000084800000, 0x0000000084800000|100%| O|  |TAMS 0x0000000084700000, 0x0000000084700000| Untracked 
|  72|0x0000000084800000, 0x0000000084874600, 0x0000000084900000| 45%| O|  |TAMS 0x0000000084800000, 0x0000000084800000| Updating 
|  73|0x0000000084900000, 0x0000000084a00000, 0x0000000084a00000|100%|HS|  |TAMS 0x0000000084900000, 0x0000000084900000| Complete 
|  74|0x0000000084a00000, 0x0000000084b00000, 0x0000000084b00000|100%|HS|  |TAMS 0x0000000084a00000, 0x0000000084a00000| Complete 
|  75|0x0000000084b00000, 0x0000000084c00000, 0x0000000084c00000|100%|HS|  |TAMS 0x0000000084b00000, 0x0000000084b00000| Complete 
|  76|0x0000000084c00000, 0x0000000084c00000, 0x0000000084d00000|  0%| F|  |TAMS 0x0000000084c00000, 0x0000000084c00000| Untracked 
|  77|0x0000000084d00000, 0x0000000084d00000, 0x0000000084e00000|  0%| F|  |TAMS 0x0000000084d00000, 0x0000000084d00000| Untracked 
|  78|0x0000000084e00000, 0x0000000084e00000, 0x0000000084f00000|  0%| F|  |TAMS 0x0000000084e00000, 0x0000000084e00000| Untracked 
|  79|0x0000000084f00000, 0x0000000084f00000, 0x0000000085000000|  0%| F|  |TAMS 0x0000000084f00000, 0x0000000084f00000| Untracked 
|  80|0x0000000085000000, 0x0000000085000000, 0x0000000085100000|  0%| F|  |TAMS 0x0000000085000000, 0x0000000085000000| Untracked 
|  81|0x0000000085100000, 0x0000000085100000, 0x0000000085200000|  0%| F|  |TAMS 0x0000000085100000, 0x0000000085100000| Untracked 
|  82|0x0000000085200000, 0x0000000085200000, 0x0000000085300000|  0%| F|  |TAMS 0x0000000085200000, 0x0000000085200000| Untracked 
|  83|0x0000000085300000, 0x0000000085300000, 0x0000000085400000|  0%| F|  |TAMS 0x0000000085300000, 0x0000000085300000| Untracked 
|  84|0x0000000085400000, 0x0000000085400000, 0x0000000085500000|  0%| F|  |TAMS 0x0000000085400000, 0x0000000085400000| Untracked 
|  85|0x0000000085500000, 0x0000000085500000, 0x0000000085600000|  0%| F|  |TAMS 0x0000000085500000, 0x0000000085500000| Untracked 
|  86|0x0000000085600000, 0x0000000085600000, 0x0000000085700000|  0%| F|  |TAMS 0x0000000085600000, 0x0000000085600000| Untracked 
|  87|0x0000000085700000, 0x0000000085700000, 0x0000000085800000|  0%| F|  |TAMS 0x0000000085700000, 0x0000000085700000| Untracked 
|  88|0x0000000085800000, 0x0000000085800000, 0x0000000085900000|  0%| F|  |TAMS 0x0000000085800000, 0x0000000085800000| Untracked 
|  89|0x0000000085900000, 0x0000000085900000, 0x0000000085a00000|  0%| F|  |TAMS 0x0000000085900000, 0x0000000085900000| Untracked 
|  90|0x0000000085a00000, 0x0000000085a00000, 0x0000000085b00000|  0%| F|  |TAMS 0x0000000085a00000, 0x0000000085a00000| Untracked 
|  91|0x0000000085b00000, 0x0000000085b00000, 0x0000000085c00000|  0%| F|  |TAMS 0x0000000085b00000, 0x0000000085b00000| Untracked 
|  92|0x0000000085c00000, 0x0000000085c00000, 0x0000000085d00000|  0%| F|  |TAMS 0x0000000085c00000, 0x0000000085c00000| Untracked 
|  93|0x0000000085d00000, 0x0000000085d00000, 0x0000000085e00000|  0%| F|  |TAMS 0x0000000085d00000, 0x0000000085d00000| Untracked 
|  94|0x0000000085e00000, 0x0000000085e00000, 0x0000000085f00000|  0%| F|  |TAMS 0x0000000085e00000, 0x0000000085e00000| Untracked 
|  95|0x0000000085f00000, 0x0000000085f00000, 0x0000000086000000|  0%| F|  |TAMS 0x0000000085f00000, 0x0000000085f00000| Untracked 
|  96|0x0000000086000000, 0x0000000086000000, 0x0000000086100000|  0%| F|  |TAMS 0x0000000086000000, 0x0000000086000000| Untracked 
|  97|0x0000000086100000, 0x0000000086100000, 0x0000000086200000|  0%| F|  |TAMS 0x0000000086100000, 0x0000000086100000| Untracked 
|  98|0x0000000086200000, 0x0000000086200000, 0x0000000086300000|  0%| F|  |TAMS 0x0000000086200000, 0x0000000086200000| Untracked 
|  99|0x0000000086300000, 0x0000000086300000, 0x0000000086400000|  0%| F|  |TAMS 0x0000000086300000, 0x0000000086300000| Untracked 
| 100|0x0000000086400000, 0x0000000086400000, 0x0000000086500000|  0%| F|  |TAMS 0x0000000086400000, 0x0000000086400000| Untracked 
| 101|0x0000000086500000, 0x0000000086500000, 0x0000000086600000|  0%| F|  |TAMS 0x0000000086500000, 0x0000000086500000| Untracked 
| 102|0x0000000086600000, 0x0000000086600000, 0x0000000086700000|  0%| F|  |TAMS 0x0000000086600000, 0x0000000086600000| Untracked 
| 103|0x0000000086700000, 0x0000000086700000, 0x0000000086800000|  0%| F|  |TAMS 0x0000000086700000, 0x0000000086700000| Untracked 
| 104|0x0000000086800000, 0x0000000086800000, 0x0000000086900000|  0%| F|  |TAMS 0x0000000086800000, 0x0000000086800000| Untracked 
| 105|0x0000000086900000, 0x0000000086900000, 0x0000000086a00000|  0%| F|  |TAMS 0x0000000086900000, 0x0000000086900000| Untracked 
| 106|0x0000000086a00000, 0x0000000086a00000, 0x0000000086b00000|  0%| F|  |TAMS 0x0000000086a00000, 0x0000000086a00000| Untracked 
| 107|0x0000000086b00000, 0x0000000086b00000, 0x0000000086c00000|  0%| F|  |TAMS 0x0000000086b00000, 0x0000000086b00000| Untracked 
| 108|0x0000000086c00000, 0x0000000086c00000, 0x0000000086d00000|  0%| F|  |TAMS 0x0000000086c00000, 0x0000000086c00000| Untracked 
| 109|0x0000000086d00000, 0x0000000086d00000, 0x0000000086e00000|  0%| F|  |TAMS 0x0000000086d00000, 0x0000000086d00000| Untracked 
| 110|0x0000000086e00000, 0x0000000086e00000, 0x0000000086f00000|  0%| F|  |TAMS 0x0000000086e00000, 0x0000000086e00000| Untracked 
| 111|0x0000000086f00000, 0x0000000086f00000, 0x0000000087000000|  0%| F|  |TAMS 0x0000000086f00000, 0x0000000086f00000| Untracked 
| 112|0x0000000087000000, 0x0000000087000000, 0x0000000087100000|  0%| F|  |TAMS 0x0000000087000000, 0x0000000087000000| Untracked 
| 113|0x0000000087100000, 0x0000000087100000, 0x0000000087200000|  0%| F|  |TAMS 0x0000000087100000, 0x0000000087100000| Untracked 
| 114|0x0000000087200000, 0x0000000087200000, 0x0000000087300000|  0%| F|  |TAMS 0x0000000087200000, 0x0000000087200000| Untracked 
| 115|0x0000000087300000, 0x0000000087300000, 0x0000000087400000|  0%| F|  |TAMS 0x0000000087300000, 0x0000000087300000| Untracked 
| 116|0x0000000087400000, 0x0000000087400000, 0x0000000087500000|  0%| F|  |TAMS 0x0000000087400000, 0x0000000087400000| Untracked 
| 117|0x0000000087500000, 0x000000008759fea0, 0x0000000087600000| 62%| E|  |TAMS 0x0000000087500000, 0x0000000087500000| Complete 
| 118|0x0000000087600000, 0x0000000087700000, 0x0000000087700000|100%| E|CS|TAMS 0x0000000087600000, 0x0000000087600000| Complete 
| 119|0x0000000087700000, 0x0000000087800000, 0x0000000087800000|100%| E|CS|TAMS 0x0000000087700000, 0x0000000087700000| Complete 
| 120|0x0000000087800000, 0x0000000087900000, 0x0000000087900000|100%| E|CS|TAMS 0x0000000087800000, 0x0000000087800000| Complete 
| 121|0x0000000087900000, 0x0000000087a00000, 0x0000000087a00000|100%| E|CS|TAMS 0x0000000087900000, 0x0000000087900000| Complete 
| 122|0x0000000087a00000, 0x0000000087b00000, 0x0000000087b00000|100%| E|CS|TAMS 0x0000000087a00000, 0x0000000087a00000| Complete 
| 123|0x0000000087b00000, 0x0000000087baefc0, 0x0000000087c00000| 68%| S|CS|TAMS 0x0000000087b00000, 0x0000000087b00000| Complete 
| 124|0x0000000087c00000, 0x0000000087c00000, 0x0000000087d00000|  0%| F|  |TAMS 0x0000000087c00000, 0x0000000087c00000| Untracked 
| 125|0x0000000087d00000, 0x0000000087d00000, 0x0000000087e00000|  0%| F|  |TAMS 0x0000000087d00000, 0x0000000087d00000| Untracked 
| 126|0x0000000087e00000, 0x0000000087e00000, 0x0000000087f00000|  0%| F|  |TAMS 0x0000000087e00000, 0x0000000087e00000| Untracked 
| 127|0x0000000087f00000, 0x0000000088000000, 0x0000000088000000|100%| E|CS|TAMS 0x0000000087f00000, 0x0000000087f00000| Complete 

Card table byte_map: [0x00000250fc660000,0x00000250fca60000] _byte_map_base: 0x00000250fc260000

Marking Bits (Prev, Next): (CMBitMap*) 0x00000250f4988310, (CMBitMap*) 0x00000250f4988350
 Prev Bits: [0x00000250fce60000, 0x00000250fee60000)
 Next Bits: [0x000002508f000000, 0x0000025091000000)

Polling page: 0x00000250f28a0000

Metaspace:

Usage:
  Non-class:     60.34 MB used.
      Class:      9.62 MB used.
       Both:     69.96 MB used.

Virtual space:
  Non-class space:       64.00 MB reserved,      61.25 MB ( 96%) committed,  1 nodes.
      Class space:      412.00 MB reserved,      10.62 MB (  3%) committed,  1 nodes.
             Both:      476.00 MB reserved,      71.88 MB ( 15%) committed. 

Chunk freelists:
   Non-Class:  2.69 MB
       Class:  1.22 MB
        Both:  3.91 MB

MaxMetaspaceSize: 512.00 MB
CompressedClassSpaceSize: 412.00 MB
Initial GC threshold: 21.00 MB
Current GC threshold: 119.81 MB
CDS: on
MetaspaceReclaimPolicy: balanced
 - commit_granule_bytes: 65536.
 - commit_granule_words: 8192.
 - virtual_space_node_default_size: 8388608.
 - enlarge_chunks_in_place: 1.
 - new_chunks_are_fully_committed: 0.
 - uncommit_free_chunks: 1.
 - use_allocation_guard: 0.


Internal statistics:

num_allocs_failed_limit: 6.
num_arena_births: 3550.
num_arena_deaths: 0.
num_vsnodes_births: 2.
num_vsnodes_deaths: 0.
num_space_committed: 1150.
num_space_uncommitted: 0.
num_chunks_returned_to_freelist: 6.
num_chunks_taken_from_freelist: 6892.
num_chunk_merges: 6.
num_chunk_splits: 4479.
num_chunks_enlarged: 2768.
num_inconsistent_stats: 0.

CodeHeap 'non-profiled nmethods': size=120000Kb used=4363Kb max_used=4765Kb free=115636Kb
 bounds [0x0000025087ad0000, 0x0000025087f80000, 0x000002508f000000]
CodeHeap 'profiled nmethods': size=120000Kb used=14899Kb max_used=17075Kb free=105100Kb
 bounds [0x00000250805a0000, 0x0000025081650000, 0x0000025087ad0000]
CodeHeap 'non-nmethods': size=5760Kb used=2391Kb max_used=2452Kb free=3368Kb
 bounds [0x0000025080000000, 0x0000025080280000, 0x00000250805a0000]
 total_blobs=9060 nmethods=8148 adapters=824
 compilation: enabled
              stopped_count=0, restarted_count=0
 full_count=0

Compilation events (20 events):
Event: 276.288 Thread 0x00000250ff2e69f0 9661       4       java.util.jar.Attributes$Name::hash (148 bytes)
Event: 276.292 Thread 0x00000250ff2e69f0 nmethod 9661 0x0000025087c8f690 code [0x0000025087c8f820, 0x0000025087c8fb28]
Event: 276.426 Thread 0x00000250ff2e9570 9662   !   3       jdk.internal.loader.URLClassPath::getLoader (29 bytes)
Event: 276.427 Thread 0x00000250ff2e9570 nmethod 9662 0x00000250806ff790 code [0x00000250806ff980, 0x00000250807001a8]
Event: 276.642 Thread 0x00000250ff2e69f0 9663   !   4       java.util.jar.Attributes::read (494 bytes)
Event: 276.642 Thread 0x00000250ff2e9570 9664   !   3       java.util.zip.ZipFile::getInputStream (275 bytes)
Event: 276.645 Thread 0x00000250ff2e9570 nmethod 9664 0x0000025080b85b10 code [0x0000025080b85e00, 0x0000025080b86fa8]
Event: 277.031 Thread 0x00000250ff2e69f0 nmethod 9663 0x0000025087de6f10 code [0x0000025087de72a0, 0x0000025087deb280]
Event: 277.145 Thread 0x00000250ff2e9570 9665  s    3       java.io.ByteArrayOutputStream::reset (6 bytes)
Event: 277.145 Thread 0x00000250ff2e9570 nmethod 9665 0x000002508095f590 code [0x000002508095f720, 0x000002508095f8d8]
Event: 277.150 Thread 0x00000250ff2e69f0 9666       4       java.util.jar.Manifest::parseName (84 bytes)
Event: 277.154 Thread 0x00000250ff2e69f0 nmethod 9666 0x0000025087dce610 code [0x0000025087dce7c0, 0x0000025087dcea48]
Event: 277.335 Thread 0x00000250ff2e69f0 9667       4       sun.security.util.ManifestDigester::findSection (181 bytes)
Event: 277.340 Thread 0x00000250ff2e69f0 nmethod 9667 0x0000025087d3e810 code [0x0000025087d3e9a0, 0x0000025087d3ec78]
Event: 277.342 Thread 0x00000250ff2e69f0 9668       4       java.io.ByteArrayOutputStream::<init> (43 bytes)
Event: 277.344 Thread 0x00000250ff2e69f0 nmethod 9668 0x0000025087c63010 code [0x0000025087c631a0, 0x0000025087c63438]
Event: 277.345 Thread 0x00000250ff2e69f0 9669       4       java.io.ByteArrayOutputStream::<init> (7 bytes)
Event: 277.347 Thread 0x00000250ff2e69f0 nmethod 9669 0x0000025087e9e610 code [0x0000025087e9e7a0, 0x0000025087e9e978]
Event: 277.352 Thread 0x00000250ff2e69f0 9670  s    4       java.io.ByteArrayOutputStream::toString (18 bytes)
Event: 277.355 Thread 0x00000250ff2e69f0 nmethod 9670 0x0000025087ee8990 code [0x0000025087ee8b20, 0x0000025087ee8e48]

GC Heap History (20 events):
Event: 227.033 GC heap before
{Heap before GC invocations=25 (full 0):
 garbage-first heap   total 91136K, used 74326K [0x0000000080000000, 0x0000000100000000)
  region size 1024K, 24 young (24576K), 3 survivors (3072K)
 Metaspace       used 58958K, committed 60864K, reserved 487424K
  class space    used 8243K, committed 9216K, reserved 421888K
}
Event: 227.042 GC heap after
{Heap after GC invocations=26 (full 0):
 garbage-first heap   total 91136K, used 55297K [0x0000000080000000, 0x0000000100000000)
  region size 1024K, 2 young (2048K), 2 survivors (2048K)
 Metaspace       used 58958K, committed 60864K, reserved 487424K
  class space    used 8243K, committed 9216K, reserved 421888K
}
Event: 231.815 GC heap before
{Heap before GC invocations=27 (full 0):
 garbage-first heap   total 96256K, used 74753K [0x0000000080000000, 0x0000000100000000)
  region size 1024K, 21 young (21504K), 2 survivors (2048K)
 Metaspace       used 60291K, committed 62272K, reserved 487424K
  class space    used 8466K, committed 9472K, reserved 421888K
}
Event: 231.823 GC heap after
{Heap after GC invocations=28 (full 0):
 garbage-first heap   total 96256K, used 56906K [0x0000000080000000, 0x0000000100000000)
  region size 1024K, 3 young (3072K), 3 survivors (3072K)
 Metaspace       used 60291K, committed 62272K, reserved 487424K
  class space    used 8466K, committed 9472K, reserved 421888K
}
Event: 241.249 GC heap before
{Heap before GC invocations=28 (full 0):
 garbage-first heap   total 96256K, used 79434K [0x0000000080000000, 0x0000000100000000)
  region size 1024K, 25 young (25600K), 3 survivors (3072K)
 Metaspace       used 61841K, committed 63744K, reserved 487424K
  class space    used 8666K, committed 9664K, reserved 421888K
}
Event: 241.279 GC heap after
{Heap after GC invocations=29 (full 0):
 garbage-first heap   total 96256K, used 58963K [0x0000000080000000, 0x0000000100000000)
  region size 1024K, 4 young (4096K), 4 survivors (4096K)
 Metaspace       used 61841K, committed 63744K, reserved 487424K
  class space    used 8666K, committed 9664K, reserved 421888K
}
Event: 245.337 GC heap before
{Heap before GC invocations=30 (full 0):
 garbage-first heap   total 102400K, used 78419K [0x0000000080000000, 0x0000000100000000)
  region size 1024K, 24 young (24576K), 4 survivors (4096K)
 Metaspace       used 63379K, committed 65344K, reserved 487424K
  class space    used 8923K, committed 9920K, reserved 421888K
}
Event: 245.347 GC heap after
{Heap after GC invocations=31 (full 0):
 garbage-first heap   total 102400K, used 61459K [0x0000000080000000, 0x0000000100000000)
  region size 1024K, 3 young (3072K), 3 survivors (3072K)
 Metaspace       used 63379K, committed 65344K, reserved 487424K
  class space    used 8923K, committed 9920K, reserved 421888K
}
Event: 250.797 GC heap before
{Heap before GC invocations=31 (full 0):
 garbage-first heap   total 102400K, used 82963K [0x0000000080000000, 0x0000000100000000)
  region size 1024K, 25 young (25600K), 3 survivors (3072K)
 Metaspace       used 65689K, committed 67584K, reserved 487424K
  class space    used 9196K, committed 10176K, reserved 421888K
}
Event: 250.820 GC heap after
{Heap after GC invocations=32 (full 0):
 garbage-first heap   total 102400K, used 64340K [0x0000000080000000, 0x0000000100000000)
  region size 1024K, 3 young (3072K), 3 survivors (3072K)
 Metaspace       used 65689K, committed 67584K, reserved 487424K
  class space    used 9196K, committed 10176K, reserved 421888K
}
Event: 254.964 GC heap before
{Heap before GC invocations=33 (full 0):
 garbage-first heap   total 109568K, used 77652K [0x0000000080000000, 0x0000000100000000)
  region size 1024K, 17 young (17408K), 3 survivors (3072K)
 Metaspace       used 65782K, committed 67712K, reserved 487424K
  class space    used 9198K, committed 10176K, reserved 421888K
}
Event: 254.987 GC heap after
{Heap after GC invocations=34 (full 0):
 garbage-first heap   total 109568K, used 65483K [0x0000000080000000, 0x0000000100000000)
  region size 1024K, 2 young (2048K), 2 survivors (2048K)
 Metaspace       used 65782K, committed 67712K, reserved 487424K
  class space    used 9198K, committed 10176K, reserved 421888K
}
Event: 256.938 GC heap before
{Heap before GC invocations=35 (full 0):
 garbage-first heap   total 114688K, used 66507K [0x0000000080000000, 0x0000000100000000)
  region size 1024K, 4 young (4096K), 2 survivors (2048K)
 Metaspace       used 65852K, committed 67840K, reserved 487424K
  class space    used 9204K, committed 10240K, reserved 421888K
}
Event: 256.943 GC heap after
{Heap after GC invocations=36 (full 0):
 garbage-first heap   total 114688K, used 67603K [0x0000000080000000, 0x0000000100000000)
  region size 1024K, 3 young (3072K), 3 survivors (3072K)
 Metaspace       used 65852K, committed 67840K, reserved 487424K
  class space    used 9204K, committed 10240K, reserved 421888K
}
Event: 265.586 GC heap before
{Heap before GC invocations=37 (full 0):
 garbage-first heap   total 117760K, used 89107K [0x0000000080000000, 0x0000000100000000)
  region size 1024K, 24 young (24576K), 3 survivors (3072K)
 Metaspace       used 68596K, committed 70528K, reserved 487424K
  class space    used 9510K, committed 10496K, reserved 421888K
}
Event: 265.604 GC heap after
{Heap after GC invocations=38 (full 0):
 garbage-first heap   total 117760K, used 71284K [0x0000000080000000, 0x0000000100000000)
  region size 1024K, 3 young (3072K), 3 survivors (3072K)
 Metaspace       used 68596K, committed 70528K, reserved 487424K
  class space    used 9510K, committed 10496K, reserved 421888K
}
Event: 276.633 GC heap before
{Heap before GC invocations=38 (full 0):
 garbage-first heap   total 117760K, used 88692K [0x0000000080000000, 0x0000000100000000)
  region size 1024K, 22 young (22528K), 3 survivors (3072K)
 Metaspace       used 71639K, committed 73600K, reserved 487424K
  class space    used 9849K, committed 10880K, reserved 421888K
}
Event: 276.640 GC heap after
{Heap after GC invocations=39 (full 0):
 garbage-first heap   total 117760K, used 73707K [0x0000000080000000, 0x0000000100000000)
  region size 1024K, 3 young (3072K), 3 survivors (3072K)
 Metaspace       used 71639K, committed 73600K, reserved 487424K
  class space    used 9849K, committed 10880K, reserved 421888K
}
Event: 277.135 GC heap before
{Heap before GC invocations=40 (full 0):
 garbage-first heap   total 128000K, used 74731K [0x0000000080000000, 0x0000000100000000)
  region size 1024K, 4 young (4096K), 3 survivors (3072K)
 Metaspace       used 71639K, committed 73600K, reserved 487424K
  class space    used 9849K, committed 10880K, reserved 421888K
}
Event: 277.144 GC heap after
{Heap after GC invocations=41 (full 0):
 garbage-first heap   total 128000K, used 73869K [0x0000000080000000, 0x0000000100000000)
  region size 1024K, 1 young (1024K), 1 survivors (1024K)
 Metaspace       used 71639K, committed 73600K, reserved 487424K
  class space    used 9849K, committed 10880K, reserved 421888K
}

Deoptimization events (20 events):
Event: 276.642 Thread 0x000002509768f230 Uncommon trap: trap_request=0xffffff45 fr.pc=0x0000025087d82718 relative=0x00000000000001f8
Event: 276.642 Thread 0x000002509768f230 Uncommon trap: reason=unstable_if action=reinterpret pc=0x0000025087d82718 method=java.util.jar.JarFile.maybeInstantiateVerifier()V @ 27 c2
Event: 276.642 Thread 0x000002509768f230 DEOPT PACKING pc=0x0000025087d82718 sp=0x000000f28a3f2f40
Event: 276.642 Thread 0x000002509768f230 DEOPT UNPACKING pc=0x00000250800523a3 sp=0x000000f28a3f2e80 mode 2
Event: 277.335 Thread 0x000002509768f230 DEOPT PACKING pc=0x000002508089f900 sp=0x000000f28a3f2c40
Event: 277.335 Thread 0x000002509768f230 DEOPT UNPACKING pc=0x0000025080052b43 sp=0x000000f28a3f20b0 mode 0
Event: 277.336 Thread 0x000002509768f230 DEOPT PACKING pc=0x000002508089f900 sp=0x000000f28a3f2c40
Event: 277.336 Thread 0x000002509768f230 DEOPT UNPACKING pc=0x0000025080052b43 sp=0x000000f28a3f20b0 mode 0
Event: 277.336 Thread 0x000002509768f230 DEOPT PACKING pc=0x000002508089f900 sp=0x000000f28a3f2c40
Event: 277.336 Thread 0x000002509768f230 DEOPT UNPACKING pc=0x0000025080052b43 sp=0x000000f28a3f20b0 mode 0
Event: 277.336 Thread 0x000002509768f230 DEOPT PACKING pc=0x000002508089f900 sp=0x000000f28a3f2c40
Event: 277.336 Thread 0x000002509768f230 DEOPT UNPACKING pc=0x0000025080052b43 sp=0x000000f28a3f20b0 mode 0
Event: 277.352 Thread 0x000002509768f230 Uncommon trap: trap_request=0xffffff45 fr.pc=0x0000025087e1dd08 relative=0x00000000000002c8
Event: 277.352 Thread 0x000002509768f230 Uncommon trap: reason=unstable_if action=reinterpret pc=0x0000025087e1dd08 method=java.util.LinkedHashMap.get(Ljava/lang/Object;)Ljava/lang/Object; @ 16 c2
Event: 277.352 Thread 0x000002509768f230 DEOPT PACKING pc=0x0000025087e1dd08 sp=0x000000f28a3f2810
Event: 277.352 Thread 0x000002509768f230 DEOPT UNPACKING pc=0x00000250800523a3 sp=0x000000f28a3f27b8 mode 2
Event: 277.352 Thread 0x000002509768f230 Uncommon trap: trap_request=0xffffff45 fr.pc=0x0000025087bece60 relative=0x0000000000000060
Event: 277.352 Thread 0x000002509768f230 Uncommon trap: reason=unstable_if action=reinterpret pc=0x0000025087bece60 method=java.util.LinkedHashMap.afterNodeAccess(Ljava/util/HashMap$Node;)V @ 4 c2
Event: 277.352 Thread 0x000002509768f230 DEOPT PACKING pc=0x0000025087bece60 sp=0x000000f28a3f27a0
Event: 277.352 Thread 0x000002509768f230 DEOPT UNPACKING pc=0x00000250800523a3 sp=0x000000f28a3f2720 mode 2

Classes loaded (20 events):
Event: 275.318 Loading class java/security/cert/CertPathValidatorException$BasicReason
Event: 275.319 Loading class java/security/cert/CertPathValidatorException$Reason
Event: 275.319 Loading class java/security/cert/CertPathValidatorException$Reason done
Event: 275.319 Loading class java/security/cert/CertPathValidatorException$BasicReason done
Event: 275.319 Loading class java/security/SignatureException
Event: 275.319 Loading class java/security/SignatureException done
Event: 275.510 Loading class sun/security/rsa/RSASignature$SHA256withRSA
Event: 275.511 Loading class sun/security/rsa/RSASignature$SHA256withRSA done
Event: 275.513 Loading class sun/security/provider/DSA$SHA256withDSA
Event: 275.513 Loading class sun/security/provider/DSA$SHA256withDSA done
Event: 275.689 Loading class java/util/Base64
Event: 275.929 Loading class java/util/Base64 done
Event: 275.929 Loading class java/util/Base64$Decoder
Event: 276.065 Loading class java/util/Base64$Decoder done
Event: 276.069 Loading class java/util/Base64$Encoder
Event: 276.070 Loading class java/util/Base64$Encoder done
Event: 276.078 Loading class java/util/jar/JarVerifier$VerifierStream
Event: 276.078 Loading class java/util/jar/JarVerifier$VerifierStream done
Event: 276.078 Loading class sun/security/util/ManifestEntryVerifier$SunProviderHolder
Event: 276.078 Loading class sun/security/util/ManifestEntryVerifier$SunProviderHolder done

Classes unloaded (0 events):
No events

Classes redefined (0 events):
No events

Internal exceptions (20 events):
Event: 229.210 Thread 0x000002509768f230 Exception <a 'java/lang/ClassNotFoundException'{0x0000000085225ab0}: org/gradle/api/internal/artifacts/dsl/dependencies/DefaultDependencyHandlerCustomizer> (0x0000000085225ab0) 
thrown [s\open\src\hotspot\share\classfile\systemDictionary.cpp, line 255]
Event: 229.213 Thread 0x000002509768f230 Exception <a 'java/lang/ClassNotFoundException'{0x0000000085261a08}: org/gradle/api/internal/artifacts/dsl/dependencies/DefaultDependencyHandler_DecoratedCustomizer> (0x0000000085261a08) 
thrown [s\open\src\hotspot\share\classfile\systemDictionary.cpp, line 255]
Event: 240.099 Thread 0x000002509768f230 Exception <a 'java/lang/NoSuchMethodError'{0x0000000084ca0a50}: 'java.lang.Object java.lang.invoke.Invokers$Holder.linkToTargetMethod(java.lang.Object, java.lang.Object, java.lang.Object, java.lang.Object, java.lang.Object, java.lang.Object, java.lang.Object, java.lang.Object, java.lang.Object)'> (0x0000000084ca0a50) 
thrown [s\open\src\hotspot\share\interpreter\linkResolver.cpp, line 759]
Event: 243.533 Thread 0x00000250ff5d7140 Exception <a 'java/lang/NoSuchMethodError'{0x0000000085a3ec68}: 'java.lang.Object java.lang.invoke.DirectMethodHandle$Holder.newInvokeSpecial(java.lang.Object, java.lang.Object, java.lang.Object, java.lang.Object, int, java.lang.Object)'> (0x0000000085a3ec68) 
thrown [s\open\src\hotspot\share\interpreter\linkResolver.cpp, line 759]
Event: 243.533 Thread 0x00000250ff5d7140 Exception <a 'java/lang/NoSuchMethodError'{0x0000000085a42ef0}: 'java.lang.Object java.lang.invoke.Invokers$Holder.linkToTargetMethod(java.lang.Object, java.lang.Object, java.lang.Object, int, java.lang.Object, java.lang.Object)'> (0x0000000085a42ef0) 
thrown [s\open\src\hotspot\share\interpreter\linkResolver.cpp, line 759]
Event: 243.969 Thread 0x00000250984bc0f0 Exception <a 'java/lang/NoSuchMethodError'{0x0000000085803f48}: static Lorg/gradle/internal/build/event/types/DefaultTaskStartedProgressEvent;.<clinit>()V> (0x0000000085803f48) 
thrown [s\open\src\hotspot\share\prims\jni.cpp, line 1104]
Event: 243.970 Thread 0x00000250984bc0f0 Exception <a 'java/lang/NoSuchMethodError'{0x0000000085820ee0}: static Lorg/gradle/internal/build/event/types/DefaultTaskDescriptor;.<clinit>()V> (0x0000000085820ee0) 
thrown [s\open\src\hotspot\share\prims\jni.cpp, line 1104]
Event: 244.135 Thread 0x00000250ff5d7fb0 Exception <a 'java/lang/NoSuchMethodError'{0x000000008573c698}: 'int java.lang.invoke.DirectMethodHandle$Holder.invokeSpecial(java.lang.Object, java.lang.Object, java.lang.Object, java.lang.Object, java.lang.Object)'> (0x000000008573c698) 
thrown [s\open\src\hotspot\share\interpreter\linkResolver.cpp, line 759]
Event: 245.807 Thread 0x00000250ff5d7fb0 Exception <a 'java/lang/NoSuchMethodError'{0x00000000868d8038}: method resolution failed> (0x00000000868d8038) 
thrown [s\open\src\hotspot\share\prims\methodHandles.cpp, line 1264]
Event: 249.991 Thread 0x00000250984bc0f0 Exception <a 'java/lang/NoSuchMethodError'{0x00000000851cc228}: static Lorg/gradle/internal/build/event/types/DefaultTaskFinishedProgressEvent;.<clinit>()V> (0x00000000851cc228) 
thrown [s\open\src\hotspot\share\prims\jni.cpp, line 1104]
Event: 249.992 Thread 0x00000250984bc0f0 Exception <a 'java/lang/NoSuchMethodError'{0x00000000851dea70}: static Lorg/gradle/internal/build/event/types/DefaultTaskSuccessResult;.<clinit>()V> (0x00000000851dea70) 
thrown [s\open\src\hotspot\share\prims\jni.cpp, line 1104]
Event: 249.993 Thread 0x00000250984bc0f0 Exception <a 'java/lang/NoSuchMethodError'{0x00000000851dff20}: static Lorg/gradle/internal/build/event/types/AbstractTaskResult;.<clinit>()V> (0x00000000851dff20) 
thrown [s\open\src\hotspot\share\prims\jni.cpp, line 1104]
Event: 250.160 Thread 0x00000250ff5d7fb0 Exception <a 'sun/nio/fs/WindowsException'{0x00000000851c1a88}> (0x00000000851c1a88) 
thrown [s\open\src\hotspot\share\prims\jni.cpp, line 516]
Event: 250.206 Thread 0x00000250ff5d7fb0 Exception <a 'sun/nio/fs/WindowsException'{0x00000000851c3e68}> (0x00000000851c3e68) 
thrown [s\open\src\hotspot\share\prims\jni.cpp, line 516]
Event: 250.207 Thread 0x00000250ff5d7fb0 Exception <a 'sun/nio/fs/WindowsException'{0x000000008501afc8}> (0x000000008501afc8) 
thrown [s\open\src\hotspot\share\prims\jni.cpp, line 516]
Event: 250.207 Thread 0x00000250ff5d7fb0 Exception <a 'sun/nio/fs/WindowsException'{0x000000008501ce98}> (0x000000008501ce98) 
thrown [s\open\src\hotspot\share\prims\jni.cpp, line 516]
Event: 250.302 Thread 0x00000250984bc0f0 Exception <a 'java/lang/NoSuchMethodError'{0x000000008503fb30}: static Lorg/gradle/internal/build/event/types/DefaultTaskSkippedResult;.<clinit>()V> (0x000000008503fb30) 
thrown [s\open\src\hotspot\share\prims\jni.cpp, line 1104]
Event: 254.949 Thread 0x000002509768f230 Exception <a 'java/lang/ClassNotFoundException'{0x0000000085d7d328}: build_elpwlynnqdwilsx1te7h77ljBeanInfo> (0x0000000085d7d328) 
thrown [s\open\src\hotspot\share\classfile\systemDictionary.cpp, line 255]
Event: 254.949 Thread 0x000002509768f230 Exception <a 'java/lang/ClassNotFoundException'{0x0000000085d838f8}: build_elpwlynnqdwilsx1te7h77ljCustomizer> (0x0000000085d838f8) 
thrown [s\open\src\hotspot\share\classfile\systemDictionary.cpp, line 255]
Event: 274.597 Thread 0x000002509768f230 Implicit null exception at 0x0000025087c9a28c to 0x0000025087c9a3c2

VM Operations (20 events):
Event: 273.135 Executing VM operation: HandshakeAllThreads done
Event: 273.298 Executing VM operation: HandshakeAllThreads
Event: 273.298 Executing VM operation: HandshakeAllThreads done
Event: 273.323 Executing VM operation: HandshakeAllThreads
Event: 273.323 Executing VM operation: HandshakeAllThreads done
Event: 274.331 Executing VM operation: Cleanup
Event: 274.393 Executing VM operation: Cleanup done
Event: 274.943 Executing VM operation: HandshakeAllThreads
Event: 274.943 Executing VM operation: HandshakeAllThreads done
Event: 275.954 Executing VM operation: Cleanup
Event: 276.069 Executing VM operation: Cleanup done
Event: 276.633 Executing VM operation: G1TryInitiateConcMark
Event: 276.640 Executing VM operation: G1TryInitiateConcMark done
Event: 276.965 Executing VM operation: G1Concurrent
Event: 276.980 Executing VM operation: G1Concurrent done
Event: 277.115 Executing VM operation: G1Concurrent
Event: 277.115 Executing VM operation: G1Concurrent done
Event: 277.135 Executing VM operation: G1TryInitiateConcMark
Event: 277.144 Executing VM operation: G1TryInitiateConcMark done
Event: 277.402 Executing VM operation: G1Concurrent

Events (20 events):
Event: 273.149 Thread 0x00000250ff2ece80 flushing nmethod 0x00000250812f0990
Event: 273.149 Thread 0x00000250ff2ece80 flushing nmethod 0x0000025081346210
Event: 273.149 Thread 0x00000250ff2ece80 flushing nmethod 0x000002508135b090
Event: 273.149 Thread 0x00000250ff2ece80 flushing nmethod 0x0000025081365510
Event: 273.150 Thread 0x00000250ff2ece80 flushing nmethod 0x0000025081389d10
Event: 273.150 Thread 0x00000250ff2ece80 flushing nmethod 0x000002508138b310
Event: 273.150 Thread 0x00000250ff2ece80 flushing nmethod 0x000002508138e990
Event: 273.150 Thread 0x00000250ff2ece80 flushing nmethod 0x000002508138f310
Event: 273.150 Thread 0x00000250ff2ece80 flushing nmethod 0x000002508139d110
Event: 273.150 Thread 0x00000250ff2ece80 flushing nmethod 0x00000250813a8090
Event: 273.150 Thread 0x00000250ff2ece80 flushing nmethod 0x00000250813bb890
Event: 273.150 Thread 0x00000250ff2ece80 flushing nmethod 0x00000250813c3310
Event: 273.150 Thread 0x00000250ff2ece80 flushing nmethod 0x00000250813c8790
Event: 273.150 Thread 0x00000250ff2ece80 flushing nmethod 0x00000250813f7810
Event: 273.150 Thread 0x00000250ff2ece80 flushing nmethod 0x00000250813f7d90
Event: 273.150 Thread 0x00000250ff2ece80 flushing nmethod 0x00000250813fce90
Event: 273.150 Thread 0x00000250ff2ece80 flushing nmethod 0x000002508143aa90
Event: 273.150 Thread 0x00000250ff2ece80 flushing nmethod 0x0000025081445790
Event: 273.150 Thread 0x00000250ff2ece80 flushing nmethod 0x0000025081496710
Event: 273.150 Thread 0x00000250ff2ece80 flushing nmethod 0x00000250814b1d90


Dynamic libraries:
0x00007ff641c80000 - 0x00007ff641c90000 	C:\Program Files\Java\jdk-18.0.2.1\bin\java.exe
0x00007fff0f590000 - 0x00007fff0f788000 	C:\Windows\SYSTEM32\ntdll.dll
0x00007fff0d5d0000 - 0x00007fff0d68d000 	C:\Windows\System32\KERNEL32.DLL
0x00007fff0cd50000 - 0x00007fff0d046000 	C:\Windows\System32\KERNELBASE.dll
0x00007fff0d050000 - 0x00007fff0d150000 	C:\Windows\System32\ucrtbase.dll
0x00007fff02ac0000 - 0x00007fff02ada000 	C:\Program Files\Java\jdk-18.0.2.1\bin\VCRUNTIME140.dll
0x00007fff05480000 - 0x00007fff05498000 	C:\Program Files\Java\jdk-18.0.2.1\bin\jli.dll
0x00007fff0f0e0000 - 0x00007fff0f190000 	C:\Windows\System32\ADVAPI32.dll
0x00007fff0de00000 - 0x00007fff0de9e000 	C:\Windows\System32\msvcrt.dll
0x00007fff0e300000 - 0x00007fff0e3a0000 	C:\Windows\System32\sechost.dll
0x00007fff0eec0000 - 0x00007fff0efe3000 	C:\Windows\System32\RPCRT4.dll
0x00007fff0d1f0000 - 0x00007fff0d217000 	C:\Windows\System32\bcrypt.dll
0x00007fff0f3b0000 - 0x00007fff0f54f000 	C:\Windows\System32\USER32.dll
0x00007fff0cc40000 - 0x00007fff0cc62000 	C:\Windows\System32\win32u.dll
0x00007fff0f050000 - 0x00007fff0f07b000 	C:\Windows\System32\GDI32.dll
0x00007fff0d220000 - 0x00007fff0d337000 	C:\Windows\System32\gdi32full.dll
0x00007fff0d150000 - 0x00007fff0d1ed000 	C:\Windows\System32\msvcp_win.dll
0x00007ffef8150000 - 0x00007ffef83ea000 	C:\Windows\WinSxS\amd64_microsoft.windows.common-controls_6595b64144ccf1df_6.0.19041.4355_none_60b8b9eb71f62e16\COMCTL32.dll
0x00007fff03d20000 - 0x00007fff03d2a000 	C:\Windows\SYSTEM32\VERSION.dll
0x00007fff0e110000 - 0x00007fff0e142000 	C:\Windows\System32\IMM32.DLL
0x00007fff02c90000 - 0x00007fff02c9c000 	C:\Program Files\Java\jdk-18.0.2.1\bin\vcruntime140_1.dll
0x00007ffeeb960000 - 0x00007ffeeb9ed000 	C:\Program Files\Java\jdk-18.0.2.1\bin\msvcp140.dll
0x00007ffea0b10000 - 0x00007ffea1721000 	C:\Program Files\Java\jdk-18.0.2.1\bin\server\jvm.dll
0x00007fff0f220000 - 0x00007fff0f228000 	C:\Windows\System32\PSAPI.DLL
0x00007ffef5c30000 - 0x00007ffef5c39000 	C:\Windows\SYSTEM32\WSOCK32.dll
0x00007ffef9a40000 - 0x00007ffef9a67000 	C:\Windows\SYSTEM32\WINMM.dll
0x00007fff0e5d0000 - 0x00007fff0e63b000 	C:\Windows\System32\WS2_32.dll
0x00007fff0b4a0000 - 0x00007fff0b4b2000 	C:\Windows\SYSTEM32\kernel.appcore.dll
0x00007fff02ab0000 - 0x00007fff02aba000 	C:\Program Files\Java\jdk-18.0.2.1\bin\jimage.dll
0x00007fff0b160000 - 0x00007fff0b344000 	C:\Windows\SYSTEM32\DBGHELP.DLL
0x00007fff049c0000 - 0x00007fff049f4000 	C:\Windows\SYSTEM32\dbgcore.DLL
0x00007fff0ccc0000 - 0x00007fff0cd42000 	C:\Windows\System32\bcryptPrimitives.dll
0x00007ffefa8c0000 - 0x00007ffefa8e5000 	C:\Program Files\Java\jdk-18.0.2.1\bin\java.dll
0x00007ffee8a40000 - 0x00007ffee8b16000 	C:\Program Files\Java\jdk-18.0.2.1\bin\jsvml.dll
0x00007fff0d690000 - 0x00007fff0ddfd000 	C:\Windows\System32\SHELL32.dll
0x00007fff0a8f0000 - 0x00007fff0b08d000 	C:\Windows\SYSTEM32\windows.storage.dll
0x00007fff0e640000 - 0x00007fff0e993000 	C:\Windows\System32\combase.dll
0x00007fff0c590000 - 0x00007fff0c5be000 	C:\Windows\SYSTEM32\Wldp.dll
0x00007fff0f230000 - 0x00007fff0f2fd000 	C:\Windows\System32\OLEAUT32.dll
0x00007fff0f300000 - 0x00007fff0f3ad000 	C:\Windows\System32\SHCORE.dll
0x00007fff0f080000 - 0x00007fff0f0d5000 	C:\Windows\System32\shlwapi.dll
0x00007fff0cb70000 - 0x00007fff0cb94000 	C:\Windows\SYSTEM32\profapi.dll
0x00007ffef8580000 - 0x00007ffef8593000 	C:\Program Files\Java\jdk-18.0.2.1\bin\net.dll
0x00007fff01000000 - 0x00007fff0110a000 	C:\Windows\SYSTEM32\WINHTTP.dll
0x00007fff0c2f0000 - 0x00007fff0c35a000 	C:\Windows\system32\mswsock.dll
0x00007ffeee690000 - 0x00007ffeee6a6000 	C:\Program Files\Java\jdk-18.0.2.1\bin\nio.dll
0x00007ffeee670000 - 0x00007ffeee688000 	C:\Program Files\Java\jdk-18.0.2.1\bin\zip.dll
0x00007fff06a20000 - 0x00007fff06a30000 	C:\Program Files\Java\jdk-18.0.2.1\bin\verify.dll
0x00007ffef7570000 - 0x00007ffef7597000 	C:\Users\Dell\.gradle\native\68d5fa5c4cc2d200863cafc0d521ce42e7d3e7ee720ec0a83991735586a16f82\windows-amd64\native-platform.dll
0x00007ffe98940000 - 0x00007ffe98a84000 	C:\Users\Dell\.gradle\native\e376f236ea51e6404a007f0833ffe2c6e607c4080706a723a18a27aeea778392\windows-amd64\native-platform-file-events.dll
0x00007fff07160000 - 0x00007fff07169000 	C:\Program Files\Java\jdk-18.0.2.1\bin\management.dll
0x00007fff07150000 - 0x00007fff0715b000 	C:\Program Files\Java\jdk-18.0.2.1\bin\management_ext.dll
0x00007fff0c4f0000 - 0x00007fff0c508000 	C:\Windows\SYSTEM32\CRYPTSP.dll
0x00007fff0bc10000 - 0x00007fff0bc44000 	C:\Windows\system32\rsaenh.dll
0x00007fff0cb20000 - 0x00007fff0cb4e000 	C:\Windows\SYSTEM32\USERENV.dll
0x00007fff0c4e0000 - 0x00007fff0c4ec000 	C:\Windows\SYSTEM32\CRYPTBASE.dll
0x00007fff0bfd0000 - 0x00007fff0c00b000 	C:\Windows\SYSTEM32\IPHLPAPI.DLL
0x00007fff0d5c0000 - 0x00007fff0d5c8000 	C:\Windows\System32\NSI.dll
0x00007fff01370000 - 0x00007fff01387000 	C:\Windows\SYSTEM32\dhcpcsvc6.DLL
0x00007fff01cf0000 - 0x00007fff01d0d000 	C:\Windows\SYSTEM32\dhcpcsvc.DLL
0x00007fff0c010000 - 0x00007fff0c0db000 	C:\Windows\SYSTEM32\DNSAPI.dll

dbghelp: loaded successfully - version: 4.0.5 - missing functions: none
symbol engine: initialized successfully - sym options: 0x614 - pdb path: .;C:\Program Files\Java\jdk-18.0.2.1\bin;C:\Windows\SYSTEM32;C:\Windows\WinSxS\amd64_microsoft.windows.common-controls_6595b64144ccf1df_6.0.19041.4355_none_60b8b9eb71f62e16;C:\Program Files\Java\jdk-18.0.2.1\bin\server;C:\Users\Dell\.gradle\native\68d5fa5c4cc2d200863cafc0d521ce42e7d3e7ee720ec0a83991735586a16f82\windows-amd64;C:\Users\Dell\.gradle\native\e376f236ea51e6404a007f0833ffe2c6e607c4080706a723a18a27aeea778392\windows-amd64

VM Arguments:
jvm_args: -XX:MaxMetaspaceSize=512m --add-opens=java.base/java.util=ALL-UNNAMED --add-opens=java.base/java.lang=ALL-UNNAMED --add-opens=java.base/java.lang.invoke=ALL-UNNAMED --add-opens=java.prefs/java.util.prefs=ALL-UNNAMED --add-opens=java.base/java.nio.charset=ALL-UNNAMED --add-opens=java.base/java.net=ALL-UNNAMED --add-opens=java.base/java.util.concurrent.atomic=ALL-UNNAMED -Xmx2048m -Dfile.encoding=utf8 -Duser.country=GB -Duser.language=en -Duser.variant 
java_command: org.gradle.launcher.daemon.bootstrap.GradleDaemon 8.0.1
java_class_path (initial): C:\Users\Dell\.gradle\wrapper\dists\gradle-8.0.1-all\aro4hu1c3oeioove7l0i4i14o\gradle-8.0.1\lib\gradle-launcher-8.0.1.jar
Launcher Type: SUN_STANDARD

[Global flags]
     intx CICompilerCount                          = 3                                         {product} {ergonomic}
   size_t CompressedClassSpaceSize                 = 432013312                                 {product} {ergonomic}
     uint ConcGCThreads                            = 1                                         {product} {ergonomic}
     uint G1ConcRefinementThreads                  = 4                                         {product} {ergonomic}
   size_t G1HeapRegionSize                         = 1048576                                   {product} {ergonomic}
    uintx GCDrainStackTargetSize                   = 64                                        {product} {ergonomic}
   size_t InitialHeapSize                          = 134217728                                 {product} {ergonomic}
   size_t MarkStackSize                            = 4194304                                   {product} {ergonomic}
   size_t MaxHeapSize                              = 2147483648                                {product} {command line}
   size_t MaxMetaspaceSize                         = 536870912                                 {product} {command line}
   size_t MaxNewSize                               = 1287651328                                {product} {ergonomic}
   size_t MinHeapDeltaBytes                        = 1048576                                   {product} {ergonomic}
   size_t MinHeapSize                              = 8388608                                   {product} {ergonomic}
    uintx NonNMethodCodeHeapSize                   = 5832780                                {pd product} {ergonomic}
    uintx NonProfiledCodeHeapSize                  = 122912730                              {pd product} {ergonomic}
    uintx ProfiledCodeHeapSize                     = 122912730                              {pd product} {ergonomic}
    uintx ReservedCodeCacheSize                    = 251658240                              {pd product} {ergonomic}
     bool SegmentedCodeCache                       = true                                      {product} {ergonomic}
   size_t SoftMaxHeapSize                          = 2147483648                             {manageable} {ergonomic}
     bool UseCompressedClassPointers               = true                           {product lp64_product} {ergonomic}
     bool UseCompressedOops                        = true                           {product lp64_product} {ergonomic}
     bool UseG1GC                                  = true                                      {product} {ergonomic}
     bool UseLargePagesIndividualAllocation        = false                                  {pd product} {ergonomic}

Logging:
Log output configuration:
 #0: stdout all=warning uptime,level,tags foldmultilines=false
 #1: stderr all=off uptime,level,tags foldmultilines=false

Environment Variables:
JAVA_HOME=C:\Program Files\Java\jdk-18.0.2.1
PATH=C:\Program Files\Common Files\Oracle\Java\javapath;C:\Program Files\Java\jdk1.8.0_341\bin;C:\Program Files\nodejs\;C:\Program Files\Git\cmd;C:\Users\Dell\AppData\Local\Microsoft\WindowsApps;D:\vs code\Microsoft VS Code\bin;D:\Java\IntelliJ IDEA Community Edition 2022.3.1\bin;C:\Users\Dell\AppData\Roaming\npm
USERNAME=Dell
OS=Windows_NT
PROCESSOR_IDENTIFIER=Intel64 Family 6 Model 78 Stepping 3, GenuineIntel



---------------  S Y S T E M  ---------------

OS:
 Windows 10 , 64 bit Build 19041 (10.0.19041.3636)
OS uptime: 15 days 7:06 hours

CPU: total 4 (initial active 4) (2 cores per cpu, 2 threads per core) family 6 model 78 stepping 3 microcode 0xf0, cx8, cmov, fxsr, ht, mmx, 3dnowpref, sse, sse2, sse3, ssse3, sse4.1, sse4.2, popcnt, lzcnt, tsc, tscinvbit, avx, avx2, aes, erms, clmul, bmi1, bmi2, rtm, adx, fma, vzeroupper, clflush, clflushopt

Memory: 4k page, system-wide physical 8087M (462M free)
TotalPageFile size 20710M (AvailPageFile size 9M)
current process WorkingSet (physical memory assigned to process): 313M, peak: 313M
current process commit charge ("private bytes"): 360M, peak: 372M

vm_info: Java HotSpot(TM) 64-Bit Server VM (18.0.2.1+1-1) for windows-amd64 JRE (18.0.2.1+1-1), built on Aug 16 2022 01:46:33 by "mach5one" with MS VC++ 16.8 / 16.9 (VS2019)

END.
