#
# There is insufficient memory for the Java Runtime Environment to continue.
# Native memory allocation (mmap) failed to map 65536 bytes for Failed to commit metaspace.
# Possible reasons:
#   The system is out of physical RAM or swap space
#   The process is running with CompressedOops enabled, and the Java Heap may be blocking the growth of the native heap
# Possible solutions:
#   Reduce memory load on the system
#   Increase physical memory or swap space
#   Check if swap backing store is full
#   Decrease Java heap size (-Xmx/-Xms)
#   Decrease number of Java threads
#   Decrease Java thread stack sizes (-Xss)
#   Set larger code cache with -XX:ReservedCodeCacheSize=
#   JVM is running with Unscaled Compressed Oops mode in which the Java heap is
#     placed in the first 4GB address space. The Java Heap base address is the
#     maximum limit for the native heap growth. Please use -XX:HeapBaseMinAddress
#     to set the Java Heap base and to place the Java Heap above 4GB virtual address.
# This output file may be truncated or incomplete.
#
#  Out of Memory Error (virtualSpaceNode.cpp:110), pid=12628, tid=21808
#
# JRE version: Java(TM) SE Runtime Environment (18.0.2.1+1) (build 18.0.2.1+1-1)
# Java VM: Java HotSpot(TM) 64-Bit Server VM (18.0.2.1+1-1, mixed mode, sharing, tiered, compressed oops, compressed class ptrs, g1 gc, windows-amd64)
# No core dump will be written. Minidumps are not enabled by default on client versions of Windows
#

---------------  S U M M A R Y ------------

Command Line: -XX:MaxMetaspaceSize=512m --add-opens=java.base/java.util=ALL-UNNAMED --add-opens=java.base/java.lang=ALL-UNNAMED --add-opens=java.base/java.lang.invoke=ALL-UNNAMED --add-opens=java.prefs/java.util.prefs=ALL-UNNAMED --add-opens=java.base/java.nio.charset=ALL-UNNAMED --add-opens=java.base/java.net=ALL-UNNAMED --add-opens=java.base/java.util.concurrent.atomic=ALL-UNNAMED -Xmx2048m -Dfile.encoding=utf8 -Duser.country=GB -Duser.language=en -Duser.variant org.gradle.launcher.daemon.bootstrap.GradleDaemon 8.0.1

Host: Intel(R) Core(TM) i5-6300U CPU @ 2.40GHz, 4 cores, 7G,  Windows 10 , 64 bit Build 19041 (10.0.19041.3636)
Time: Tue May 14 18:34:10 2024 India Standard Time elapsed time: 9.372392 seconds (0d 0h 0m 9s)

---------------  T H R E A D  ---------------

Current thread (0x00000233c0d028c0):  JavaThread "Daemon worker" [_thread_in_vm, id=21808, stack(0x00000082e2b00000,0x00000082e2c00000)]

Stack: [0x00000082e2b00000,0x00000082e2c00000]
Native frames: (J=compiled Java code, j=interpreted, Vv=VM code, C=native code)
V  [jvm.dll+0x6993aa]
V  [jvm.dll+0x7f46dd]
V  [jvm.dll+0x7f5fee]
V  [jvm.dll+0x7f66a3]
V  [jvm.dll+0x25cf1f]
V  [jvm.dll+0x7f03eb]
V  [jvm.dll+0x63f526]
V  [jvm.dll+0x1d75ce]
V  [jvm.dll+0x641ecb]
V  [jvm.dll+0x641cce]
V  [jvm.dll+0x63feee]
V  [jvm.dll+0x252a66]
V  [jvm.dll+0x20333d]
V  [jvm.dll+0x1f8d61]
V  [jvm.dll+0x55dc05]
V  [jvm.dll+0x76eabd]
V  [jvm.dll+0x76ea1a]
V  [jvm.dll+0x42de11]
V  [jvm.dll+0x440a23]
C  [java.dll+0x1657]

Java frames: (J=compiled Java code, j=interpreted, Vv=VM code)
J 2292  java.lang.ClassLoader.defineClass0(Ljava/lang/ClassLoader;Ljava/lang/Class;Ljava/lang/String;[BIILjava/security/ProtectionDomain;ZILjava/lang/Object;)Ljava/lang/Class; java.base@18.0.2.1 (0 bytes) @ 0x00000233acf76911 [0x00000233acf76820+0x00000000000000f1]
J 2296 c1 java.lang.System$2.defineClass(Ljava/lang/ClassLoader;Ljava/lang/Class;Ljava/lang/String;[BLjava/security/ProtectionDomain;ZILjava/lang/Object;)Ljava/lang/Class; java.base@18.0.2.1 (21 bytes) @ 0x00000233a5ddb5ec [0x00000233a5ddb540+0x00000000000000ac]
J 2051 c1 java.lang.invoke.MethodHandles$Lookup$ClassDefiner.defineClass(ZLjava/lang/Object;)Ljava/lang/Class; java.base@18.0.2.1 (97 bytes) @ 0x00000233a5d64b84 [0x00000233a5d646a0+0x00000000000004e4]
j  java.lang.invoke.InvokerBytecodeGenerator.loadMethod([B)Ljava/lang/invoke/MemberName;+19 java.base@18.0.2.1
J 2544 c1 java.lang.invoke.InvokerBytecodeGenerator.generateCustomizedCode(Ljava/lang/invoke/LambdaForm;Ljava/lang/invoke/MethodType;)Ljava/lang/invoke/MemberName; java.base@18.0.2.1 (34 bytes) @ 0x00000233a5e6c3fc [0x00000233a5e6c260+0x000000000000019c]
J 1893 c1 java.lang.invoke.LambdaForm.compileToBytecode()V java.base@18.0.2.1 (164 bytes) @ 0x00000233a5d11964 [0x00000233a5d11760+0x0000000000000204]
J 826 c1 java.lang.invoke.LambdaForm.prepare()V java.base@18.0.2.1 (112 bytes) @ 0x00000233a5aa02ec [0x00000233a5aa0140+0x00000000000001ac]
J 825 c1 java.lang.invoke.MethodHandle.<init>(Ljava/lang/invoke/MethodType;Ljava/lang/invoke/LambdaForm;)V java.base@18.0.2.1 (37 bytes) @ 0x00000233a5a9f95c [0x00000233a5a9f720+0x000000000000023c]
J 1544 c1 java.lang.invoke.BoundMethodHandle.<init>(Ljava/lang/invoke/MethodType;Ljava/lang/invoke/LambdaForm;)V java.base@18.0.2.1 (32 bytes) @ 0x00000233a5c40344 [0x00000233a5c402c0+0x0000000000000084]
J 2142 c1 java.lang.invoke.BoundMethodHandle$Species_LL.make(Ljava/lang/invoke/MethodType;Ljava/lang/invoke/LambdaForm;Ljava/lang/Object;Ljava/lang/Object;)Ljava/lang/invoke/BoundMethodHandle; java.base@18.0.2.1 (12 bytes) @ 0x00000233a5d9074c [0x00000233a5d90640+0x000000000000010c]
J 1908 c1 java.lang.invoke.DirectMethodHandle$Holder.invokeStatic(Ljava/lang/Object;Ljava/lang/Object;Ljava/lang/Object;Ljava/lang/Object;Ljava/lang/Object;)Ljava/lang/Object; java.base@18.0.2.1 (20 bytes) @ 0x00000233a5d1acdc [0x00000233a5d1a8e0+0x00000000000003fc]
J 1914 c1 java.lang.invoke.BoundMethodHandle$Species_L.copyWithExtendL(Ljava/lang/invoke/MethodType;Ljava/lang/invoke/LambdaForm;Ljava/lang/Object;)Ljava/lang/invoke/BoundMethodHandle; java.base@18.0.2.1 (31 bytes) @ 0x00000233a5d1c4d4 [0x00000233a5d1c140+0x0000000000000394]
J 2196 c1 java.lang.invoke.MethodHandleImpl.makePairwiseConvertByEditor(Ljava/lang/invoke/MethodHandle;Ljava/lang/invoke/MethodType;ZZ)Ljava/lang/invoke/MethodHandle; java.base@18.0.2.1 (627 bytes) @ 0x00000233a5db000c [0x00000233a5dad820+0x00000000000027ec]
J 2419 c1 java.lang.invoke.MethodHandleImpl.makePairwiseConvert(Ljava/lang/invoke/MethodHandle;Ljava/lang/invoke/MethodType;ZZ)Ljava/lang/invoke/MethodHandle; java.base@18.0.2.1 (22 bytes) @ 0x00000233a5e247fc [0x00000233a5e246c0+0x000000000000013c]
J 2194 c1 java.lang.invoke.MethodHandle.asTypeUncached(Ljava/lang/invoke/MethodType;)Ljava/lang/invoke/MethodHandle; java.base@18.0.2.1 (54 bytes) @ 0x00000233a5db7de4 [0x00000233a5db7660+0x0000000000000784]
J 2016 c1 java.lang.invoke.MethodHandle.asType(Ljava/lang/invoke/MethodType;)Ljava/lang/invoke/MethodHandle; java.base@18.0.2.1 (32 bytes) @ 0x00000233a5d56004 [0x00000233a5d55e40+0x00000000000001c4]
j  java.lang.invoke.MethodHandle.asSpreader(ILjava/lang/Class;I)Ljava/lang/invoke/MethodHandle;+12 java.base@18.0.2.1
j  jdk.internal.reflect.MethodHandleAccessorFactory.makeSpecializedTarget(Ljava/lang/invoke/MethodHandle;ZZ)Ljava/lang/invoke/MethodHandle;+67 java.base@18.0.2.1
j  jdk.internal.reflect.MethodHandleAccessorFactory.getDirectMethod(Ljava/lang/reflect/Method;Z)Ljava/lang/invoke/MethodHandle;+79 java.base@18.0.2.1
j  jdk.internal.reflect.MethodHandleAccessorFactory.newMethodAccessor(Ljava/lang/reflect/Method;Z)Ljdk/internal/reflect/MethodAccessorImpl;+41 java.base@18.0.2.1
j  jdk.internal.reflect.ReflectionFactory.newMethodAccessor(Ljava/lang/reflect/Method;Z)Ljdk/internal/reflect/MethodAccessor;+31 java.base@18.0.2.1
j  java.lang.reflect.Method.acquireMethodAccessor()Ljdk/internal/reflect/MethodAccessor;+38 java.base@18.0.2.1
J 1786 c1 java.lang.reflect.Method.invoke(Ljava/lang/Object;[Ljava/lang/Object;)Ljava/lang/Object; java.base@18.0.2.1 (108 bytes) @ 0x00000233a5cc7c94 [0x00000233a5cc7220+0x0000000000000a74]
j  org.gradle.internal.reflect.JavaMethod.invoke(Ljava/lang/Object;[Ljava/lang/Object;)Ljava/lang/Object;+6
j  org.gradle.internal.service.ReflectionBasedServiceMethod.invoke(Ljava/lang/Object;[Ljava/lang/Object;)Ljava/lang/Object;+6
j  org.gradle.internal.service.DefaultServiceRegistry$FactoryMethodService.invokeMethod([Ljava/lang/Object;)Ljava/lang/Object;+9
j  org.gradle.internal.service.DefaultServiceRegistry$FactoryService.createServiceInstance()Ljava/lang/Object;+7
J 2173 c1 org.gradle.internal.service.DefaultServiceRegistry$ManagedObjectServiceProvider.getInstance()Ljava/lang/Object; (47 bytes) @ 0x00000233a5d9f814 [0x00000233a5d9f660+0x00000000000001b4]
J 2172 c1 org.gradle.internal.service.DefaultServiceRegistry$SingletonService.get()Ljava/lang/Object; (5 bytes) @ 0x00000233a5d9ea94 [0x00000233a5d9ea20+0x0000000000000074]
j  org.gradle.internal.service.DefaultServiceRegistry$FactoryService.assembleParameters()[Ljava/lang/Object;+44
j  org.gradle.internal.service.DefaultServiceRegistry$FactoryService.createServiceInstance()Ljava/lang/Object;+1
J 2173 c1 org.gradle.internal.service.DefaultServiceRegistry$ManagedObjectServiceProvider.getInstance()Ljava/lang/Object; (47 bytes) @ 0x00000233a5d9f814 [0x00000233a5d9f660+0x00000000000001b4]
J 2172 c1 org.gradle.internal.service.DefaultServiceRegistry$SingletonService.get()Ljava/lang/Object; (5 bytes) @ 0x00000233a5d9ea94 [0x00000233a5d9ea20+0x0000000000000074]
j  org.gradle.internal.service.DefaultServiceRegistry.find(Ljava/lang/reflect/Type;)Ljava/lang/Object;+22
j  org.gradle.internal.service.DefaultServiceRegistry.get(Ljava/lang/reflect/Type;)Ljava/lang/Object;+2
j  org.gradle.internal.service.DefaultServiceRegistry.get(Ljava/lang/Class;)Ljava/lang/Object;+3
j  org.gradle.internal.service.scopes.BuildScopeServices.defaultScriptPluginFactory()Lorg/gradle/configuration/DefaultScriptPluginFactory;+8
j  org.gradle.internal.service.scopes.BuildScopeServices.createScriptPluginFactory(Lorg/gradle/internal/instantiation/InstantiatorFactory;Lorg/gradle/internal/operations/BuildOperationExecutor;Lorg/gradle/configuration/internal/UserCodeApplicationContext;)Lorg/gradle/configuration/ScriptPluginFactory;+1
j  java.lang.invoke.LambdaForm$DMH+0x0000000800ccbc00.invokeVirtual(Ljava/lang/Object;Ljava/lang/Object;Ljava/lang/Object;Ljava/lang/Object;Ljava/lang/Object;)Ljava/lang/Object;+16 java.base@18.0.2.1
j  java.lang.invoke.LambdaForm$MH+0x0000000800ed1400.invoke(Ljava/lang/Object;Ljava/lang/Object;Ljava/lang/Object;Ljava/lang/Object;Ljava/lang/Object;)Ljava/lang/Object;+93 java.base@18.0.2.1
J 1786 c1 java.lang.reflect.Method.invoke(Ljava/lang/Object;[Ljava/lang/Object;)Ljava/lang/Object; java.base@18.0.2.1 (108 bytes) @ 0x00000233a5cc9f2c [0x00000233a5cc7220+0x0000000000002d0c]
j  org.gradle.internal.reflect.JavaMethod.invoke(Ljava/lang/Object;[Ljava/lang/Object;)Ljava/lang/Object;+6
j  org.gradle.internal.service.ReflectionBasedServiceMethod.invoke(Ljava/lang/Object;[Ljava/lang/Object;)Ljava/lang/Object;+6
j  org.gradle.internal.service.DefaultServiceRegistry$FactoryMethodService.invokeMethod([Ljava/lang/Object;)Ljava/lang/Object;+9
j  org.gradle.internal.service.DefaultServiceRegistry$FactoryService.createServiceInstance()Ljava/lang/Object;+7
J 2173 c1 org.gradle.internal.service.DefaultServiceRegistry$ManagedObjectServiceProvider.getInstance()Ljava/lang/Object; (47 bytes) @ 0x00000233a5d9f814 [0x00000233a5d9f660+0x00000000000001b4]
J 2172 c1 org.gradle.internal.service.DefaultServiceRegistry$SingletonService.get()Ljava/lang/Object; (5 bytes) @ 0x00000233a5d9ea94 [0x00000233a5d9ea20+0x0000000000000074]
j  org.gradle.internal.service.DefaultServiceRegistry$FactoryService.assembleParameters()[Ljava/lang/Object;+44
j  org.gradle.internal.service.DefaultServiceRegistry$FactoryService.createServiceInstance()Ljava/lang/Object;+1
J 2173 c1 org.gradle.internal.service.DefaultServiceRegistry$ManagedObjectServiceProvider.getInstance()Ljava/lang/Object; (47 bytes) @ 0x00000233a5d9f814 [0x00000233a5d9f660+0x00000000000001b4]
J 2172 c1 org.gradle.internal.service.DefaultServiceRegistry$SingletonService.get()Ljava/lang/Object; (5 bytes) @ 0x00000233a5d9ea94 [0x00000233a5d9ea20+0x0000000000000074]
j  org.gradle.internal.service.DefaultServiceRegistry$FactoryService.assembleParameters()[Ljava/lang/Object;+44
j  org.gradle.internal.service.DefaultServiceRegistry$FactoryService.createServiceInstance()Ljava/lang/Object;+1
J 2173 c1 org.gradle.internal.service.DefaultServiceRegistry$ManagedObjectServiceProvider.getInstance()Ljava/lang/Object; (47 bytes) @ 0x00000233a5d9f814 [0x00000233a5d9f660+0x00000000000001b4]
J 2172 c1 org.gradle.internal.service.DefaultServiceRegistry$SingletonService.get()Ljava/lang/Object; (5 bytes) @ 0x00000233a5d9ea94 [0x00000233a5d9ea20+0x0000000000000074]
j  org.gradle.internal.service.DefaultServiceRegistry$FactoryService.assembleParameters()[Ljava/lang/Object;+44
j  org.gradle.internal.service.DefaultServiceRegistry$FactoryService.createServiceInstance()Ljava/lang/Object;+1
J 2173 c1 org.gradle.internal.service.DefaultServiceRegistry$ManagedObjectServiceProvider.getInstance()Ljava/lang/Object; (47 bytes) @ 0x00000233a5d9f814 [0x00000233a5d9f660+0x00000000000001b4]
J 2172 c1 org.gradle.internal.service.DefaultServiceRegistry$SingletonService.get()Ljava/lang/Object; (5 bytes) @ 0x00000233a5d9ea94 [0x00000233a5d9ea20+0x0000000000000074]
j  org.gradle.internal.service.DefaultServiceRegistry.find(Ljava/lang/reflect/Type;)Ljava/lang/Object;+22
j  org.gradle.internal.service.DefaultServiceRegistry.get(Ljava/lang/reflect/Type;)Ljava/lang/Object;+2
j  org.gradle.internal.service.DefaultServiceRegistry.get(Ljava/lang/Class;)Ljava/lang/Object;+3
j  org.gradle.configurationcache.DefaultBuildModelControllerServices$VintageBuildControllerProvider.createBuildModelController(Lorg/gradle/api/internal/GradleInternal;Lorg/gradle/internal/model/StateTransitionControllerFactory;)Lorg/gradle/internal/build/BuildModelController;+67
j  java.lang.invoke.DirectMethodHandle$Holder.invokeSpecial(Ljava/lang/Object;Ljava/lang/Object;Ljava/lang/Object;Ljava/lang/Object;)Ljava/lang/Object;+14 java.base@18.0.2.1
j  java.lang.invoke.LambdaForm$MH+0x0000000800c8a800.invoke(Ljava/lang/Object;Ljava/lang/Object;Ljava/lang/Object;Ljava/lang/Object;)Ljava/lang/Object;+73 java.base@18.0.2.1
J 1786 c1 java.lang.reflect.Method.invoke(Ljava/lang/Object;[Ljava/lang/Object;)Ljava/lang/Object; java.base@18.0.2.1 (108 bytes) @ 0x00000233a5cca5f4 [0x00000233a5cc7220+0x00000000000033d4]
j  org.gradle.internal.reflect.JavaMethod.invoke(Ljava/lang/Object;[Ljava/lang/Object;)Ljava/lang/Object;+6
j  org.gradle.internal.service.ReflectionBasedServiceMethod.invoke(Ljava/lang/Object;[Ljava/lang/Object;)Ljava/lang/Object;+6
j  org.gradle.internal.service.DefaultServiceRegistry$FactoryMethodService.invokeMethod([Ljava/lang/Object;)Ljava/lang/Object;+9
j  org.gradle.internal.service.DefaultServiceRegistry$FactoryService.createServiceInstance()Ljava/lang/Object;+7
J 2173 c1 org.gradle.internal.service.DefaultServiceRegistry$ManagedObjectServiceProvider.getInstance()Ljava/lang/Object; (47 bytes) @ 0x00000233a5d9f814 [0x00000233a5d9f660+0x00000000000001b4]
J 2172 c1 org.gradle.internal.service.DefaultServiceRegistry$SingletonService.get()Ljava/lang/Object; (5 bytes) @ 0x00000233a5d9ea94 [0x00000233a5d9ea20+0x0000000000000074]
j  org.gradle.internal.service.DefaultServiceRegistry.find(Ljava/lang/reflect/Type;)Ljava/lang/Object;+22
j  org.gradle.internal.service.DefaultServiceRegistry.get(Ljava/lang/reflect/Type;)Ljava/lang/Object;+2
j  org.gradle.internal.service.DefaultServiceRegistry.get(Ljava/lang/Class;)Ljava/lang/Object;+3
j  org.gradle.internal.build.DefaultBuildLifecycleControllerFactory.newInstance(Lorg/gradle/api/internal/BuildDefinition;Lorg/gradle/internal/service/scopes/BuildScopeServices;)Lorg/gradle/internal/build/BuildLifecycleController;+205
j  org.gradle.configurationcache.DefaultBuildModelControllerServices$ServicesProvider.createBuildLifecycleController(Lorg/gradle/internal/build/BuildLifecycleControllerFactory;)Lorg/gradle/internal/build/BuildLifecycleController;+15
J 1703 c1 java.lang.invoke.DirectMethodHandle$Holder.invokeSpecial(Ljava/lang/Object;Ljava/lang/Object;Ljava/lang/Object;)Ljava/lang/Object; java.base@18.0.2.1 (15 bytes) @ 0x00000233a5c9265c [0x00000233a5c92260+0x00000000000003fc]
j  java.lang.invoke.LambdaForm$MH+0x0000000800c88800.invoke(Ljava/lang/Object;Ljava/lang/Object;Ljava/lang/Object;)Ljava/lang/Object;+52 java.base@18.0.2.1
J 1786 c1 java.lang.reflect.Method.invoke(Ljava/lang/Object;[Ljava/lang/Object;)Ljava/lang/Object; java.base@18.0.2.1 (108 bytes) @ 0x00000233a5ccac94 [0x00000233a5cc7220+0x0000000000003a74]
j  org.gradle.internal.reflect.JavaMethod.invoke(Ljava/lang/Object;[Ljava/lang/Object;)Ljava/lang/Object;+6
j  org.gradle.internal.service.ReflectionBasedServiceMethod.invoke(Ljava/lang/Object;[Ljava/lang/Object;)Ljava/lang/Object;+6
j  org.gradle.internal.service.DefaultServiceRegistry$FactoryMethodService.invokeMethod([Ljava/lang/Object;)Ljava/lang/Object;+9
j  org.gradle.internal.service.DefaultServiceRegistry$FactoryService.createServiceInstance()Ljava/lang/Object;+7
J 2173 c1 org.gradle.internal.service.DefaultServiceRegistry$ManagedObjectServiceProvider.getInstance()Ljava/lang/Object; (47 bytes) @ 0x00000233a5d9f814 [0x00000233a5d9f660+0x00000000000001b4]
J 2172 c1 org.gradle.internal.service.DefaultServiceRegistry$SingletonService.get()Ljava/lang/Object; (5 bytes) @ 0x00000233a5d9ea94 [0x00000233a5d9ea20+0x0000000000000074]
j  org.gradle.internal.service.DefaultServiceRegistry.find(Ljava/lang/reflect/Type;)Ljava/lang/Object;+22
j  org.gradle.internal.service.DefaultServiceRegistry.get(Ljava/lang/reflect/Type;)Ljava/lang/Object;+2
j  org.gradle.internal.service.DefaultServiceRegistry.get(Ljava/lang/Class;)Ljava/lang/Object;+3
j  org.gradle.internal.build.AbstractBuildState.lambda$new$0()Lorg/gradle/internal/build/BuildLifecycleController;+6
j  org.gradle.internal.build.AbstractBuildState$$Lambda$178+0x0000000800e97550.get()Ljava/lang/Object;+4
j  org.gradle.internal.lazy.LockingLazy.get()Ljava/lang/Object;+22
j  org.gradle.internal.build.AbstractBuildState.getBuildController()Lorg/gradle/internal/build/BuildLifecycleController;+4
j  org.gradle.composite.internal.DefaultRootBuildState.<init>(Lorg/gradle/api/internal/BuildDefinition;Lorg/gradle/internal/buildtree/BuildTreeState;Lorg/gradle/internal/event/ListenerManager;)V+19
j  org.gradle.composite.internal.BuildStateFactory.createRootBuild(Lorg/gradle/api/internal/BuildDefinition;)Lorg/gradle/internal/build/RootBuildState;+13
j  org.gradle.composite.internal.DefaultIncludedBuildRegistry.createRootBuild(Lorg/gradle/api/internal/BuildDefinition;)Lorg/gradle/internal/build/RootBuildState;+23
j  org.gradle.launcher.exec.RootBuildLifecycleBuildActionExecutor.execute(Lorg/gradle/internal/invocation/BuildAction;Lorg/gradle/internal/buildtree/BuildTreeContext;)Lorg/gradle/internal/buildtree/BuildActionRunner$Result;+14
j  org.gradle.internal.buildtree.DefaultBuildTreeContext.execute(Lorg/gradle/internal/invocation/BuildAction;)Lorg/gradle/internal/buildtree/BuildActionRunner$Result;+64
j  org.gradle.launcher.exec.BuildTreeLifecycleBuildActionExecutor.lambda$execute$0(Lorg/gradle/internal/invocation/BuildAction;Lorg/gradle/internal/buildtree/BuildTreeContext;)Lorg/gradle/internal/buildtree/BuildActionRunner$Result;+2
j  org.gradle.launcher.exec.BuildTreeLifecycleBuildActionExecutor$$Lambda$156+0x0000000800e3f470.apply(Ljava/lang/Object;)Ljava/lang/Object;+8
j  org.gradle.internal.buildtree.BuildTreeState.run(Ljava/util/function/Function;)Ljava/lang/Object;+5
j  org.gradle.launcher.exec.BuildTreeLifecycleBuildActionExecutor.execute(Lorg/gradle/internal/invocation/BuildAction;Lorg/gradle/internal/session/BuildSessionContext;)Lorg/gradle/internal/buildtree/BuildActionRunner$Result;+181
j  org.gradle.launcher.exec.RunAsBuildOperationBuildActionExecutor$3.call(Lorg/gradle/internal/operations/BuildOperationContext;)Lorg/gradle/internal/buildtree/BuildActionRunner$Result;+25
j  org.gradle.launcher.exec.RunAsBuildOperationBuildActionExecutor$3.call(Lorg/gradle/internal/operations/BuildOperationContext;)Ljava/lang/Object;+2
j  org.gradle.internal.operations.DefaultBuildOperationRunner$CallableBuildOperationWorker.execute(Lorg/gradle/internal/operations/CallableBuildOperation;Lorg/gradle/internal/operations/BuildOperationContext;)V+3
j  org.gradle.internal.operations.DefaultBuildOperationRunner$CallableBuildOperationWorker.execute(Lorg/gradle/internal/operations/BuildOperation;Lorg/gradle/internal/operations/BuildOperationContext;)V+6
j  org.gradle.internal.operations.DefaultBuildOperationRunner$2.execute(Lorg/gradle/internal/operations/BuildOperationDescriptor;Lorg/gradle/internal/operations/BuildOperationState;Lorg/gradle/internal/operations/BuildOperationState;Lorg/gradle/internal/operations/DefaultBuildOperationRunner$ReadableBuildOperationContext;Lorg/gradle/internal/operations/DefaultBuildOperationRunner$BuildOperationExecutionListener;)Lorg/gradle/internal/operations/BuildOperation;+22
j  org.gradle.internal.operations.DefaultBuildOperationRunner$2.execute(Lorg/gradle/internal/operations/BuildOperationDescriptor;Lorg/gradle/internal/operations/BuildOperationState;Lorg/gradle/internal/operations/BuildOperationState;Lorg/gradle/internal/operations/DefaultBuildOperationRunner$ReadableBuildOperationContext;Lorg/gradle/internal/operations/DefaultBuildOperationRunner$BuildOperationExecutionListener;)Ljava/lang/Object;+8
j  org.gradle.internal.operations.DefaultBuildOperationRunner.execute(Lorg/gradle/internal/operations/BuildOperationDescriptor$Builder;Lorg/gradle/internal/operations/BuildOperationState;Lorg/gradle/internal/operations/DefaultBuildOperationRunner$BuildOperationExecution;)Ljava/lang/Object;+141
j  org.gradle.internal.operations.DefaultBuildOperationRunner.execute(Lorg/gradle/internal/operations/BuildOperation;Lorg/gradle/internal/operations/BuildOperationWorker;Lorg/gradle/internal/operations/BuildOperationState;)V+18
j  org.gradle.internal.operations.DefaultBuildOperationRunner.call(Lorg/gradle/internal/operations/CallableBuildOperation;)Ljava/lang/Object;+16
j  org.gradle.internal.operations.DefaultBuildOperationExecutor.call(Lorg/gradle/internal/operations/CallableBuildOperation;)Ljava/lang/Object;+5
j  org.gradle.launcher.exec.RunAsBuildOperationBuildActionExecutor.execute(Lorg/gradle/internal/invocation/BuildAction;Lorg/gradle/internal/session/BuildSessionContext;)Lorg/gradle/internal/buildtree/BuildActionRunner$Result;+23
j  org.gradle.launcher.exec.RunAsWorkerThreadBuildActionExecutor.lambda$execute$0(Lorg/gradle/internal/invocation/BuildAction;Lorg/gradle/internal/session/BuildSessionContext;)Lorg/gradle/internal/buildtree/BuildActionRunner$Result;+6
j  org.gradle.launcher.exec.RunAsWorkerThreadBuildActionExecutor$$Lambda$149+0x0000000800e1f798.create()Ljava/lang/Object;+12
j  org.gradle.internal.work.DefaultWorkerLeaseService.withLocks(Ljava/util/Collection;Lorg/gradle/internal/Factory;)Ljava/lang/Object;+28
j  org.gradle.internal.work.DefaultWorkerLeaseService.runAsWorkerThread(Lorg/gradle/internal/Factory;)Ljava/lang/Object;+33
j  org.gradle.launcher.exec.RunAsWorkerThreadBuildActionExecutor.execute(Lorg/gradle/internal/invocation/BuildAction;Lorg/gradle/internal/session/BuildSessionContext;)Lorg/gradle/internal/buildtree/BuildActionRunner$Result;+12
j  org.gradle.tooling.internal.provider.continuous.ContinuousBuildActionExecutor.execute(Lorg/gradle/internal/invocation/BuildAction;Lorg/gradle/internal/session/BuildSessionContext;)Lorg/gradle/internal/buildtree/BuildActionRunner$Result;+58
j  org.gradle.tooling.internal.provider.SubscribableBuildActionExecutor.execute(Lorg/gradle/internal/invocation/BuildAction;Lorg/gradle/internal/session/BuildSessionContext;)Lorg/gradle/internal/buildtree/BuildActionRunner$Result;+30
j  org.gradle.internal.session.DefaultBuildSessionContext.execute(Lorg/gradle/internal/invocation/BuildAction;)Lorg/gradle/internal/buildtree/BuildActionRunner$Result;+64
j  org.gradle.tooling.internal.provider.BuildSessionLifecycleBuildActionExecuter$ActionImpl.apply(Lorg/gradle/internal/session/BuildSessionContext;)Lorg/gradle/launcher/exec/BuildActionResult;+6
j  org.gradle.tooling.internal.provider.BuildSessionLifecycleBuildActionExecuter$ActionImpl.apply(Ljava/lang/Object;)Ljava/lang/Object;+5
j  org.gradle.internal.session.BuildSessionState.run(Ljava/util/function/Function;)Ljava/lang/Object;+5
j  org.gradle.tooling.internal.provider.BuildSessionLifecycleBuildActionExecuter.execute(Lorg/gradle/internal/invocation/BuildAction;Lorg/gradle/launcher/exec/BuildActionParameters;Lorg/gradle/initialization/BuildRequestContext;)Lorg/gradle/launcher/exec/BuildActionResult;+95
j  org.gradle.tooling.internal.provider.BuildSessionLifecycleBuildActionExecuter.execute(Lorg/gradle/internal/invocation/BuildAction;Ljava/lang/Object;Ljava/lang/Object;)Lorg/gradle/launcher/exec/BuildActionResult;+10
j  org.gradle.tooling.internal.provider.StartParamsValidatingActionExecuter.execute(Lorg/gradle/internal/invocation/BuildAction;Lorg/gradle/launcher/exec/BuildActionParameters;Lorg/gradle/initialization/BuildRequestContext;)Lorg/gradle/launcher/exec/BuildActionResult;+177
j  org.gradle.tooling.internal.provider.StartParamsValidatingActionExecuter.execute(Lorg/gradle/internal/invocation/BuildAction;Ljava/lang/Object;Ljava/lang/Object;)Lorg/gradle/launcher/exec/BuildActionResult;+10
j  org.gradle.tooling.internal.provider.SessionFailureReportingActionExecuter.execute(Lorg/gradle/internal/invocation/BuildAction;Lorg/gradle/launcher/exec/BuildActionParameters;Lorg/gradle/initialization/BuildRequestContext;)Lorg/gradle/launcher/exec/BuildActionResult;+7
j  org.gradle.tooling.internal.provider.SessionFailureReportingActionExecuter.execute(Lorg/gradle/internal/invocation/BuildAction;Ljava/lang/Object;Ljava/lang/Object;)Lorg/gradle/launcher/exec/BuildActionResult;+10
j  org.gradle.tooling.internal.provider.SetupLoggingActionExecuter.execute(Lorg/gradle/internal/invocation/BuildAction;Lorg/gradle/launcher/exec/BuildActionParameters;Lorg/gradle/initialization/BuildRequestContext;)Lorg/gradle/launcher/exec/BuildActionResult;+50
j  org.gradle.tooling.internal.provider.SetupLoggingActionExecuter.execute(Lorg/gradle/internal/invocation/BuildAction;Ljava/lang/Object;Ljava/lang/Object;)Lorg/gradle/launcher/exec/BuildActionResult;+10
j  org.gradle.launcher.daemon.server.exec.ExecuteBuild.doBuild(Lorg/gradle/launcher/daemon/server/api/DaemonCommandExecution;Lorg/gradle/launcher/daemon/protocol/Build;)V+117
j  org.gradle.launcher.daemon.server.exec.BuildCommandOnly.execute(Lorg/gradle/launcher/daemon/server/api/DaemonCommandExecution;)V+49
j  org.gradle.launcher.daemon.server.api.DaemonCommandExecution.proceed()Z+23
j  org.gradle.launcher.daemon.server.exec.WatchForDisconnection.execute(Lorg/gradle/launcher/daemon/server/api/DaemonCommandExecution;)V+19
j  org.gradle.launcher.daemon.server.api.DaemonCommandExecution.proceed()Z+23
j  org.gradle.launcher.daemon.server.exec.ResetDeprecationLogger.execute(Lorg/gradle/launcher/daemon/server/api/DaemonCommandExecution;)V+7
j  org.gradle.launcher.daemon.server.api.DaemonCommandExecution.proceed()Z+23
j  org.gradle.launcher.daemon.server.exec.RequestStopIfSingleUsedDaemon.execute(Lorg/gradle/launcher/daemon/server/api/DaemonCommandExecution;)V+33
j  org.gradle.launcher.daemon.server.api.DaemonCommandExecution.proceed()Z+23
j  org.gradle.launcher.daemon.server.exec.ForwardClientInput$2.create()Ljava/lang/Void;+4
j  org.gradle.launcher.daemon.server.exec.ForwardClientInput$2.create()Ljava/lang/Object;+1
j  org.gradle.util.internal.Swapper.swap(Ljava/lang/Object;Lorg/gradle/internal/Factory;)Ljava/lang/Object;+21
j  org.gradle.launcher.daemon.server.exec.ForwardClientInput.execute(Lorg/gradle/launcher/daemon/server/api/DaemonCommandExecution;)V+63
j  org.gradle.launcher.daemon.server.api.DaemonCommandExecution.proceed()Z+23
j  org.gradle.launcher.daemon.server.exec.LogAndCheckHealth.execute(Lorg/gradle/launcher/daemon/server/api/DaemonCommandExecution;)V+51
j  org.gradle.launcher.daemon.server.api.DaemonCommandExecution.proceed()Z+23
j  org.gradle.launcher.daemon.server.exec.LogToClient.doBuild(Lorg/gradle/launcher/daemon/server/api/DaemonCommandExecution;Lorg/gradle/launcher/daemon/protocol/Build;)V+87
j  org.gradle.launcher.daemon.server.exec.BuildCommandOnly.execute(Lorg/gradle/launcher/daemon/server/api/DaemonCommandExecution;)V+49
j  org.gradle.launcher.daemon.server.api.DaemonCommandExecution.proceed()Z+23
j  org.gradle.launcher.daemon.server.exec.EstablishBuildEnvironment.doBuild(Lorg/gradle/launcher/daemon/server/api/DaemonCommandExecution;Lorg/gradle/launcher/daemon/protocol/Build;)V+356
j  org.gradle.launcher.daemon.server.exec.BuildCommandOnly.execute(Lorg/gradle/launcher/daemon/server/api/DaemonCommandExecution;)V+49
j  org.gradle.launcher.daemon.server.api.DaemonCommandExecution.proceed()Z+23
j  org.gradle.launcher.daemon.server.exec.StartBuildOrRespondWithBusy$1.run()V+44
j  org.gradle.launcher.daemon.server.DaemonStateCoordinator$1.run()V+4
j  org.gradle.internal.concurrent.ExecutorPolicy$CatchAndRecordFailures.onExecute(Ljava/lang/Runnable;)V+1
j  org.gradle.internal.concurrent.ManagedExecutorImpl$1.run()V+25
j  java.util.concurrent.ThreadPoolExecutor.runWorker(Ljava/util/concurrent/ThreadPoolExecutor$Worker;)V+92 java.base@18.0.2.1
j  java.util.concurrent.ThreadPoolExecutor$Worker.run()V+5 java.base@18.0.2.1
j  java.lang.Thread.run()V+11 java.base@18.0.2.1
v  ~StubRoutines::call_stub

---------------  P R O C E S S  ---------------

Threads class SMR info:
_java_thread_list=0x00000233c1c58760, length=25, elements={
0x000002339c2465e0, 0x00000233bbb4d190, 0x00000233bbb544c0, 0x00000233bbb69f00,
0x00000233bbb6b7c0, 0x00000233bbb6c810, 0x00000233bbb6d0c0, 0x00000233bbb70aa0,
0x00000233bbb6f240, 0x00000233bbb7c320, 0x00000233bfda9020, 0x00000233bfdac130,
0x00000233c137bab0, 0x00000233c1397510, 0x00000233c0afe7c0, 0x00000233c004efb0,
0x00000233c1388700, 0x00000233c0e11f30, 0x00000233c0d028c0, 0x00000233c0d01a50,
0x00000233c0d01f20, 0x00000233c0d02d90, 0x00000233c0d03730, 0x00000233c0d03260,
0x00000233c0d023f0
}

Java Threads: ( => current thread )
  0x000002339c2465e0 JavaThread "main" [_thread_blocked, id=14164, stack(0x00000082e0f00000,0x00000082e1000000)]
  0x00000233bbb4d190 JavaThread "Reference Handler" daemon [_thread_blocked, id=11348, stack(0x00000082e1600000,0x00000082e1700000)]
  0x00000233bbb544c0 JavaThread "Finalizer" daemon [_thread_blocked, id=2792, stack(0x00000082e1700000,0x00000082e1800000)]
  0x00000233bbb69f00 JavaThread "Signal Dispatcher" daemon [_thread_blocked, id=9580, stack(0x00000082e1800000,0x00000082e1900000)]
  0x00000233bbb6b7c0 JavaThread "Attach Listener" daemon [_thread_blocked, id=17136, stack(0x00000082e1900000,0x00000082e1a00000)]
  0x00000233bbb6c810 JavaThread "Service Thread" daemon [_thread_blocked, id=13620, stack(0x00000082e1a00000,0x00000082e1b00000)]
  0x00000233bbb6d0c0 JavaThread "Monitor Deflation Thread" daemon [_thread_blocked, id=13136, stack(0x00000082e1b00000,0x00000082e1c00000)]
  0x00000233bbb70aa0 JavaThread "C2 CompilerThread0" daemon [_thread_blocked, id=14556, stack(0x00000082e1c00000,0x00000082e1d00000)]
  0x00000233bbb6f240 JavaThread "C1 CompilerThread0" daemon [_thread_blocked, id=15500, stack(0x00000082e1d00000,0x00000082e1e00000)]
  0x00000233bbb7c320 JavaThread "Sweeper thread" daemon [_thread_blocked, id=21668, stack(0x00000082e1e00000,0x00000082e1f00000)]
  0x00000233bfda9020 JavaThread "Common-Cleaner" daemon [_thread_blocked, id=15676, stack(0x00000082e1f00000,0x00000082e2000000)]
  0x00000233bfdac130 JavaThread "Notification Thread" daemon [_thread_blocked, id=12376, stack(0x00000082e2000000,0x00000082e2100000)]
  0x00000233c137bab0 JavaThread "Daemon health stats" [_thread_blocked, id=10500, stack(0x00000082e2500000,0x00000082e2600000)]
  0x00000233c1397510 JavaThread "Incoming local TCP Connector on port 50319" [_thread_in_native, id=1944, stack(0x00000082e2600000,0x00000082e2700000)]
  0x00000233c0afe7c0 JavaThread "Daemon periodic checks" [_thread_blocked, id=5664, stack(0x00000082e2700000,0x00000082e2800000)]
  0x00000233c004efb0 JavaThread "Daemon" [_thread_blocked, id=6840, stack(0x00000082e2800000,0x00000082e2900000)]
  0x00000233c1388700 JavaThread "Handler for socket connection from /127.0.0.1:50319 to /127.0.0.1:50320" [_thread_in_native, id=5636, stack(0x00000082e2900000,0x00000082e2a00000)]
  0x00000233c0e11f30 JavaThread "Cancel handler" [_thread_blocked, id=11032, stack(0x00000082e2a00000,0x00000082e2b00000)]
=>0x00000233c0d028c0 JavaThread "Daemon worker" [_thread_in_vm, id=21808, stack(0x00000082e2b00000,0x00000082e2c00000)]
  0x00000233c0d01a50 JavaThread "Asynchronous log dispatcher for DefaultDaemonConnection: socket connection from /127.0.0.1:50319 to /127.0.0.1:50320" [_thread_blocked, id=14852, stack(0x00000082e2c00000,0x00000082e2d00000)]
  0x00000233c0d01f20 JavaThread "Stdin handler" [_thread_blocked, id=12844, stack(0x00000082e2d00000,0x00000082e2e00000)]
  0x00000233c0d02d90 JavaThread "Daemon client event forwarder" [_thread_blocked, id=7028, stack(0x00000082e2e00000,0x00000082e2f00000)]
  0x00000233c0d03730 JavaThread "Cache worker for journal cache (C:\Users\Dell\.gradle\caches\journal-1)" [_thread_blocked, id=5292, stack(0x00000082e2f00000,0x00000082e3000000)]
  0x00000233c0d03260 JavaThread "File lock request listener" [_thread_in_native, id=18124, stack(0x00000082e3000000,0x00000082e3100000)]
  0x00000233c0d023f0 JavaThread "Cache worker for file hash cache (C:\Users\Dell\.gradle\caches\8.0.1\fileHashes)" [_thread_blocked, id=3936, stack(0x00000082e3100000,0x00000082e3200000)]

Other Threads:
  0x00000233bbb49ae0 VMThread "VM Thread" [stack: 0x00000082e1500000,0x00000082e1600000] [id=12984]
  0x00000233bfdaee20 WatcherThread "VM Periodic Task Thread" [stack: 0x00000082e2100000,0x00000082e2200000] [id=9476]
  0x000002339c2a8c30 WorkerThread "GC Thread#0" [stack: 0x00000082e1000000,0x00000082e1100000] [id=8736]
  0x00000233c0448df0 WorkerThread "GC Thread#1" [stack: 0x00000082e2200000,0x00000082e2300000] [id=21784]
  0x00000233c0449090 WorkerThread "GC Thread#2" [stack: 0x00000082e2300000,0x00000082e2400000] [id=7940]
  0x00000233bfe22870 WorkerThread "GC Thread#3" [stack: 0x00000082e2400000,0x00000082e2500000] [id=5064]
  0x000002339c2b9a70 ConcurrentGCThread "G1 Main Marker" [stack: 0x00000082e1100000,0x00000082e1200000] [id=1660]
  0x000002339c2bab10 WorkerThread "G1 Conc#0" [stack: 0x00000082e1200000,0x00000082e1300000] [id=10192]
  0x000002339c2f8630 ConcurrentGCThread "G1 Refine#0" [stack: 0x00000082e1300000,0x00000082e1400000] [id=3668]
  0x000002339c2f8e50 ConcurrentGCThread "G1 Service" [stack: 0x00000082e1400000,0x00000082e1500000] [id=21512]

Threads with active compile tasks:

VM state: not at safepoint (normal execution)

VM Mutex/Monitor currently owned by a thread:  ([mutex/lock_event])
[0x000002339c23fff0] Metaspace_lock - owner thread: 0x00000233c0d028c0

Heap address: 0x0000000080000000, size: 2048 MB, Compressed Oops mode: 32-bit

CDS archive(s) mapped at: [0x0000000800000000-0x0000000800ba0000-0x0000000800ba0000), size 12189696, SharedBaseAddress: 0x0000000800000000, ArchiveRelocationMode: 0.
Compressed class space mapped at: 0x0000000800c00000-0x000000081a800000, reserved size: 432013312
Narrow klass base: 0x0000000800000000, Narrow klass shift: 0, Narrow klass range: 0x100000000

GC Precious Log:
 CardTable entry size: 512
 Card Set container configuration: InlinePtr #cards 5 size 8 Array Of Cards #cards 12 size 40 Howl #buckets 4 coarsen threshold 1843 Howl Bitmap #cards 512 size 80 coarsen threshold 460 Card regions per heap region 1 cards per card region 2048
 CPUs: 4 total, 4 available
 Memory: 8087M
 Large Page Support: Disabled
 NUMA Support: Disabled
 Compressed Oops: Enabled (32-bit)
 Heap Region Size: 1M
 Heap Min Capacity: 8M
 Heap Initial Capacity: 128M
 Heap Max Capacity: 2G
 Pre-touch: Disabled
 Parallel Workers: 4
 Concurrent Workers: 1
 Concurrent Refinement Workers: 4
 Periodic GC: Disabled

Heap:
 garbage-first heap   total 131072K, used 24899K [0x0000000080000000, 0x0000000100000000)
  region size 1024K, 15 young (15360K), 10 survivors (10240K)
 Metaspace       used 18240K, committed 18752K, reserved 487424K
  class space    used 2641K, committed 2880K, reserved 421888K

Heap Regions: E=young(eden), S=young(survivor), O=old, HS=humongous(starts), HC=humongous(continues), CS=collection set, F=free, OA=open archive, CA=closed archive, TAMS=top-at-mark-start (previous, next)
|   0|0x0000000080000000, 0x0000000080100000, 0x0000000080100000|100%| O|  |TAMS 0x0000000080000000, 0x0000000080000000| Untracked 
|   1|0x0000000080100000, 0x0000000080200000, 0x0000000080200000|100%| O|  |TAMS 0x0000000080100000, 0x0000000080100000| Untracked 
|   2|0x0000000080200000, 0x0000000080300000, 0x0000000080300000|100%| O|  |TAMS 0x0000000080200000, 0x0000000080200000| Untracked 
|   3|0x0000000080300000, 0x0000000080400000, 0x0000000080400000|100%|HS|  |TAMS 0x0000000080300000, 0x0000000080300000| Complete 
|   4|0x0000000080400000, 0x0000000080500000, 0x0000000080500000|100%|HC|  |TAMS 0x0000000080400000, 0x0000000080400000| Complete 
|   5|0x0000000080500000, 0x0000000080600000, 0x0000000080600000|100%|HC|  |TAMS 0x0000000080500000, 0x0000000080500000| Complete 
|   6|0x0000000080600000, 0x0000000080700000, 0x0000000080700000|100%|HC|  |TAMS 0x0000000080600000, 0x0000000080600000| Complete 
|   7|0x0000000080700000, 0x0000000080800000, 0x0000000080800000|100%| O|  |TAMS 0x0000000080700000, 0x0000000080700000| Untracked 
|   8|0x0000000080800000, 0x0000000080900000, 0x0000000080900000|100%| O|  |TAMS 0x0000000080800000, 0x0000000080800000| Untracked 
|   9|0x0000000080900000, 0x0000000080950e00, 0x0000000080a00000| 31%| O|  |TAMS 0x0000000080900000, 0x0000000080900000| Untracked 
|  10|0x0000000080a00000, 0x0000000080b00000, 0x0000000080b00000|100%| O|  |TAMS 0x0000000080a00000, 0x0000000080a00000| Untracked 
|  11|0x0000000080b00000, 0x0000000080b00000, 0x0000000080c00000|  0%| F|  |TAMS 0x0000000080b00000, 0x0000000080b00000| Untracked 
|  12|0x0000000080c00000, 0x0000000080c00000, 0x0000000080d00000|  0%| F|  |TAMS 0x0000000080c00000, 0x0000000080c00000| Untracked 
|  13|0x0000000080d00000, 0x0000000080d00000, 0x0000000080e00000|  0%| F|  |TAMS 0x0000000080d00000, 0x0000000080d00000| Untracked 
|  14|0x0000000080e00000, 0x0000000080e00000, 0x0000000080f00000|  0%| F|  |TAMS 0x0000000080e00000, 0x0000000080e00000| Untracked 
|  15|0x0000000080f00000, 0x0000000080f00000, 0x0000000081000000|  0%| F|  |TAMS 0x0000000080f00000, 0x0000000080f00000| Untracked 
|  16|0x0000000081000000, 0x0000000081000000, 0x0000000081100000|  0%| F|  |TAMS 0x0000000081000000, 0x0000000081000000| Untracked 
|  17|0x0000000081100000, 0x0000000081100000, 0x0000000081200000|  0%| F|  |TAMS 0x0000000081100000, 0x0000000081100000| Untracked 
|  18|0x0000000081200000, 0x0000000081200000, 0x0000000081300000|  0%| F|  |TAMS 0x0000000081200000, 0x0000000081200000| Untracked 
|  19|0x0000000081300000, 0x0000000081300000, 0x0000000081400000|  0%| F|  |TAMS 0x0000000081300000, 0x0000000081300000| Untracked 
|  20|0x0000000081400000, 0x0000000081400000, 0x0000000081500000|  0%| F|  |TAMS 0x0000000081400000, 0x0000000081400000| Untracked 
|  21|0x0000000081500000, 0x0000000081500000, 0x0000000081600000|  0%| F|  |TAMS 0x0000000081500000, 0x0000000081500000| Untracked 
|  22|0x0000000081600000, 0x0000000081600000, 0x0000000081700000|  0%| F|  |TAMS 0x0000000081600000, 0x0000000081600000| Untracked 
|  23|0x0000000081700000, 0x0000000081700000, 0x0000000081800000|  0%| F|  |TAMS 0x0000000081700000, 0x0000000081700000| Untracked 
|  24|0x0000000081800000, 0x0000000081800000, 0x0000000081900000|  0%| F|  |TAMS 0x0000000081800000, 0x0000000081800000| Untracked 
|  25|0x0000000081900000, 0x0000000081900000, 0x0000000081a00000|  0%| F|  |TAMS 0x0000000081900000, 0x0000000081900000| Untracked 
|  26|0x0000000081a00000, 0x0000000081a00000, 0x0000000081b00000|  0%| F|  |TAMS 0x0000000081a00000, 0x0000000081a00000| Untracked 
|  27|0x0000000081b00000, 0x0000000081b00000, 0x0000000081c00000|  0%| F|  |TAMS 0x0000000081b00000, 0x0000000081b00000| Untracked 
|  28|0x0000000081c00000, 0x0000000081c00000, 0x0000000081d00000|  0%| F|  |TAMS 0x0000000081c00000, 0x0000000081c00000| Untracked 
|  29|0x0000000081d00000, 0x0000000081d00000, 0x0000000081e00000|  0%| F|  |TAMS 0x0000000081d00000, 0x0000000081d00000| Untracked 
|  30|0x0000000081e00000, 0x0000000081e00000, 0x0000000081f00000|  0%| F|  |TAMS 0x0000000081e00000, 0x0000000081e00000| Untracked 
|  31|0x0000000081f00000, 0x0000000081f00000, 0x0000000082000000|  0%| F|  |TAMS 0x0000000081f00000, 0x0000000081f00000| Untracked 
|  32|0x0000000082000000, 0x0000000082000000, 0x0000000082100000|  0%| F|  |TAMS 0x0000000082000000, 0x0000000082000000| Untracked 
|  33|0x0000000082100000, 0x0000000082100000, 0x0000000082200000|  0%| F|  |TAMS 0x0000000082100000, 0x0000000082100000| Untracked 
|  34|0x0000000082200000, 0x0000000082200000, 0x0000000082300000|  0%| F|  |TAMS 0x0000000082200000, 0x0000000082200000| Untracked 
|  35|0x0000000082300000, 0x0000000082300000, 0x0000000082400000|  0%| F|  |TAMS 0x0000000082300000, 0x0000000082300000| Untracked 
|  36|0x0000000082400000, 0x0000000082400000, 0x0000000082500000|  0%| F|  |TAMS 0x0000000082400000, 0x0000000082400000| Untracked 
|  37|0x0000000082500000, 0x0000000082500000, 0x0000000082600000|  0%| F|  |TAMS 0x0000000082500000, 0x0000000082500000| Untracked 
|  38|0x0000000082600000, 0x0000000082600000, 0x0000000082700000|  0%| F|  |TAMS 0x0000000082600000, 0x0000000082600000| Untracked 
|  39|0x0000000082700000, 0x0000000082700000, 0x0000000082800000|  0%| F|  |TAMS 0x0000000082700000, 0x0000000082700000| Untracked 
|  40|0x0000000082800000, 0x0000000082800000, 0x0000000082900000|  0%| F|  |TAMS 0x0000000082800000, 0x0000000082800000| Untracked 
|  41|0x0000000082900000, 0x0000000082900000, 0x0000000082a00000|  0%| F|  |TAMS 0x0000000082900000, 0x0000000082900000| Untracked 
|  42|0x0000000082a00000, 0x0000000082b00000, 0x0000000082b00000|100%| S|CS|TAMS 0x0000000082a00000, 0x0000000082a00000| Complete 
|  43|0x0000000082b00000, 0x0000000082c00000, 0x0000000082c00000|100%| S|CS|TAMS 0x0000000082b00000, 0x0000000082b00000| Complete 
|  44|0x0000000082c00000, 0x0000000082d00000, 0x0000000082d00000|100%| S|CS|TAMS 0x0000000082c00000, 0x0000000082c00000| Complete 
|  45|0x0000000082d00000, 0x0000000082e00000, 0x0000000082e00000|100%| S|CS|TAMS 0x0000000082d00000, 0x0000000082d00000| Complete 
|  46|0x0000000082e00000, 0x0000000082f00000, 0x0000000082f00000|100%| S|CS|TAMS 0x0000000082e00000, 0x0000000082e00000| Complete 
|  47|0x0000000082f00000, 0x0000000083000000, 0x0000000083000000|100%| S|CS|TAMS 0x0000000082f00000, 0x0000000082f00000| Complete 
|  48|0x0000000083000000, 0x0000000083100000, 0x0000000083100000|100%| S|CS|TAMS 0x0000000083000000, 0x0000000083000000| Complete 
|  49|0x0000000083100000, 0x0000000083200000, 0x0000000083200000|100%| S|CS|TAMS 0x0000000083100000, 0x0000000083100000| Complete 
|  50|0x0000000083200000, 0x0000000083300000, 0x0000000083300000|100%| S|CS|TAMS 0x0000000083200000, 0x0000000083200000| Complete 
|  51|0x0000000083300000, 0x0000000083400000, 0x0000000083400000|100%| S|CS|TAMS 0x0000000083300000, 0x0000000083300000| Complete 
|  52|0x0000000083400000, 0x0000000083400000, 0x0000000083500000|  0%| F|  |TAMS 0x0000000083400000, 0x0000000083400000| Untracked 
|  53|0x0000000083500000, 0x0000000083500000, 0x0000000083600000|  0%| F|  |TAMS 0x0000000083500000, 0x0000000083500000| Untracked 
|  54|0x0000000083600000, 0x0000000083600000, 0x0000000083700000|  0%| F|  |TAMS 0x0000000083600000, 0x0000000083600000| Untracked 
|  55|0x0000000083700000, 0x0000000083700000, 0x0000000083800000|  0%| F|  |TAMS 0x0000000083700000, 0x0000000083700000| Untracked 
|  56|0x0000000083800000, 0x0000000083800000, 0x0000000083900000|  0%| F|  |TAMS 0x0000000083800000, 0x0000000083800000| Untracked 
|  57|0x0000000083900000, 0x0000000083900000, 0x0000000083a00000|  0%| F|  |TAMS 0x0000000083900000, 0x0000000083900000| Untracked 
|  58|0x0000000083a00000, 0x0000000083a00000, 0x0000000083b00000|  0%| F|  |TAMS 0x0000000083a00000, 0x0000000083a00000| Untracked 
|  59|0x0000000083b00000, 0x0000000083b00000, 0x0000000083c00000|  0%| F|  |TAMS 0x0000000083b00000, 0x0000000083b00000| Untracked 
|  60|0x0000000083c00000, 0x0000000083c00000, 0x0000000083d00000|  0%| F|  |TAMS 0x0000000083c00000, 0x0000000083c00000| Untracked 
|  61|0x0000000083d00000, 0x0000000083d00000, 0x0000000083e00000|  0%| F|  |TAMS 0x0000000083d00000, 0x0000000083d00000| Untracked 
|  62|0x0000000083e00000, 0x0000000083e00000, 0x0000000083f00000|  0%| F|  |TAMS 0x0000000083e00000, 0x0000000083e00000| Untracked 
|  63|0x0000000083f00000, 0x0000000083f00000, 0x0000000084000000|  0%| F|  |TAMS 0x0000000083f00000, 0x0000000083f00000| Untracked 
|  64|0x0000000084000000, 0x0000000084000000, 0x0000000084100000|  0%| F|  |TAMS 0x0000000084000000, 0x0000000084000000| Untracked 
|  65|0x0000000084100000, 0x0000000084100000, 0x0000000084200000|  0%| F|  |TAMS 0x0000000084100000, 0x0000000084100000| Untracked 
|  66|0x0000000084200000, 0x0000000084200000, 0x0000000084300000|  0%| F|  |TAMS 0x0000000084200000, 0x0000000084200000| Untracked 
|  67|0x0000000084300000, 0x0000000084300000, 0x0000000084400000|  0%| F|  |TAMS 0x0000000084300000, 0x0000000084300000| Untracked 
|  68|0x0000000084400000, 0x0000000084400000, 0x0000000084500000|  0%| F|  |TAMS 0x0000000084400000, 0x0000000084400000| Untracked 
|  69|0x0000000084500000, 0x0000000084500000, 0x0000000084600000|  0%| F|  |TAMS 0x0000000084500000, 0x0000000084500000| Untracked 
|  70|0x0000000084600000, 0x0000000084600000, 0x0000000084700000|  0%| F|  |TAMS 0x0000000084600000, 0x0000000084600000| Untracked 
|  71|0x0000000084700000, 0x0000000084700000, 0x0000000084800000|  0%| F|  |TAMS 0x0000000084700000, 0x0000000084700000| Untracked 
|  72|0x0000000084800000, 0x0000000084800000, 0x0000000084900000|  0%| F|  |TAMS 0x0000000084800000, 0x0000000084800000| Untracked 
|  73|0x0000000084900000, 0x0000000084900000, 0x0000000084a00000|  0%| F|  |TAMS 0x0000000084900000, 0x0000000084900000| Untracked 
|  74|0x0000000084a00000, 0x0000000084a00000, 0x0000000084b00000|  0%| F|  |TAMS 0x0000000084a00000, 0x0000000084a00000| Untracked 
|  75|0x0000000084b00000, 0x0000000084b00000, 0x0000000084c00000|  0%| F|  |TAMS 0x0000000084b00000, 0x0000000084b00000| Untracked 
|  76|0x0000000084c00000, 0x0000000084c00000, 0x0000000084d00000|  0%| F|  |TAMS 0x0000000084c00000, 0x0000000084c00000| Untracked 
|  77|0x0000000084d00000, 0x0000000084d00000, 0x0000000084e00000|  0%| F|  |TAMS 0x0000000084d00000, 0x0000000084d00000| Untracked 
|  78|0x0000000084e00000, 0x0000000084e00000, 0x0000000084f00000|  0%| F|  |TAMS 0x0000000084e00000, 0x0000000084e00000| Untracked 
|  79|0x0000000084f00000, 0x0000000084f00000, 0x0000000085000000|  0%| F|  |TAMS 0x0000000084f00000, 0x0000000084f00000| Untracked 
|  80|0x0000000085000000, 0x0000000085000000, 0x0000000085100000|  0%| F|  |TAMS 0x0000000085000000, 0x0000000085000000| Untracked 
|  81|0x0000000085100000, 0x0000000085100000, 0x0000000085200000|  0%| F|  |TAMS 0x0000000085100000, 0x0000000085100000| Untracked 
|  82|0x0000000085200000, 0x0000000085200000, 0x0000000085300000|  0%| F|  |TAMS 0x0000000085200000, 0x0000000085200000| Untracked 
|  83|0x0000000085300000, 0x0000000085300000, 0x0000000085400000|  0%| F|  |TAMS 0x0000000085300000, 0x0000000085300000| Untracked 
|  84|0x0000000085400000, 0x0000000085400000, 0x0000000085500000|  0%| F|  |TAMS 0x0000000085400000, 0x0000000085400000| Untracked 
|  85|0x0000000085500000, 0x0000000085500000, 0x0000000085600000|  0%| F|  |TAMS 0x0000000085500000, 0x0000000085500000| Untracked 
|  86|0x0000000085600000, 0x0000000085600000, 0x0000000085700000|  0%| F|  |TAMS 0x0000000085600000, 0x0000000085600000| Untracked 
|  87|0x0000000085700000, 0x0000000085700000, 0x0000000085800000|  0%| F|  |TAMS 0x0000000085700000, 0x0000000085700000| Untracked 
|  88|0x0000000085800000, 0x0000000085800000, 0x0000000085900000|  0%| F|  |TAMS 0x0000000085800000, 0x0000000085800000| Untracked 
|  89|0x0000000085900000, 0x0000000085900000, 0x0000000085a00000|  0%| F|  |TAMS 0x0000000085900000, 0x0000000085900000| Untracked 
|  90|0x0000000085a00000, 0x0000000085a00000, 0x0000000085b00000|  0%| F|  |TAMS 0x0000000085a00000, 0x0000000085a00000| Untracked 
|  91|0x0000000085b00000, 0x0000000085b00000, 0x0000000085c00000|  0%| F|  |TAMS 0x0000000085b00000, 0x0000000085b00000| Untracked 
|  92|0x0000000085c00000, 0x0000000085c00000, 0x0000000085d00000|  0%| F|  |TAMS 0x0000000085c00000, 0x0000000085c00000| Untracked 
|  93|0x0000000085d00000, 0x0000000085d00000, 0x0000000085e00000|  0%| F|  |TAMS 0x0000000085d00000, 0x0000000085d00000| Untracked 
|  94|0x0000000085e00000, 0x0000000085e00000, 0x0000000085f00000|  0%| F|  |TAMS 0x0000000085e00000, 0x0000000085e00000| Untracked 
|  95|0x0000000085f00000, 0x0000000085f00000, 0x0000000086000000|  0%| F|  |TAMS 0x0000000085f00000, 0x0000000085f00000| Untracked 
|  96|0x0000000086000000, 0x0000000086000000, 0x0000000086100000|  0%| F|  |TAMS 0x0000000086000000, 0x0000000086000000| Untracked 
|  97|0x0000000086100000, 0x0000000086100000, 0x0000000086200000|  0%| F|  |TAMS 0x0000000086100000, 0x0000000086100000| Untracked 
|  98|0x0000000086200000, 0x0000000086200000, 0x0000000086300000|  0%| F|  |TAMS 0x0000000086200000, 0x0000000086200000| Untracked 
|  99|0x0000000086300000, 0x0000000086300000, 0x0000000086400000|  0%| F|  |TAMS 0x0000000086300000, 0x0000000086300000| Untracked 
| 100|0x0000000086400000, 0x0000000086400000, 0x0000000086500000|  0%| F|  |TAMS 0x0000000086400000, 0x0000000086400000| Untracked 
| 101|0x0000000086500000, 0x0000000086500000, 0x0000000086600000|  0%| F|  |TAMS 0x0000000086500000, 0x0000000086500000| Untracked 
| 102|0x0000000086600000, 0x0000000086600000, 0x0000000086700000|  0%| F|  |TAMS 0x0000000086600000, 0x0000000086600000| Untracked 
| 103|0x0000000086700000, 0x0000000086700000, 0x0000000086800000|  0%| F|  |TAMS 0x0000000086700000, 0x0000000086700000| Untracked 
| 104|0x0000000086800000, 0x0000000086800000, 0x0000000086900000|  0%| F|  |TAMS 0x0000000086800000, 0x0000000086800000| Untracked 
| 105|0x0000000086900000, 0x0000000086900000, 0x0000000086a00000|  0%| F|  |TAMS 0x0000000086900000, 0x0000000086900000| Untracked 
| 106|0x0000000086a00000, 0x0000000086a00000, 0x0000000086b00000|  0%| F|  |TAMS 0x0000000086a00000, 0x0000000086a00000| Untracked 
| 107|0x0000000086b00000, 0x0000000086b00000, 0x0000000086c00000|  0%| F|  |TAMS 0x0000000086b00000, 0x0000000086b00000| Untracked 
| 108|0x0000000086c00000, 0x0000000086c00000, 0x0000000086d00000|  0%| F|  |TAMS 0x0000000086c00000, 0x0000000086c00000| Untracked 
| 109|0x0000000086d00000, 0x0000000086d00000, 0x0000000086e00000|  0%| F|  |TAMS 0x0000000086d00000, 0x0000000086d00000| Untracked 
| 110|0x0000000086e00000, 0x0000000086e00000, 0x0000000086f00000|  0%| F|  |TAMS 0x0000000086e00000, 0x0000000086e00000| Untracked 
| 111|0x0000000086f00000, 0x0000000086f00000, 0x0000000087000000|  0%| F|  |TAMS 0x0000000086f00000, 0x0000000086f00000| Untracked 
| 112|0x0000000087000000, 0x0000000087000000, 0x0000000087100000|  0%| F|  |TAMS 0x0000000087000000, 0x0000000087000000| Untracked 
| 113|0x0000000087100000, 0x0000000087100000, 0x0000000087200000|  0%| F|  |TAMS 0x0000000087100000, 0x0000000087100000| Untracked 
| 114|0x0000000087200000, 0x0000000087200000, 0x0000000087300000|  0%| F|  |TAMS 0x0000000087200000, 0x0000000087200000| Untracked 
| 115|0x0000000087300000, 0x0000000087300000, 0x0000000087400000|  0%| F|  |TAMS 0x0000000087300000, 0x0000000087300000| Untracked 
| 116|0x0000000087400000, 0x0000000087400000, 0x0000000087500000|  0%| F|  |TAMS 0x0000000087400000, 0x0000000087400000| Untracked 
| 117|0x0000000087500000, 0x0000000087500000, 0x0000000087600000|  0%| F|  |TAMS 0x0000000087500000, 0x0000000087500000| Untracked 
| 118|0x0000000087600000, 0x0000000087600000, 0x0000000087700000|  0%| F|  |TAMS 0x0000000087600000, 0x0000000087600000| Untracked 
| 119|0x0000000087700000, 0x0000000087700000, 0x0000000087800000|  0%| F|  |TAMS 0x0000000087700000, 0x0000000087700000| Untracked 
| 120|0x0000000087800000, 0x0000000087800000, 0x0000000087900000|  0%| F|  |TAMS 0x0000000087800000, 0x0000000087800000| Untracked 
| 121|0x0000000087900000, 0x0000000087900000, 0x0000000087a00000|  0%| F|  |TAMS 0x0000000087900000, 0x0000000087900000| Untracked 
| 122|0x0000000087a00000, 0x0000000087a00000, 0x0000000087b00000|  0%| F|  |TAMS 0x0000000087a00000, 0x0000000087a00000| Untracked 
| 123|0x0000000087b00000, 0x0000000087b3b2e0, 0x0000000087c00000| 23%| E|  |TAMS 0x0000000087b00000, 0x0000000087b00000| Complete 
| 124|0x0000000087c00000, 0x0000000087d00000, 0x0000000087d00000|100%| E|CS|TAMS 0x0000000087c00000, 0x0000000087c00000| Complete 
| 125|0x0000000087d00000, 0x0000000087e00000, 0x0000000087e00000|100%| E|CS|TAMS 0x0000000087d00000, 0x0000000087d00000| Complete 
| 126|0x0000000087e00000, 0x0000000087f00000, 0x0000000087f00000|100%| E|CS|TAMS 0x0000000087e00000, 0x0000000087e00000| Complete 
| 127|0x0000000087f00000, 0x0000000088000000, 0x0000000088000000|100%| E|CS|TAMS 0x0000000087f00000, 0x0000000087f00000| Complete 

Card table byte_map: [0x00000233b4dc0000,0x00000233b51c0000] _byte_map_base: 0x00000233b49c0000

Marking Bits (Prev, Next): (CMBitMap*) 0x000002339c2a9140, (CMBitMap*) 0x000002339c2a9180
 Prev Bits: [0x00000233b55c0000, 0x00000233b75c0000)
 Next Bits: [0x00000233b75c0000, 0x00000233b95c0000)

Polling page: 0x000002339c080000

Metaspace:

Usage:
  Non-class:     15.23 MB used.
      Class:      2.58 MB used.
       Both:     17.81 MB used.

Virtual space:
  Non-class space:       64.00 MB reserved,      15.50 MB ( 24%) committed,  1 nodes.
      Class space:      412.00 MB reserved,       2.81 MB ( <1%) committed,  1 nodes.
             Both:      476.00 MB reserved,      18.31 MB (  4%) committed. 

Chunk freelists:
   Non-Class:  3.87 MB
       Class:  1.14 MB
        Both:  5.01 MB

MaxMetaspaceSize: 512.00 MB
CompressedClassSpaceSize: 412.00 MB
Initial GC threshold: 21.00 MB
Current GC threshold: 21.00 MB
CDS: on
MetaspaceReclaimPolicy: balanced
 - commit_granule_bytes: 65536.
 - commit_granule_words: 8192.
 - virtual_space_node_default_size: 8388608.
 - enlarge_chunks_in_place: 1.
 - new_chunks_are_fully_committed: 0.
 - uncommit_free_chunks: 1.
 - use_allocation_guard: 0.


Internal statistics:

num_allocs_failed_limit: 0.
num_arena_births: 808.
num_arena_deaths: 0.
num_vsnodes_births: 2.
num_vsnodes_deaths: 0.
num_space_committed: 293.
num_space_uncommitted: 0.
num_chunks_returned_to_freelist: 0.
num_chunks_taken_from_freelist: 1526.
num_chunk_merges: 0.
num_chunk_splits: 987.
num_chunks_enlarged: 641.
num_inconsistent_stats: 0.

CodeHeap 'non-profiled nmethods': size=120000Kb used=1283Kb max_used=1283Kb free=118716Kb
 bounds [0x00000233ace70000, 0x00000233ad0e0000, 0x00000233b43a0000]
CodeHeap 'profiled nmethods': size=120000Kb used=5528Kb max_used=5528Kb free=114471Kb
 bounds [0x00000233a5940000, 0x00000233a5eb0000, 0x00000233ace70000]
CodeHeap 'non-nmethods': size=5760Kb used=1242Kb max_used=1313Kb free=4517Kb
 bounds [0x00000233a53a0000, 0x00000233a5610000, 0x00000233a5940000]
 total_blobs=3200 nmethods=2659 adapters=453
 compilation: enabled
              stopped_count=0, restarted_count=0
 full_count=0

Compilation events (20 events):
Event: 9.174 Thread 0x00000233bbb70aa0 2648       4       java.lang.AbstractStringBuilder::appendChars (130 bytes)
Event: 9.175 Thread 0x00000233bbb6f240 2650       1       java.nio.Buffer::capacity (5 bytes)
Event: 9.175 Thread 0x00000233bbb6f240 nmethod 2650 0x00000233acfada90 code [0x00000233acfadc20, 0x00000233acfadcf8]
Event: 9.176 Thread 0x00000233bbb6f240 2652       1       com.google.common.collect.ImmutableMapEntry::isReusable (2 bytes)
Event: 9.176 Thread 0x00000233bbb6f240 nmethod 2652 0x00000233acfadd90 code [0x00000233acfadf20, 0x00000233acfadff8]
Event: 9.177 Thread 0x00000233bbb6f240 2653       3       com.google.common.collect.RegularImmutableMap::checkNoConflictInKeyBucket (119 bytes)
Event: 9.179 Thread 0x00000233bbb6f240 nmethod 2653 0x00000233a5ea1310 code [0x00000233a5ea1660, 0x00000233a5ea2a18]
Event: 9.179 Thread 0x00000233bbb6f240 2654       3       com.google.common.collect.RegularImmutableMap::makeImmutable (44 bytes)
Event: 9.179 Thread 0x00000233bbb6f240 nmethod 2654 0x00000233a5ea3210 code [0x00000233a5ea3420, 0x00000233a5ea3cb8]
Event: 9.179 Thread 0x00000233bbb6f240 2655       1       com.google.common.collect.ImmutableMapEntry::getNextInKeyBucket (2 bytes)
Event: 9.179 Thread 0x00000233bbb6f240 nmethod 2655 0x00000233acfae090 code [0x00000233acfae220, 0x00000233acfae2f8]
Event: 9.180 Thread 0x00000233bbb6f240 2656       3       com.google.common.collect.ImmutableMapEntry$NonTerminalImmutableMapEntry::<init> (12 bytes)
Event: 9.180 Thread 0x00000233bbb6f240 nmethod 2656 0x00000233a5ea3e90 code [0x00000233a5ea4060, 0x00000233a5ea4448]
Event: 9.181 Thread 0x00000233bbb6f240 2657       1       com.google.common.collect.ImmutableMapEntry$NonTerminalImmutableMapEntry::getNextInKeyBucket (5 bytes)
Event: 9.181 Thread 0x00000233bbb6f240 nmethod 2657 0x00000233acfae390 code [0x00000233acfae520, 0x00000233acfae5f8]
Event: 9.182 Thread 0x00000233bbb70aa0 nmethod 2648 0x00000233acfae690 code [0x00000233acfae800, 0x00000233acfaeb38]
Event: 9.182 Thread 0x00000233bbb70aa0 2651 %     4       com.google.common.io.LineBuffer::add @ 47 (204 bytes)
Event: 9.244 Thread 0x00000233bbb70aa0 nmethod 2651% 0x00000233acfaec90 code [0x00000233acfaeea0, 0x00000233acfaff90]
Event: 9.362 Thread 0x00000233bbb70aa0 2658       4       java.lang.invoke.LambdaForm::uncustomize (57 bytes)
Event: 9.362 Thread 0x00000233bbb70aa0 nmethod 2658 0x00000233acfb0990 code [0x00000233acfb0b00, 0x00000233acfb0b98]

GC Heap History (8 events):
Event: 1.024 GC heap before
{Heap before GC invocations=0 (full 0):
 garbage-first heap   total 131072K, used 13312K [0x0000000080000000, 0x0000000100000000)
  region size 1024K, 13 young (13312K), 0 survivors (0K)
 Metaspace       used 907K, committed 1088K, reserved 487424K
  class space    used 68K, committed 128K, reserved 421888K
}
Event: 1.029 GC heap after
{Heap after GC invocations=1 (full 0):
 garbage-first heap   total 131072K, used 4228K [0x0000000080000000, 0x0000000100000000)
  region size 1024K, 2 young (2048K), 2 survivors (2048K)
 Metaspace       used 907K, committed 1088K, reserved 487424K
  class space    used 68K, committed 128K, reserved 421888K
}
Event: 2.440 GC heap before
{Heap before GC invocations=1 (full 0):
 garbage-first heap   total 131072K, used 23684K [0x0000000080000000, 0x0000000100000000)
  region size 1024K, 17 young (17408K), 2 survivors (2048K)
 Metaspace       used 3866K, committed 4096K, reserved 487424K
  class space    used 473K, committed 576K, reserved 421888K
}
Event: 2.446 GC heap after
{Heap after GC invocations=2 (full 0):
 garbage-first heap   total 131072K, used 10627K [0x0000000080000000, 0x0000000100000000)
  region size 1024K, 3 young (3072K), 3 survivors (3072K)
 Metaspace       used 3866K, committed 4096K, reserved 487424K
  class space    used 473K, committed 576K, reserved 421888K
}
Event: 4.312 GC heap before
{Heap before GC invocations=2 (full 0):
 garbage-first heap   total 131072K, used 33155K [0x0000000080000000, 0x0000000100000000)
  region size 1024K, 25 young (25600K), 3 survivors (3072K)
 Metaspace       used 3982K, committed 4224K, reserved 487424K
  class space    used 475K, committed 576K, reserved 421888K
}
Event: 4.317 GC heap after
{Heap after GC invocations=3 (full 0):
 garbage-first heap   total 131072K, used 14117K [0x0000000080000000, 0x0000000100000000)
  region size 1024K, 4 young (4096K), 4 survivors (4096K)
 Metaspace       used 3982K, committed 4224K, reserved 487424K
  class space    used 475K, committed 576K, reserved 421888K
}
Event: 9.015 GC heap before
{Heap before GC invocations=3 (full 0):
 garbage-first heap   total 131072K, used 87845K [0x0000000080000000, 0x0000000100000000)
  region size 1024K, 76 young (77824K), 4 survivors (4096K)
 Metaspace       used 17705K, committed 18240K, reserved 487424K
  class space    used 2556K, committed 2816K, reserved 421888K
}
Event: 9.028 GC heap after
{Heap after GC invocations=4 (full 0):
 garbage-first heap   total 131072K, used 20803K [0x0000000080000000, 0x0000000100000000)
  region size 1024K, 10 young (10240K), 10 survivors (10240K)
 Metaspace       used 17705K, committed 18240K, reserved 487424K
  class space    used 2556K, committed 2816K, reserved 421888K
}

Deoptimization events (20 events):
Event: 7.479 Thread 0x00000233c0d028c0 DEOPT PACKING pc=0x00000233acf70b08 sp=0x00000082e2bfcea0
Event: 7.479 Thread 0x00000233c0d028c0 DEOPT UNPACKING pc=0x00000233a53f23a3 sp=0x00000082e2bfce48 mode 2
Event: 8.568 Thread 0x00000233c0d028c0 Uncommon trap: trap_request=0xffffff45 fr.pc=0x00000233acf920ac relative=0x000000000000010c
Event: 8.568 Thread 0x00000233c0d028c0 Uncommon trap: reason=unstable_if action=reinterpret pc=0x00000233acf920ac method=java.util.Arrays.equals([Ljava/lang/Object;[Ljava/lang/Object;)Z @ 44 c2
Event: 8.568 Thread 0x00000233c0d028c0 DEOPT PACKING pc=0x00000233acf920ac sp=0x00000082e2bfbc20
Event: 8.568 Thread 0x00000233c0d028c0 DEOPT UNPACKING pc=0x00000233a53f23a3 sp=0x00000082e2bfbbc0 mode 2
Event: 8.568 Thread 0x00000233c0d028c0 Uncommon trap: trap_request=0xffffff45 fr.pc=0x00000233acf5e70c relative=0x00000000000001ec
Event: 8.568 Thread 0x00000233c0d028c0 Uncommon trap: reason=unstable_if action=reinterpret pc=0x00000233acf5e70c method=java.util.HashMap.getNode(Ljava/lang/Object;)Ljava/util/HashMap$Node; @ 131 c2
Event: 8.568 Thread 0x00000233c0d028c0 DEOPT PACKING pc=0x00000233acf5e70c sp=0x00000082e2bfbcf0
Event: 8.568 Thread 0x00000233c0d028c0 DEOPT UNPACKING pc=0x00000233a53f23a3 sp=0x00000082e2bfbc00 mode 2
Event: 8.908 Thread 0x00000233c0d028c0 Uncommon trap: trap_request=0xffffff45 fr.pc=0x00000233ace90104 relative=0x00000000000000e4
Event: 8.908 Thread 0x00000233c0d028c0 Uncommon trap: reason=unstable_if action=reinterpret pc=0x00000233ace90104 method=java.util.HashMap.hash(Ljava/lang/Object;)I @ 1 c2
Event: 8.908 Thread 0x00000233c0d028c0 DEOPT PACKING pc=0x00000233ace90104 sp=0x00000082e2bfb230
Event: 8.908 Thread 0x00000233c0d028c0 DEOPT UNPACKING pc=0x00000233a53f23a3 sp=0x00000082e2bfb170 mode 2
Event: 9.173 Thread 0x00000233c0d028c0 DEOPT PACKING pc=0x00000233a5e897cb sp=0x00000082e2bfa580
Event: 9.173 Thread 0x00000233c0d028c0 DEOPT UNPACKING pc=0x00000233a53f2b43 sp=0x00000082e2bf9a30 mode 0
Event: 9.175 Thread 0x00000233c0d028c0 DEOPT PACKING pc=0x00000233a5e897cb sp=0x00000082e2bfa5e0
Event: 9.175 Thread 0x00000233c0d028c0 DEOPT UNPACKING pc=0x00000233a53f2b43 sp=0x00000082e2bf9a90 mode 0
Event: 9.176 Thread 0x00000233c0d028c0 DEOPT PACKING pc=0x00000233a5e897cb sp=0x00000082e2bfa5e0
Event: 9.176 Thread 0x00000233c0d028c0 DEOPT UNPACKING pc=0x00000233a53f2b43 sp=0x00000082e2bf9a90 mode 0

Classes loaded (20 events):
Event: 8.097 Loading class java/nio/file/attribute/PosixFilePermissions$1
Event: 8.097 Loading class java/nio/file/attribute/PosixFilePermissions$1 done
Event: 8.100 Loading class java/util/concurrent/Semaphore
Event: 8.101 Loading class java/util/concurrent/Semaphore done
Event: 8.105 Loading class java/nio/file/FileVisitOption
Event: 8.105 Loading class java/nio/file/FileVisitOption done
Event: 8.109 Loading class java/util/stream/ReduceOps$1
Event: 8.109 Loading class java/util/stream/ReduceOps$1 done
Event: 8.109 Loading class java/util/stream/ReduceOps$1ReducingSink
Event: 8.109 Loading class java/util/stream/ReduceOps$1ReducingSink done
Event: 8.468 Loading class javax/xml/parsers/ParserConfigurationException
Event: 8.468 Loading class javax/xml/parsers/ParserConfigurationException done
Event: 8.468 Loading class org/xml/sax/SAXException
Event: 8.468 Loading class org/xml/sax/SAXException done
Event: 8.468 Loading class javax/xml/xpath/XPathExpressionException
Event: 8.468 Loading class javax/xml/xpath/XPathException
Event: 8.468 Loading class javax/xml/xpath/XPathException done
Event: 8.468 Loading class javax/xml/xpath/XPathExpressionException done
Event: 8.468 Loading class org/xml/sax/ErrorHandler
Event: 8.468 Loading class org/xml/sax/ErrorHandler done

Classes unloaded (0 events):
No events

Classes redefined (0 events):
No events

Internal exceptions (20 events):
Event: 7.827 Thread 0x00000233c0d02d90 Exception <a 'java/lang/NoSuchMethodError'{0x0000000085199a98}: static Lorg/gradle/internal/build/event/types/DefaultOperationStartedProgressEvent;.<clinit>()V> (0x0000000085199a98) 
thrown [s\open\src\hotspot\share\prims\jni.cpp, line 1104]
Event: 7.828 Thread 0x00000233c0d02d90 Exception <a 'java/lang/NoSuchMethodError'{0x000000008519b160}: static Lorg/gradle/internal/build/event/types/AbstractProgressEvent;.<clinit>()V> (0x000000008519b160) 
thrown [s\open\src\hotspot\share\prims\jni.cpp, line 1104]
Event: 7.831 Thread 0x00000233c0d02d90 Exception <a 'java/lang/NoSuchMethodError'{0x00000000851a3b08}: static Lorg/gradle/internal/build/event/types/DefaultOperationDescriptor;.<clinit>()V> (0x00000000851a3b08) 
thrown [s\open\src\hotspot\share\prims\jni.cpp, line 1104]
Event: 7.833 Thread 0x00000233c0d02d90 Exception <a 'java/lang/NoSuchMethodError'{0x00000000851a7030}: 'long java.lang.invoke.DirectMethodHandle$Holder.invokeSpecial(java.lang.Object, java.lang.Object)'> (0x00000000851a7030) 
thrown [s\open\src\hotspot\share\interpreter\linkResolver.cpp, line 759]
Event: 7.834 Thread 0x00000233c0d02d90 Exception <a 'java/lang/NoSuchMethodError'{0x00000000851aa4c8}: 'long java.lang.invoke.Invokers$Holder.invokeExact_MT(java.lang.Object, java.lang.Object)'> (0x00000000851aa4c8) 
thrown [s\open\src\hotspot\share\interpreter\linkResolver.cpp, line 759]
Event: 7.841 Thread 0x00000233c0d02d90 Exception <a 'java/lang/NoSuchMethodError'{0x00000000851c01f0}: static Lorg/gradle/internal/operations/OperationIdentifier;.<clinit>()V> (0x00000000851c01f0) 
thrown [s\open\src\hotspot\share\prims\jni.cpp, line 1104]
Event: 8.009 Thread 0x00000233c0d028c0 Exception <a 'java/lang/IncompatibleClassChangeError'{0x00000000846240e0}: Found class java.lang.Object, but interface was expected> (0x00000000846240e0) 
thrown [s\open\src\hotspot\share\interpreter\linkResolver.cpp, line 826]
Event: 8.107 Thread 0x00000233c0d028c0 Exception <a 'java/lang/NoSuchMethodError'{0x000000008448cd48}: 'int java.lang.invoke.DirectMethodHandle$Holder.invokeSpecialIFC(java.lang.Object, java.lang.Object, java.lang.Object, java.lang.Object)'> (0x000000008448cd48) 
thrown [s\open\src\hotspot\share\interpreter\linkResolver.cpp, line 759]
Event: 8.109 Thread 0x00000233c0d028c0 Exception <a 'java/lang/NoSuchMethodError'{0x000000008449c158}: 'java.lang.Object java.lang.invoke.DirectMethodHandle$Holder.invokeInterface(java.lang.Object, java.lang.Object, java.lang.Object)'> (0x000000008449c158) 
thrown [s\open\src\hotspot\share\interpreter\linkResolver.cpp, line 759]
Event: 8.109 Thread 0x00000233c0d028c0 Exception <a 'java/lang/IncompatibleClassChangeError'{0x000000008449fd68}: Found class java.lang.Object, but interface was expected> (0x000000008449fd68) 
thrown [s\open\src\hotspot\share\interpreter\linkResolver.cpp, line 826]
Event: 8.111 Thread 0x00000233c0d028c0 Exception <a 'java/lang/NoSuchMethodError'{0x00000000844b1f70}: 'java.lang.Object java.lang.invoke.DirectMethodHandle$Holder.newInvokeSpecial(java.lang.Object, java.lang.Object, java.lang.Object, java.lang.Object, java.lang.Object, java.lang.Object, java.lang.Object, java.lang.Object, java.lang.Object, java.lang.Object)'> (0x00000000844b1f70) 
thrown [s\open\src\hotspot\share\interpreter\linkResolver.cpp, line 759]
Event: 8.150 Thread 0x00000233c0d028c0 Exception <a 'java/lang/NoSuchMethodError'{0x00000000843c7580}: 'java.lang.Object java.lang.invoke.DirectMethodHandle$Holder.invokeVirtual(java.lang.Object, java.lang.Object, java.lang.Object, java.lang.Object, java.lang.Object, java.lang.Object, java.lang.Object, java.lang.Object, java.lang.Object, java.lang.Object, java.lang.Object, java.lang.Object, java.lang.Object, java.lang.Object, java.lang.Object, java.lang.Object, java.lang.Object, java.lang.Object, java.lang.Object, java.lang.Object, java.lang.Ob
Event: 8.150 Thread 0x00000233c0d028c0 Exception <a 'java/lang/NoSuchMethodError'{0x00000000843cd410}: 'java.lang.Object java.lang.invoke.DirectMethodHandle$Holder.invokeSpecial(java.lang.Object, java.lang.Object, java.lang.Object, java.lang.Object, java.lang.Object, java.lang.Object, java.lang.Object, java.lang.Object, java.lang.Object, java.lang.Object, java.lang.Object, java.lang.Object, java.lang.Object, java.lang.Object, java.lang.Object, java.lang.Object, java.lang.Object, java.lang.Object, java.lang.Object, java.lang.Object, java.lang.Ob
Event: 8.151 Thread 0x00000233c0d028c0 Exception <a 'java/lang/NoSuchMethodError'{0x00000000843d2a48}: 'java.lang.Object java.lang.invoke.DelegatingMethodHandle$Holder.reinvoke_L(java.lang.Object, java.lang.Object, java.lang.Object, java.lang.Object, java.lang.Object, java.lang.Object, java.lang.Object, java.lang.Object, java.lang.Object, java.lang.Object, java.lang.Object, java.lang.Object, java.lang.Object, java.lang.Object, java.lang.Object, java.lang.Object, java.lang.Object, java.lang.Object, java.lang.Object, java.lang.Object, java.lang.O
Event: 8.167 Thread 0x00000233c0d028c0 Exception <a 'java/lang/NoSuchMethodError'{0x0000000084285b68}: 'int java.lang.invoke.DirectMethodHandle$Holder.invokeStatic(java.lang.Object, java.lang.Object, java.lang.Object, java.lang.Object)'> (0x0000000084285b68) 
thrown [s\open\src\hotspot\share\interpreter\linkResolver.cpp, line 759]
Event: 8.310 Thread 0x00000233c0d028c0 Exception <a 'java/lang/NoSuchMethodError'{0x0000000083f68750}: 'java.lang.Object java.lang.invoke.DirectMethodHandle$Holder.invokeSpecial(java.lang.Object, java.lang.Object, java.lang.Object, java.lang.Object, java.lang.Object, java.lang.Object, java.lang.Object, java.lang.Object, java.lang.Object, java.lang.Object, java.lang.Object, java.lang.Object, java.lang.Object, java.lang.Object, java.lang.Object, java.lang.Object, java.lang.Object, java.lang.Object, java.lang.Object, java.lang.Object, java.lang.Ob
Event: 8.508 Thread 0x00000233c0d028c0 Exception <a 'java/lang/NoSuchMethodError'{0x0000000083a089f0}: 'void java.lang.invoke.DirectMethodHandle$Holder.invokeStatic(java.lang.Object, java.lang.Object)'> (0x0000000083a089f0) 
thrown [s\open\src\hotspot\share\interpreter\linkResolver.cpp, line 759]
Event: 8.580 Thread 0x00000233c0d028c0 Exception <a 'java/lang/NoSuchMethodError'{0x00000000839e28c0}: 'java.lang.Object java.lang.invoke.DirectMethodHandle$Holder.newInvokeSpecial(java.lang.Object, java.lang.Object, java.lang.Object, java.lang.Object, java.lang.Object, java.lang.Object, java.lang.Object)'> (0x00000000839e28c0) 
thrown [s\open\src\hotspot\share\interpreter\linkResolver.cpp, line 759]
Event: 8.580 Thread 0x00000233c0d028c0 Exception <a 'java/lang/NoSuchMethodError'{0x00000000839e72f0}: 'java.lang.Object java.lang.invoke.Invokers$Holder.linkToTargetMethod(java.lang.Object, java.lang.Object, java.lang.Object, java.lang.Object, java.lang.Object, java.lang.Object, java.lang.Object)'> (0x00000000839e72f0) 
thrown [s\open\src\hotspot\share\interpreter\linkResolver.cpp, line 759]
Event: 8.908 Thread 0x00000233c0d028c0 Implicit null exception at 0x00000233ace90060 to 0x00000233ace900fa

VM Operations (20 events):
Event: 5.508 Executing VM operation: HandshakeAllThreads
Event: 5.508 Executing VM operation: HandshakeAllThreads done
Event: 5.571 Executing VM operation: HandshakeAllThreads
Event: 5.571 Executing VM operation: HandshakeAllThreads done
Event: 5.599 Executing VM operation: HandshakeAllThreads
Event: 5.600 Executing VM operation: HandshakeAllThreads done
Event: 5.704 Executing VM operation: HandshakeAllThreads
Event: 5.704 Executing VM operation: HandshakeAllThreads done
Event: 6.136 Executing VM operation: HandshakeAllThreads
Event: 6.136 Executing VM operation: HandshakeAllThreads done
Event: 7.146 Executing VM operation: Cleanup
Event: 7.146 Executing VM operation: Cleanup done
Event: 7.715 Executing VM operation: HandshakeAllThreads
Event: 7.716 Executing VM operation: HandshakeAllThreads done
Event: 7.716 Executing VM operation: HandshakeAllThreads
Event: 7.716 Executing VM operation: HandshakeAllThreads done
Event: 8.730 Executing VM operation: Cleanup
Event: 8.730 Executing VM operation: Cleanup done
Event: 9.015 Executing VM operation: G1CollectForAllocation
Event: 9.028 Executing VM operation: G1CollectForAllocation done

Events (20 events):
Event: 1.327 Loaded shared library C:\Users\Dell\.gradle\native\e376f236ea51e6404a007f0833ffe2c6e607c4080706a723a18a27aeea778392\windows-amd64\native-platform-file-events.dll
Event: 4.387 Thread 0x00000233c113a370 Thread added: 0x00000233c113a370
Event: 5.222 Thread 0x00000233c113a370 Thread exited: 0x00000233c113a370
Event: 5.330 Loaded shared library C:\Program Files\Java\jdk-18.0.2.1\bin\management.dll
Event: 5.336 Loaded shared library C:\Program Files\Java\jdk-18.0.2.1\bin\management_ext.dll
Event: 5.403 Thread 0x00000233c137bab0 Thread added: 0x00000233c137bab0
Event: 5.615 Thread 0x00000233c18690e0 Thread added: 0x00000233c18690e0
Event: 5.961 Thread 0x00000233c18690e0 Thread exited: 0x00000233c18690e0
Event: 6.107 Thread 0x00000233c1397510 Thread added: 0x00000233c1397510
Event: 6.199 Thread 0x00000233c0afe7c0 Thread added: 0x00000233c0afe7c0
Event: 6.257 Thread 0x00000233c004efb0 Thread added: 0x00000233c004efb0
Event: 6.274 Thread 0x00000233c1388700 Thread added: 0x00000233c1388700
Event: 6.402 Thread 0x00000233c0e11f30 Thread added: 0x00000233c0e11f30
Event: 6.414 Thread 0x00000233c0d028c0 Thread added: 0x00000233c0d028c0
Event: 6.433 Thread 0x00000233c0d01a50 Thread added: 0x00000233c0d01a50
Event: 6.436 Thread 0x00000233c0d01f20 Thread added: 0x00000233c0d01f20
Event: 6.450 Thread 0x00000233c0d02d90 Thread added: 0x00000233c0d02d90
Event: 7.201 Thread 0x00000233c0d03730 Thread added: 0x00000233c0d03730
Event: 7.223 Thread 0x00000233c0d03260 Thread added: 0x00000233c0d03260
Event: 8.051 Thread 0x00000233c0d023f0 Thread added: 0x00000233c0d023f0


Dynamic libraries:
0x00007ff641c80000 - 0x00007ff641c90000 	C:\Program Files\Java\jdk-18.0.2.1\bin\java.exe
0x00007fff0f590000 - 0x00007fff0f788000 	C:\Windows\SYSTEM32\ntdll.dll
0x00007fff0d5d0000 - 0x00007fff0d68d000 	C:\Windows\System32\KERNEL32.DLL
0x00007fff0cd50000 - 0x00007fff0d046000 	C:\Windows\System32\KERNELBASE.dll
0x00007fff0d050000 - 0x00007fff0d150000 	C:\Windows\System32\ucrtbase.dll
0x00007fff05480000 - 0x00007fff05498000 	C:\Program Files\Java\jdk-18.0.2.1\bin\jli.dll
0x00007fff02ac0000 - 0x00007fff02ada000 	C:\Program Files\Java\jdk-18.0.2.1\bin\VCRUNTIME140.dll
0x00007fff0f0e0000 - 0x00007fff0f190000 	C:\Windows\System32\ADVAPI32.dll
0x00007fff0de00000 - 0x00007fff0de9e000 	C:\Windows\System32\msvcrt.dll
0x00007fff0e300000 - 0x00007fff0e3a0000 	C:\Windows\System32\sechost.dll
0x00007fff0eec0000 - 0x00007fff0efe3000 	C:\Windows\System32\RPCRT4.dll
0x00007fff0d1f0000 - 0x00007fff0d217000 	C:\Windows\System32\bcrypt.dll
0x00007fff0f3b0000 - 0x00007fff0f54f000 	C:\Windows\System32\USER32.dll
0x00007fff0cc40000 - 0x00007fff0cc62000 	C:\Windows\System32\win32u.dll
0x00007fff0f050000 - 0x00007fff0f07b000 	C:\Windows\System32\GDI32.dll
0x00007fff0d220000 - 0x00007fff0d337000 	C:\Windows\System32\gdi32full.dll
0x00007fff0d150000 - 0x00007fff0d1ed000 	C:\Windows\System32\msvcp_win.dll
0x00007ffef8150000 - 0x00007ffef83ea000 	C:\Windows\WinSxS\amd64_microsoft.windows.common-controls_6595b64144ccf1df_6.0.19041.4355_none_60b8b9eb71f62e16\COMCTL32.dll
0x00007fff03d20000 - 0x00007fff03d2a000 	C:\Windows\SYSTEM32\VERSION.dll
0x00007fff0e110000 - 0x00007fff0e142000 	C:\Windows\System32\IMM32.DLL
0x00007fff02c90000 - 0x00007fff02c9c000 	C:\Program Files\Java\jdk-18.0.2.1\bin\vcruntime140_1.dll
0x00007ffeeb960000 - 0x00007ffeeb9ed000 	C:\Program Files\Java\jdk-18.0.2.1\bin\msvcp140.dll
0x00007ffea0b10000 - 0x00007ffea1721000 	C:\Program Files\Java\jdk-18.0.2.1\bin\server\jvm.dll
0x00007fff0f220000 - 0x00007fff0f228000 	C:\Windows\System32\PSAPI.DLL
0x00007ffef9a40000 - 0x00007ffef9a67000 	C:\Windows\SYSTEM32\WINMM.dll
0x00007ffef5c30000 - 0x00007ffef5c39000 	C:\Windows\SYSTEM32\WSOCK32.dll
0x00007fff0e5d0000 - 0x00007fff0e63b000 	C:\Windows\System32\WS2_32.dll
0x00007fff0b4a0000 - 0x00007fff0b4b2000 	C:\Windows\SYSTEM32\kernel.appcore.dll
0x00007fff02ab0000 - 0x00007fff02aba000 	C:\Program Files\Java\jdk-18.0.2.1\bin\jimage.dll
0x00007fff0b160000 - 0x00007fff0b344000 	C:\Windows\SYSTEM32\DBGHELP.DLL
0x00007fff049c0000 - 0x00007fff049f4000 	C:\Windows\SYSTEM32\dbgcore.DLL
0x00007fff0ccc0000 - 0x00007fff0cd42000 	C:\Windows\System32\bcryptPrimitives.dll
0x00007ffefa8c0000 - 0x00007ffefa8e5000 	C:\Program Files\Java\jdk-18.0.2.1\bin\java.dll
0x00007ffee8a40000 - 0x00007ffee8b16000 	C:\Program Files\Java\jdk-18.0.2.1\bin\jsvml.dll
0x00007fff0d690000 - 0x00007fff0ddfd000 	C:\Windows\System32\SHELL32.dll
0x00007fff0a8f0000 - 0x00007fff0b08d000 	C:\Windows\SYSTEM32\windows.storage.dll
0x00007fff0e640000 - 0x00007fff0e993000 	C:\Windows\System32\combase.dll
0x00007fff0c590000 - 0x00007fff0c5be000 	C:\Windows\SYSTEM32\Wldp.dll
0x00007fff0f230000 - 0x00007fff0f2fd000 	C:\Windows\System32\OLEAUT32.dll
0x00007fff0f300000 - 0x00007fff0f3ad000 	C:\Windows\System32\SHCORE.dll
0x00007fff0f080000 - 0x00007fff0f0d5000 	C:\Windows\System32\shlwapi.dll
0x00007fff0cb70000 - 0x00007fff0cb94000 	C:\Windows\SYSTEM32\profapi.dll
0x00007ffef8580000 - 0x00007ffef8593000 	C:\Program Files\Java\jdk-18.0.2.1\bin\net.dll
0x00007fff01000000 - 0x00007fff0110a000 	C:\Windows\SYSTEM32\WINHTTP.dll
0x00007fff0c2f0000 - 0x00007fff0c35a000 	C:\Windows\system32\mswsock.dll
0x00007ffeee690000 - 0x00007ffeee6a6000 	C:\Program Files\Java\jdk-18.0.2.1\bin\nio.dll
0x00007ffeee670000 - 0x00007ffeee688000 	C:\Program Files\Java\jdk-18.0.2.1\bin\zip.dll
0x00007fff06a20000 - 0x00007fff06a30000 	C:\Program Files\Java\jdk-18.0.2.1\bin\verify.dll
0x00007ffef7570000 - 0x00007ffef7597000 	C:\Users\Dell\.gradle\native\68d5fa5c4cc2d200863cafc0d521ce42e7d3e7ee720ec0a83991735586a16f82\windows-amd64\native-platform.dll
0x00007ffe98940000 - 0x00007ffe98a84000 	C:\Users\Dell\.gradle\native\e376f236ea51e6404a007f0833ffe2c6e607c4080706a723a18a27aeea778392\windows-amd64\native-platform-file-events.dll
0x00007fff07160000 - 0x00007fff07169000 	C:\Program Files\Java\jdk-18.0.2.1\bin\management.dll
0x00007fff07150000 - 0x00007fff0715b000 	C:\Program Files\Java\jdk-18.0.2.1\bin\management_ext.dll
0x00007fff0c4f0000 - 0x00007fff0c508000 	C:\Windows\SYSTEM32\CRYPTSP.dll
0x00007fff0bc10000 - 0x00007fff0bc44000 	C:\Windows\system32\rsaenh.dll
0x00007fff0cb20000 - 0x00007fff0cb4e000 	C:\Windows\SYSTEM32\USERENV.dll
0x00007fff0c4e0000 - 0x00007fff0c4ec000 	C:\Windows\SYSTEM32\CRYPTBASE.dll
0x00007fff0bfd0000 - 0x00007fff0c00b000 	C:\Windows\SYSTEM32\IPHLPAPI.DLL
0x00007fff0d5c0000 - 0x00007fff0d5c8000 	C:\Windows\System32\NSI.dll
0x00007fff01370000 - 0x00007fff01387000 	C:\Windows\SYSTEM32\dhcpcsvc6.DLL
0x00007fff01cf0000 - 0x00007fff01d0d000 	C:\Windows\SYSTEM32\dhcpcsvc.DLL
0x00007fff0c010000 - 0x00007fff0c0db000 	C:\Windows\SYSTEM32\DNSAPI.dll

dbghelp: loaded successfully - version: 4.0.5 - missing functions: none
symbol engine: initialized successfully - sym options: 0x614 - pdb path: .;C:\Program Files\Java\jdk-18.0.2.1\bin;C:\Windows\SYSTEM32;C:\Windows\WinSxS\amd64_microsoft.windows.common-controls_6595b64144ccf1df_6.0.19041.4355_none_60b8b9eb71f62e16;C:\Program Files\Java\jdk-18.0.2.1\bin\server;C:\Users\Dell\.gradle\native\68d5fa5c4cc2d200863cafc0d521ce42e7d3e7ee720ec0a83991735586a16f82\windows-amd64;C:\Users\Dell\.gradle\native\e376f236ea51e6404a007f0833ffe2c6e607c4080706a723a18a27aeea778392\windows-amd64

VM Arguments:
jvm_args: -XX:MaxMetaspaceSize=512m --add-opens=java.base/java.util=ALL-UNNAMED --add-opens=java.base/java.lang=ALL-UNNAMED --add-opens=java.base/java.lang.invoke=ALL-UNNAMED --add-opens=java.prefs/java.util.prefs=ALL-UNNAMED --add-opens=java.base/java.nio.charset=ALL-UNNAMED --add-opens=java.base/java.net=ALL-UNNAMED --add-opens=java.base/java.util.concurrent.atomic=ALL-UNNAMED -Xmx2048m -Dfile.encoding=utf8 -Duser.country=GB -Duser.language=en -Duser.variant 
java_command: org.gradle.launcher.daemon.bootstrap.GradleDaemon 8.0.1
java_class_path (initial): C:\Users\Dell\.gradle\wrapper\dists\gradle-8.0.1-all\aro4hu1c3oeioove7l0i4i14o\gradle-8.0.1\lib\gradle-launcher-8.0.1.jar
Launcher Type: SUN_STANDARD

[Global flags]
     intx CICompilerCount                          = 3                                         {product} {ergonomic}
   size_t CompressedClassSpaceSize                 = 432013312                                 {product} {ergonomic}
     uint ConcGCThreads                            = 1                                         {product} {ergonomic}
     uint G1ConcRefinementThreads                  = 4                                         {product} {ergonomic}
   size_t G1HeapRegionSize                         = 1048576                                   {product} {ergonomic}
    uintx GCDrainStackTargetSize                   = 64                                        {product} {ergonomic}
   size_t InitialHeapSize                          = 134217728                                 {product} {ergonomic}
   size_t MarkStackSize                            = 4194304                                   {product} {ergonomic}
   size_t MaxHeapSize                              = 2147483648                                {product} {command line}
   size_t MaxMetaspaceSize                         = 536870912                                 {product} {command line}
   size_t MaxNewSize                               = 1287651328                                {product} {ergonomic}
   size_t MinHeapDeltaBytes                        = 1048576                                   {product} {ergonomic}
   size_t MinHeapSize                              = 8388608                                   {product} {ergonomic}
    uintx NonNMethodCodeHeapSize                   = 5832780                                {pd product} {ergonomic}
    uintx NonProfiledCodeHeapSize                  = 122912730                              {pd product} {ergonomic}
    uintx ProfiledCodeHeapSize                     = 122912730                              {pd product} {ergonomic}
    uintx ReservedCodeCacheSize                    = 251658240                              {pd product} {ergonomic}
     bool SegmentedCodeCache                       = true                                      {product} {ergonomic}
   size_t SoftMaxHeapSize                          = 2147483648                             {manageable} {ergonomic}
     bool UseCompressedClassPointers               = true                           {product lp64_product} {ergonomic}
     bool UseCompressedOops                        = true                           {product lp64_product} {ergonomic}
     bool UseG1GC                                  = true                                      {product} {ergonomic}
     bool UseLargePagesIndividualAllocation        = false                                  {pd product} {ergonomic}

Logging:
Log output configuration:
 #0: stdout all=warning uptime,level,tags foldmultilines=false
 #1: stderr all=off uptime,level,tags foldmultilines=false

Environment Variables:
JAVA_HOME=C:\Program Files\Java\jdk-18.0.2.1
PATH=C:\Program Files\Common Files\Oracle\Java\javapath;C:\Program Files\Java\jdk1.8.0_341\bin;C:\Program Files\nodejs\;C:\Program Files\Git\cmd;C:\Users\Dell\AppData\Local\Microsoft\WindowsApps;D:\vs code\Microsoft VS Code\bin;D:\Java\IntelliJ IDEA Community Edition 2022.3.1\bin;C:\Users\Dell\AppData\Roaming\npm
USERNAME=Dell
OS=Windows_NT
PROCESSOR_IDENTIFIER=Intel64 Family 6 Model 78 Stepping 3, GenuineIntel



---------------  S Y S T E M  ---------------

OS:
 Windows 10 , 64 bit Build 19041 (10.0.19041.3636)
OS uptime: 15 days 7:12 hours

CPU: total 4 (initial active 4) (2 cores per cpu, 2 threads per core) family 6 model 78 stepping 3 microcode 0xf0, cx8, cmov, fxsr, ht, mmx, 3dnowpref, sse, sse2, sse3, ssse3, sse4.1, sse4.2, popcnt, lzcnt, tsc, tscinvbit, avx, avx2, aes, erms, clmul, bmi1, bmi2, rtm, adx, fma, vzeroupper, clflush, clflushopt

Memory: 4k page, system-wide physical 8087M (363M free)
TotalPageFile size 20710M (AvailPageFile size 38M)
current process WorkingSet (physical memory assigned to process): 194M, peak: 194M
current process commit charge ("private bytes"): 267M, peak: 272M

vm_info: Java HotSpot(TM) 64-Bit Server VM (18.0.2.1+1-1) for windows-amd64 JRE (18.0.2.1+1-1), built on Aug 16 2022 01:46:33 by "mach5one" with MS VC++ 16.8 / 16.9 (VS2019)

END.
